2023-03-06 13:33:37,945 [INFO] Activator:178 - 


2023-03-06 13:33:37,948 [INFO] Activator:179 - !SESSION log4j initialized
2023-03-06 13:34:14,841 [INFO] ApplicationProperties:181 - Using Application install path: C:\ST\STM32CubeIDE_1.4.0\STM32CubeIDE\plugins\com.st.stm32cube.common.mx_6.0.0.202007160824
2023-03-06 13:34:14,857 [INFO] DbMcusXml:70 - Set database path to: C:\ST\STM32CubeIDE_1.4.0\STM32CubeIDE\plugins\com.st.stm32cube.common.mx_6.0.0.202007160824\\db\/mcu/
2023-03-06 13:34:14,861 [INFO] DbBoardsPdsc:56 - Set plugin database path to: C:\ST\STM32CubeIDE_1.4.0\STM32CubeIDE\plugins\com.st.stm32cube.common.mx_6.0.0.202007160824\\db\/plugins/boardmanager/
2023-03-06 13:34:14,861 [INFO] DbMcus:258 - Set plugin images path to: C:\ST\STM32CubeIDE_1.4.0\STM32CubeIDE\plugins\com.st.stm32cube.common.mx_6.0.0.202007160824\\db\/plugins/mcufinder/images/
2023-03-06 13:34:14,862 [INFO] DbBoards:264 - Set plugin images path to: C:\ST\STM32CubeIDE_1.4.0\STM32CubeIDE\plugins\com.st.stm32cube.common.mx_6.0.0.202007160824\\db\/plugins/mcufinder/images/
2023-03-06 13:34:14,865 [INFO] DbExamples:326 - Set plugin images path to: C:\ST\STM32CubeIDE_1.4.0\STM32CubeIDE\plugins\com.st.stm32cube.common.mx_6.0.0.202007160824\\db\/plugins/mcufinder/images/
2023-03-06 13:34:14,875 [INFO] DbMcusDocs:112 - Set database path to: C:\Users\20102\.stmcufinder\plugins\mcufinder//mcu/
2023-03-06 13:34:14,878 [INFO] DbMcusJson:63 - Set database path to: C:\Users\20102\.stmcufinder\plugins\mcufinder//mcu/
2023-03-06 13:34:14,879 [INFO] DbBoardsDocs:112 - Set database path to: C:\Users\20102\.stmcufinder\plugins\mcufinder//mcu/
2023-03-06 13:34:14,882 [INFO] DbBoardsJson:56 - Set database path to: C:\Users\20102\.stmcufinder\plugins\mcufinder//mcu/
2023-03-06 13:34:14,886 [INFO] CrossReferenceDbSqlite:196 - Set database path to: C:\Users\20102\.stmcufinder\plugins\mcufinder//mcu/cs/
2023-03-06 13:34:14,890 [INFO] DbExamplesSqlite:800 - Set database path to: C:\Users\20102\.stmcufinder\plugins\mcufinder//mcu/
2023-03-06 13:34:15,041 [INFO] RulesReader:52 - Compatibility file has been processed (209 Rules)
2023-03-06 13:34:15,157 [INFO] MicroXplorer:564 - Detected Java Version = 1.8.0_252
2023-03-06 13:34:15,157 [INFO] DbMcusXml:70 - Set database path to: C:\ST\STM32CubeIDE_1.4.0\STM32CubeIDE\plugins\com.st.stm32cube.common.mx_6.0.0.202007160824\\db\/mcu/
2023-03-06 13:34:15,157 [INFO] DbBoardsPdsc:56 - Set plugin database path to: C:\ST\STM32CubeIDE_1.4.0\STM32CubeIDE\plugins\com.st.stm32cube.common.mx_6.0.0.202007160824\\db\/plugins/boardmanager/
2023-03-06 13:34:15,158 [INFO] DbMcus:258 - Set plugin images path to: C:\ST\STM32CubeIDE_1.4.0\STM32CubeIDE\plugins\com.st.stm32cube.common.mx_6.0.0.202007160824\\db\/plugins/mcufinder/images/
2023-03-06 13:34:15,159 [INFO] DbBoards:264 - Set plugin images path to: C:\ST\STM32CubeIDE_1.4.0\STM32CubeIDE\plugins\com.st.stm32cube.common.mx_6.0.0.202007160824\\db\/plugins/mcufinder/images/
2023-03-06 13:34:15,159 [INFO] DbExamples:326 - Set plugin images path to: C:\ST\STM32CubeIDE_1.4.0\STM32CubeIDE\plugins\com.st.stm32cube.common.mx_6.0.0.202007160824\\db\/plugins/mcufinder/images/
2023-03-06 13:34:15,160 [WARN] DbFile:36 - Overriding database path with different value: C:\Users\20102\.stmcufinder\plugins\mcufinder/ => C:\Users\20102\.stmcufinder\plugins\mcufinder
2023-03-06 13:34:15,160 [INFO] DbMcusDocs:112 - Set database path to: C:\Users\20102\.stmcufinder\plugins\mcufinder//mcu/
2023-03-06 13:34:15,160 [WARN] DbFile:36 - Overriding database path with different value: C:\Users\20102\.stmcufinder\plugins\mcufinder/ => C:\Users\20102\.stmcufinder\plugins\mcufinder
2023-03-06 13:34:15,160 [INFO] DbMcusJson:63 - Set database path to: C:\Users\20102\.stmcufinder\plugins\mcufinder//mcu/
2023-03-06 13:34:15,161 [WARN] DbFile:36 - Overriding database path with different value: C:\Users\20102\.stmcufinder\plugins\mcufinder/ => C:\Users\20102\.stmcufinder\plugins\mcufinder
2023-03-06 13:34:15,161 [INFO] DbBoardsDocs:112 - Set database path to: C:\Users\20102\.stmcufinder\plugins\mcufinder//mcu/
2023-03-06 13:34:15,161 [WARN] DbFile:36 - Overriding database path with different value: C:\Users\20102\.stmcufinder\plugins\mcufinder/ => C:\Users\20102\.stmcufinder\plugins\mcufinder
2023-03-06 13:34:15,161 [INFO] DbBoardsJson:56 - Set database path to: C:\Users\20102\.stmcufinder\plugins\mcufinder//mcu/
2023-03-06 13:34:15,161 [WARN] DbFile:36 - Overriding database path with different value: C:\Users\20102\.stmcufinder\plugins\mcufinder/ => C:\Users\20102\.stmcufinder\plugins\mcufinder
2023-03-06 13:34:15,162 [WARN] DbFile:36 - Overriding database path with different value: C:\Users\20102\.stmcufinder\plugins\mcufinder/ => C:\Users\20102\.stmcufinder\plugins\mcufinder
2023-03-06 13:34:15,162 [INFO] CrossReferenceDbSqlite:196 - Set database path to: C:\Users\20102\.stmcufinder\plugins\mcufinder//mcu/cs/
2023-03-06 13:34:15,162 [WARN] DbFile:36 - Overriding database path with different value: C:\Users\20102\.stmcufinder\plugins\mcufinder/ => C:\Users\20102\.stmcufinder\plugins\mcufinder
2023-03-06 13:34:15,162 [INFO] DbExamplesSqlite:800 - Set database path to: C:\Users\20102\.stmcufinder\plugins\mcufinder//mcu/
2023-03-06 13:34:15,246 [INFO] MainPanel:189 - HeapMemory: 268435456
2023-03-06 13:34:15,343 [INFO] DbMcusXml:70 - Set database path to: C:\ST\STM32CubeIDE_1.4.0\STM32CubeIDE\plugins\com.st.stm32cube.common.mx_6.0.0.202007160824\\db\/mcu/
2023-03-06 13:34:15,343 [INFO] DbBoardsPdsc:56 - Set plugin database path to: C:\ST\STM32CubeIDE_1.4.0\STM32CubeIDE\plugins\com.st.stm32cube.common.mx_6.0.0.202007160824\\db\/plugins/boardmanager/
2023-03-06 13:34:15,343 [INFO] DbMcus:258 - Set plugin images path to: C:\ST\STM32CubeIDE_1.4.0\STM32CubeIDE\plugins\com.st.stm32cube.common.mx_6.0.0.202007160824\\db\/plugins/mcufinder/images/
2023-03-06 13:34:15,344 [INFO] DbBoards:264 - Set plugin images path to: C:\ST\STM32CubeIDE_1.4.0\STM32CubeIDE\plugins\com.st.stm32cube.common.mx_6.0.0.202007160824\\db\/plugins/mcufinder/images/
2023-03-06 13:34:15,344 [INFO] DbExamples:326 - Set plugin images path to: C:\ST\STM32CubeIDE_1.4.0\STM32CubeIDE\plugins\com.st.stm32cube.common.mx_6.0.0.202007160824\\db\/plugins/mcufinder/images/
2023-03-06 13:34:15,344 [WARN] DbFile:36 - Overriding database path with different value: C:\Users\20102\.stmcufinder\plugins\mcufinder/ => C:\Users\20102\.stmcufinder\plugins\mcufinder
2023-03-06 13:34:15,345 [INFO] DbMcusDocs:112 - Set database path to: C:\Users\20102\.stmcufinder\plugins\mcufinder//mcu/
2023-03-06 13:34:15,345 [WARN] DbFile:36 - Overriding database path with different value: C:\Users\20102\.stmcufinder\plugins\mcufinder/ => C:\Users\20102\.stmcufinder\plugins\mcufinder
2023-03-06 13:34:15,345 [INFO] DbMcusJson:63 - Set database path to: C:\Users\20102\.stmcufinder\plugins\mcufinder//mcu/
2023-03-06 13:34:15,345 [WARN] DbFile:36 - Overriding database path with different value: C:\Users\20102\.stmcufinder\plugins\mcufinder/ => C:\Users\20102\.stmcufinder\plugins\mcufinder
2023-03-06 13:34:15,346 [INFO] DbBoardsDocs:112 - Set database path to: C:\Users\20102\.stmcufinder\plugins\mcufinder//mcu/
2023-03-06 13:34:15,346 [WARN] DbFile:36 - Overriding database path with different value: C:\Users\20102\.stmcufinder\plugins\mcufinder/ => C:\Users\20102\.stmcufinder\plugins\mcufinder
2023-03-06 13:34:15,346 [INFO] DbBoardsJson:56 - Set database path to: C:\Users\20102\.stmcufinder\plugins\mcufinder//mcu/
2023-03-06 13:34:15,346 [WARN] DbFile:36 - Overriding database path with different value: C:\Users\20102\.stmcufinder\plugins\mcufinder/ => C:\Users\20102\.stmcufinder\plugins\mcufinder
2023-03-06 13:34:15,346 [WARN] DbFile:36 - Overriding database path with different value: C:\Users\20102\.stmcufinder\plugins\mcufinder/ => C:\Users\20102\.stmcufinder\plugins\mcufinder
2023-03-06 13:34:15,346 [INFO] CrossReferenceDbSqlite:196 - Set database path to: C:\Users\20102\.stmcufinder\plugins\mcufinder//mcu/cs/
2023-03-06 13:34:15,346 [WARN] DbFile:36 - Overriding database path with different value: C:\Users\20102\.stmcufinder\plugins\mcufinder/ => C:\Users\20102\.stmcufinder\plugins\mcufinder
2023-03-06 13:34:15,347 [INFO] DbExamplesSqlite:800 - Set database path to: C:\Users\20102\.stmcufinder\plugins\mcufinder//mcu/
2023-03-06 13:34:15,370 [INFO] ApplicationProperties:181 - Using Application install path: C:\ST\STM32CubeIDE_1.4.0\STM32CubeIDE\plugins\com.st.stm32cube.common.mx_6.0.0.202007160824
2023-03-06 13:34:15,371 [INFO] PluginManage:178 - Search for loadable plugins [exclusion list=, ]
2023-03-06 13:34:15,373 [INFO] PluginManage:292 - Check plugin analytics
2023-03-06 13:34:15,572 [INFO] AnalyticsPlugin:203 - Accepted Software Licenses: 
2023-03-06 13:34:15,572 [INFO] AnalyticsPlugin:205 - Accepted CMSIS Pack Licenses: 
2023-03-06 13:34:15,573 [INFO] AnalyticsPlugin:207 - Accepted Firmware Licenses: 
2023-03-06 13:34:15,573 [INFO] PluginManage:342 - Loaded plugin analytics (category:tool,tabindex:-1)
2023-03-06 13:34:15,574 [INFO] PluginManage:292 - Check plugin clock
2023-03-06 13:34:15,604 [INFO] PluginManage:342 - Loaded plugin clock (category:base,tabindex:2)
2023-03-06 13:34:15,604 [INFO] PluginManage:292 - Check plugin ddr
2023-03-06 13:34:15,607 [INFO] PluginManage:342 - Loaded plugin ddr (category:tool,tabindex:6)
2023-03-06 13:34:15,607 [INFO] PluginManage:292 - Check plugin filemanager
2023-03-06 13:34:15,757 [INFO] PluginManage:342 - Loaded plugin filemanager (category:base,tabindex:10)
2023-03-06 13:34:15,757 [INFO] PluginManage:292 - Check plugin ipmanager
2023-03-06 13:34:15,769 [INFO] PluginManage:342 - Loaded plugin ipmanager (category:base,tabindex:5)
2023-03-06 13:34:15,770 [INFO] PluginManage:292 - Check plugin pinoutandconfiguration
2023-03-06 13:34:15,791 [INFO] PluginManage:342 - Loaded plugin pinoutandconfiguration (category:base,tabindex:1)
2023-03-06 13:34:15,791 [INFO] PluginManage:292 - Check plugin pinoutconfig
2023-03-06 13:34:15,832 [INFO] PluginManage:342 - Loaded plugin pinoutconfig (category:base,tabindex:0)
2023-03-06 13:34:15,832 [INFO] PluginManage:292 - Check plugin power
2023-03-06 13:34:15,854 [INFO] PluginManage:342 - Loaded plugin power (category:power,tabindex:4)
2023-03-06 13:34:15,855 [INFO] PluginManage:292 - Check plugin projectmanager
2023-03-06 13:34:15,871 [INFO] PluginManage:342 - Loaded plugin projectmanager (category:projectmanager,tabindex:3)
2023-03-06 13:34:15,871 [INFO] PluginManage:292 - Check plugin thirdparty
2023-03-06 13:34:16,096 [INFO] ThirdPartyDb:333 - Open Third Party DataBase File (C:/Users/20102/.stm32cubemx/plugins/thirdparty/db/thirdparties_db.xml) : 86 ms. number of Sw pack : 63
2023-03-06 13:34:16,101 [INFO] PluginManage:342 - Loaded plugin thirdparty (category:base,tabindex:-1)
2023-03-06 13:34:16,102 [INFO] PluginManage:292 - Check plugin tools
2023-03-06 13:34:16,156 [INFO] PluginManage:342 - Loaded plugin tools (category:base,tabindex:7)
2023-03-06 13:34:16,156 [INFO] PluginManage:292 - Check plugin tutovideos
2023-03-06 13:34:16,426 [INFO] PluginManage:342 - Loaded plugin tutovideos (category:base,tabindex:-1)
2023-03-06 13:34:16,427 [INFO] PluginManage:292 - Check plugin updater
2023-03-06 13:34:16,443 [INFO] PluginManage:342 - Loaded plugin updater (category:base,tabindex:12)
2023-03-06 13:34:16,444 [INFO] PluginManage:265 - PluginManage : Loaded plugins [13]
2023-03-06 13:34:16,663 [INFO] PinOutPanel:1418 - setPackage(No Configuration,No Configuration)
2023-03-06 13:34:16,794 [INFO] IPUIPlugin:64 - create IPUIPlugin
2023-03-06 13:34:16,794 [INFO] PluginManager:200 - loadIPPluginJar : add adc
2023-03-06 13:34:16,847 [INFO] IPUIPlugin:64 - create IPUIPlugin
2023-03-06 13:34:16,848 [INFO] PluginManager:200 - loadIPPluginJar : add aes
2023-03-06 13:34:16,900 [INFO] IPUIPlugin:64 - create IPUIPlugin
2023-03-06 13:34:16,900 [INFO] PluginManager:200 - loadIPPluginJar : add can
2023-03-06 13:34:16,930 [INFO] IPUIPlugin:64 - create IPUIPlugin
2023-03-06 13:34:16,931 [INFO] PluginManager:200 - loadIPPluginJar : add comp
2023-03-06 13:34:16,969 [INFO] IPUIPlugin:64 - create IPUIPlugin
2023-03-06 13:34:16,969 [INFO] PluginManager:200 - loadIPPluginJar : add cryp
2023-03-06 13:34:17,006 [INFO] IPUIPlugin:64 - create IPUIPlugin
2023-03-06 13:34:17,006 [INFO] PluginManager:200 - loadIPPluginJar : add dfsdm
2023-03-06 13:34:17,021 [INFO] IPUIPlugin:64 - create IPUIPlugin
2023-03-06 13:34:17,022 [INFO] PluginManager:200 - loadIPPluginJar : add dma
2023-03-06 13:34:17,049 [INFO] IPUIPlugin:64 - create IPUIPlugin
2023-03-06 13:34:17,050 [INFO] PluginManager:200 - loadIPPluginJar : add fatfs
2023-03-06 13:34:17,105 [INFO] IPUIPlugin:64 - create IPUIPlugin
2023-03-06 13:34:17,105 [INFO] PluginManager:200 - loadIPPluginJar : add fmc
2023-03-06 13:34:17,121 [INFO] IPUIPlugin:64 - create IPUIPlugin
2023-03-06 13:34:17,121 [INFO] PluginManager:200 - loadIPPluginJar : add freertos
2023-03-06 13:34:17,149 [INFO] IPUIPlugin:64 - create IPUIPlugin
2023-03-06 13:34:17,149 [INFO] PluginManager:200 - loadIPPluginJar : add genericplugin
2023-03-06 13:34:17,239 [INFO] IPUIPlugin:64 - create IPUIPlugin
2023-03-06 13:34:17,240 [INFO] PluginManager:200 - loadIPPluginJar : add gfxmmu
2023-03-06 13:34:17,441 [INFO] IPUIPlugin:64 - create IPUIPlugin
2023-03-06 13:34:17,441 [INFO] PluginManager:200 - loadIPPluginJar : add gic
2023-03-06 13:34:17,458 [INFO] IPUIPlugin:64 - create IPUIPlugin
2023-03-06 13:34:17,459 [INFO] PluginManager:200 - loadIPPluginJar : add gpio
2023-03-06 13:34:17,537 [INFO] IPUIPlugin:64 - create IPUIPlugin
2023-03-06 13:34:17,537 [INFO] PluginManager:200 - loadIPPluginJar : add gtzc
2023-03-06 13:34:17,571 [INFO] IPUIPlugin:64 - create IPUIPlugin
2023-03-06 13:34:17,572 [INFO] PluginManager:200 - loadIPPluginJar : add hash
2023-03-06 13:34:17,628 [INFO] IPUIPlugin:64 - create IPUIPlugin
2023-03-06 13:34:17,628 [INFO] PluginManager:200 - loadIPPluginJar : add i2c
2023-03-06 13:34:17,673 [INFO] IPUIPlugin:64 - create IPUIPlugin
2023-03-06 13:34:17,673 [INFO] PluginManager:200 - loadIPPluginJar : add i2s
2023-03-06 13:34:17,685 [INFO] IPUIPlugin:64 - create IPUIPlugin
2023-03-06 13:34:17,686 [INFO] PluginManager:200 - loadIPPluginJar : add ipddr
2023-03-06 13:34:17,728 [INFO] IPUIPlugin:64 - create IPUIPlugin
2023-03-06 13:34:17,728 [INFO] PluginManager:200 - loadIPPluginJar : add ltdc
2023-03-06 13:34:17,741 [INFO] IPUIPlugin:64 - create IPUIPlugin
2023-03-06 13:34:17,741 [INFO] PluginManager:200 - loadIPPluginJar : add mdma
2023-03-06 13:34:17,753 [INFO] IPUIPlugin:64 - create IPUIPlugin
2023-03-06 13:34:17,753 [INFO] PluginManager:200 - loadIPPluginJar : add nvic
2023-03-06 13:34:17,792 [INFO] IPUIPlugin:64 - create IPUIPlugin
2023-03-06 13:34:17,793 [INFO] PluginManager:200 - loadIPPluginJar : add opamp
2023-03-06 13:34:17,859 [INFO] IPUIPlugin:64 - create IPUIPlugin
2023-03-06 13:34:17,860 [INFO] PluginManager:200 - loadIPPluginJar : add openamp
2023-03-06 13:34:17,909 [INFO] IPUIPlugin:64 - create IPUIPlugin
2023-03-06 13:34:17,909 [INFO] PluginManager:200 - loadIPPluginJar : add pdm2pcm
2023-03-06 13:34:17,925 [INFO] IPUIPlugin:64 - create IPUIPlugin
2023-03-06 13:34:17,928 [INFO] PluginManager:200 - loadIPPluginJar : add plateformsettings
2023-03-06 13:34:17,956 [INFO] IPUIPlugin:64 - create IPUIPlugin
2023-03-06 13:34:17,956 [INFO] PluginManager:200 - loadIPPluginJar : add quadspi
2023-03-06 13:34:17,970 [INFO] IPUIPlugin:64 - create IPUIPlugin
2023-03-06 13:34:17,970 [INFO] PluginManager:200 - loadIPPluginJar : add resmgrutility
2023-03-06 13:34:18,028 [INFO] IPUIPlugin:64 - create IPUIPlugin
2023-03-06 13:34:18,029 [INFO] PluginManager:200 - loadIPPluginJar : add sai
2023-03-06 13:34:18,071 [INFO] IPUIPlugin:64 - create IPUIPlugin
2023-03-06 13:34:18,072 [INFO] PluginManager:200 - loadIPPluginJar : add spi
2023-03-06 13:34:18,125 [INFO] IPUIPlugin:64 - create IPUIPlugin
2023-03-06 13:34:18,125 [INFO] PluginManager:200 - loadIPPluginJar : add stm32_wpan
2023-03-06 13:34:18,156 [INFO] IPUIPlugin:64 - create IPUIPlugin
2023-03-06 13:34:18,157 [INFO] PluginManager:200 - loadIPPluginJar : add tim
2023-03-06 13:34:18,224 [INFO] IPUIPlugin:64 - create IPUIPlugin
2023-03-06 13:34:18,224 [INFO] PluginManager:200 - loadIPPluginJar : add touchsensing
2023-03-06 13:34:18,255 [INFO] IPUIPlugin:64 - create IPUIPlugin
2023-03-06 13:34:18,255 [INFO] PluginManager:200 - loadIPPluginJar : add tracer_emb
2023-03-06 13:34:18,289 [INFO] IPUIPlugin:64 - create IPUIPlugin
2023-03-06 13:34:18,289 [INFO] PluginManager:200 - loadIPPluginJar : add ts
2023-03-06 13:34:18,318 [INFO] IPUIPlugin:64 - create IPUIPlugin
2023-03-06 13:34:18,319 [INFO] PluginManager:200 - loadIPPluginJar : add tsc
2023-03-06 13:34:18,353 [INFO] IPUIPlugin:64 - create IPUIPlugin
2023-03-06 13:34:18,353 [INFO] PluginManager:200 - loadIPPluginJar : add ucpd
2023-03-06 13:34:18,402 [INFO] IPUIPlugin:64 - create IPUIPlugin
2023-03-06 13:34:18,402 [INFO] PluginManager:200 - loadIPPluginJar : add usart
2023-03-06 13:34:18,994 [INFO] CubeProgrammer:457 - [DDR PANEL] - PathOfProgrammer: null
2023-03-06 13:34:19,892 [FATAL] Updater:282 - Updater called before beeing initialized
2023-03-06 13:34:20,081 [FATAL] Updater:282 - Updater called before beeing initialized
2023-03-06 13:34:20,082 [WARN] ThirdParty:775 - waiting for thirdparty lock release [close project]
2023-03-06 13:34:20,082 [INFO] ThirdParty:777 - entering critical section [close project]
2023-03-06 13:34:20,083 [INFO] ThirdParty:790 - exiting critical section [close project]
2023-03-06 13:34:20,087 [INFO] PinOutPanel:1418 - setPackage(No Configuration,No Configuration)
2023-03-06 13:34:20,087 [FATAL] Updater:282 - Updater called before beeing initialized
2023-03-06 13:34:20,100 [ERROR] Updater:967 - MainUpdater not yet initialized. External WinMGr cannot be set.
2023-03-06 13:34:20,101 [INFO] CubeProgrammer:457 - [DDR PANEL] - PathOfProgrammer: C:\ST\STM32CubeIDE_1.4.0\STM32CubeIDE\plugins\com.st.stm32cube.ide.mcu.externaltools.cubeprogrammer.win32_1.4.0.202007081208\tools\bin
2023-03-06 13:34:20,106 [INFO] ProgrammerExecThread:148 - [ProgrammerAPI] CubeProgrammer command construction: C:\ST\STM32CubeIDE_1.4.0\STM32CubeIDE\plugins\com.st.stm32cube.ide.mcu.externaltools.cubeprogrammer.win32_1.4.0.202007081208\tools\bin\STM32_Programmer_CLI.exe -l
2023-03-06 13:34:20,440 [INFO] MainDdrPanel:49 - [DDR PANEL] SETTER - Set cubeProgrammerPath to: C:\ST\STM32CubeIDE_1.4.0\STM32CubeIDE\plugins\com.st.stm32cube.ide.mcu.externaltools.cubeprogrammer.win32_1.4.0.202007081208\tools\bin
2023-03-06 13:34:20,552 [INFO] Updater:904 - Updater Version found : 6.0.0
2023-03-06 13:34:20,576 [INFO] ApplicationProperties:181 - Using Application install path: C:\ST\STM32CubeIDE_1.4.0\STM32CubeIDE\plugins\com.st.stm32cube.common.mx_6.0.0.202007160824
2023-03-06 13:34:21,000 [INFO] MainUpdater:2268 - connection check result : 10
2023-03-06 13:34:21,001 [INFO] MainUpdater:2935 - Updater definition file requires update
2023-03-06 13:34:21,003 [INFO] MainUpdater:239 - Updater Check For Update Now.
2023-03-06 13:34:21,004 [INFO] MicroXplorer:414 - Change Database Version : DB.6.0.0
2023-03-06 13:34:21,369 [INFO] ServerAccessManage:348 - Download File updaters.zip
2023-03-06 13:34:21,582 [INFO] FileExtend:225 - Unzip File : updaters.zip
2023-03-06 13:34:21,582 [INFO] FileExtend:240 - Standard Zip Deflate
2023-03-06 13:34:22,116 [WARN] IntegrityCheckThread:61 - waiting for thirdparty lock release [integrity check]
2023-03-06 13:34:22,116 [INFO] IntegrityCheckThread:63 - entering critical section [integrity check]
2023-03-06 13:34:22,117 [WARN] MainUpdater:1087 - Updater busy. Cannot search thirdparties
2023-03-06 13:34:22,479 [INFO] ServerAccessManage:348 - Download File PacksControlFlags.xml
2023-03-06 13:34:22,928 [INFO] ServerAccessManage:348 - Download File cubemx.pidx
2023-03-06 13:34:23,161 [INFO] LoadServerUpdatesThread:309 - End of LoadServerUpdate Thread
2023-03-06 13:34:23,231 [INFO] CheckServerUpdateThread:102 - End of CheckServer Thread
2023-03-06 13:34:23,323 [INFO] MainUpdater:2268 - connection check result : 10
2023-03-06 13:34:23,624 [INFO] ServerAccessManage:348 - Download File mcusDocs.json._tmp_
2023-03-06 13:34:23,783 [INFO] LoadUrlFilesThread:135 - End of LoadUrlFiles Thread
2023-03-06 13:34:23,870 [INFO] ServerAccessManage:348 - Download File mcusFeaturesAndDescription.json._tmp_
2023-03-06 13:34:25,126 [WARN] MainUpdater:1087 - Updater busy. Cannot search thirdparties
2023-03-06 13:34:26,529 [INFO] LoadUrlFilesThread:135 - End of LoadUrlFiles Thread
2023-03-06 13:34:26,608 [INFO] ServerAccessManage:348 - Download File boardsDocs.json._tmp_
2023-03-06 13:34:26,633 [INFO] LoadUrlFilesThread:135 - End of LoadUrlFiles Thread
2023-03-06 13:34:26,707 [INFO] ServerAccessManage:348 - Download File boards.json._tmp_
2023-03-06 13:34:26,856 [INFO] LoadUrlFilesThread:135 - End of LoadUrlFiles Thread
2023-03-06 13:34:27,200 [INFO] ServerAccessManage:348 - Download File cube-finder-db.zip
2023-03-06 13:34:28,129 [WARN] MainUpdater:1087 - Updater busy. Cannot search thirdparties
2023-03-06 13:34:31,134 [WARN] MainUpdater:1087 - Updater busy. Cannot search thirdparties
2023-03-06 13:34:34,136 [WARN] MainUpdater:1087 - Updater busy. Cannot search thirdparties
2023-03-06 13:34:36,370 [INFO] FileExtend:225 - Unzip File : cube-finder-db.zip
2023-03-06 13:34:36,374 [INFO] FileExtend:240 - Standard Zip Deflate
2023-03-06 13:34:37,140 [WARN] MainUpdater:1087 - Updater busy. Cannot search thirdparties
2023-03-06 13:34:37,159 [INFO] LoadUrlFilesThread:135 - End of LoadUrlFiles Thread
2023-03-06 13:34:38,390 [INFO] ServerAccessManage:348 - Download File crdb.zip
2023-03-06 13:34:38,946 [INFO] FileExtend:225 - Unzip File : crdb.zip
2023-03-06 13:34:38,948 [INFO] FileExtend:240 - Standard Zip Deflate
2023-03-06 13:34:38,987 [INFO] LoadUrlFilesThread:135 - End of LoadUrlFiles Thread
2023-03-06 13:34:39,387 [INFO] ServerAccessManage:348 - Download File tutoVideoDB.zip
2023-03-06 13:34:39,497 [INFO] FileExtend:225 - Unzip File : tutoVideoDB.zip
2023-03-06 13:34:39,499 [INFO] FileExtend:240 - Standard Zip Deflate
2023-03-06 13:34:39,514 [INFO] LoadUrlFilesThread:135 - End of LoadUrlFiles Thread
2023-03-06 13:34:39,564 [INFO] DbMcusDocs:145 - JSON generation date=Tue Nov 16 18:17:54 EET 2021 (1637079474)
2023-03-06 13:34:39,566 [INFO] DbMcusXml:100 - Load MCU database from C:\ST\STM32CubeIDE_1.4.0\STM32CubeIDE\plugins\com.st.stm32cube.common.mx_6.0.0.202007160824\\db\/mcu/families.xml
2023-03-06 13:34:40,210 [INFO] DbMcusJson:92 - JSON generation date=Tue Nov 16 18:17:54 EET 2021 (1637079474)
2023-03-06 13:34:41,026 [INFO] DbMcus:175 - Found 1761 MCUs (1722 are supported by CubeMX, 1911 are visible in CubeMX)
2023-03-06 13:34:41,033 [INFO] ApiDb:201 - Load user favorites file C:\Users\20102/.stm32cubemx/favorites.mcus.txt: 0 item(s)
2023-03-06 13:34:41,034 [INFO] ApiDb:205 - User favorites MCUs=[]
2023-03-06 13:34:41,034 [INFO] DbMcus:187 - Set 0 / 0 favorites MCUs
2023-03-06 13:34:41,248 [INFO] ThirdPartyDb:299 - Save Third Party DataBase File (C:/Users/20102/.stm32cubemx/plugins/thirdparty/db/thirdparties_db.xml) [forced]
2023-03-06 13:34:41,333 [INFO] ThirdPartyDb:299 - Save Third Party DataBase File (C:/Users/20102/.stm32cubemx/plugins/thirdparty/db/thirdparties_db.xml) [forced]
2023-03-06 13:34:41,428 [INFO] IntegrityCheckThread:76 - exiting critical section [integrity check]
2023-03-06 13:34:41,428 [INFO] IntegrityCheckThread:79 - End integrity checks thread
2023-03-06 13:34:41,734 [INFO] DbMcusDocs:81 - Found 682 MCUs documents
2023-03-06 13:34:41,736 [INFO] ApiDb:226 - Save user favorites file C:\Users\20102/.stm32cubemx/favorites.mcus.txt: 0 item(s)
2023-03-06 13:34:41,736 [INFO] ApiDb:230 - User favorites MCUs=[]
2023-03-06 13:34:41,737 [INFO] DbMcusXml:100 - Load MCU database from C:\ST\STM32CubeIDE_1.4.0\STM32CubeIDE\plugins\com.st.stm32cube.common.mx_6.0.0.202007160824\\db\/mcu/families.xml
2023-03-06 13:34:42,131 [INFO] DbMcusJson:92 - JSON generation date=Tue Nov 16 18:17:54 EET 2021 (1637079474)
2023-03-06 13:34:42,493 [INFO] DbMcus:175 - Found 1761 MCUs (1722 are supported by CubeMX, 1911 are visible in CubeMX)
2023-03-06 13:34:42,494 [INFO] ApiDb:201 - Load user favorites file C:\Users\20102/.stm32cubemx/favorites.mcus.txt: 0 item(s)
2023-03-06 13:34:42,494 [INFO] ApiDb:205 - User favorites MCUs=[]
2023-03-06 13:34:42,494 [INFO] DbMcus:187 - Set 0 / 0 favorites MCUs
2023-03-06 13:34:42,501 [INFO] DbBoardsDocs:145 - JSON generation date=Tue Nov 16 18:17:54 EET 2021 (1637079474)
2023-03-06 13:34:42,530 [INFO] DbBoardsPdsc:94 - Found 23 items
2023-03-06 13:34:42,538 [INFO] DbBoardsPdsc:94 - Found 9 items
2023-03-06 13:34:42,550 [INFO] DbBoardsPdsc:94 - Found 29 items
2023-03-06 13:34:42,559 [INFO] DbBoardsPdsc:94 - Found 1 items
2023-03-06 13:34:42,573 [INFO] DbBoardsPdsc:94 - Found 44 items
2023-03-06 13:34:42,587 [INFO] DbBoardsPdsc:94 - Found 40 items
2023-03-06 13:34:42,597 [INFO] DbBoardsPdsc:94 - Found 2 items
2023-03-06 13:34:42,606 [INFO] DbBoardsPdsc:94 - Found 4 items
2023-03-06 13:34:42,612 [WARN] DbBoardsPdsc:258 - Board STM32H7B3I-DK: unknown feature type=Audio, name=, username=Audio stereo codec with Headphone Amp (CS42L51-CNZ), n=1
2023-03-06 13:34:42,612 [WARN] DbBoardsPdsc:258 - Board STM32H735G-DK: unknown feature type=Audio, name=, username=Audio stereo codec with Headphone Amp (WM8994ECS/R), n=1
2023-03-06 13:34:42,615 [WARN] DbBoardsPdsc:258 - Board STM32H7B3I-EVAL: unknown feature type=Audio, name=, username=Multi-Channel Audio Codec (CS42L51-CNZ), n=1
2023-03-06 13:34:42,615 [WARN] DbBoardsPdsc:258 - Board STM32H7B3I-EVAL: unknown feature type=Meter, name=, username=Power-metering and Temperature-monitoring with sigma-delta modulators, n=1
2023-03-06 13:34:42,615 [WARN] DbBoardsPdsc:258 - Board STM32H7B3I-EVAL: unknown feature type=Motor, name=, username=Motor Control, n=1
2023-03-06 13:34:42,631 [INFO] DbBoardsJson:85 - JSON generation date=Tue Nov 16 18:17:54 EET 2021 (1637079474)
2023-03-06 13:34:42,639 [INFO] DbBoards:117 - Found 166 boards (149 are supported by CubeMX)
2023-03-06 13:34:42,641 [INFO] DbBoardsDocs:145 - JSON generation date=Tue Nov 16 18:17:54 EET 2021 (1637079474)
2023-03-06 13:34:42,646 [INFO] DbBoardsDocs:81 - Found 209 boards documents
2023-03-06 13:34:42,648 [WARN] DbBoards:127 - board B-L475E-IOT01A2 has no document id list !
2023-03-06 13:34:42,649 [WARN] DbBoards:127 - board NUCLEO-H743ZI has no document id list !
2023-03-06 13:34:42,650 [WARN] DbBoards:127 - board P-NUCLEO-WB55-Nucleo has no document id list !
2023-03-06 13:34:42,651 [WARN] DbBoards:127 - board P-NUCLEO-WB55-USBDongle has no document id list !
2023-03-06 13:34:42,651 [WARN] DbBoards:127 - board STEVAL-BFA001V1B has no document id list !
2023-03-06 13:34:42,651 [WARN] DbBoards:127 - board STEVAL-BFA001V2B has no document id list !
2023-03-06 13:34:42,651 [WARN] DbBoards:127 - board STEVAL-IDP005V1 has no document id list !
2023-03-06 13:34:42,651 [WARN] DbBoards:127 - board STEVAL-IDP005V2 has no document id list !
2023-03-06 13:34:42,651 [WARN] DbBoards:127 - board STEVAL-MKSBOX1V1 has no document id list !
2023-03-06 13:34:42,651 [WARN] DbBoards:127 - board STEVAL-STWINKT1 has no document id list !
2023-03-06 13:34:42,651 [WARN] DbBoards:127 - board STEVAL-STWINKT1B has no document id list !
2023-03-06 13:34:42,652 [WARN] DbBoards:127 - board STM32439I-EVAL2 has no document id list !
2023-03-06 13:34:42,652 [WARN] DbBoards:127 - board STM32F401C-DISCO has no document id list !
2023-03-06 13:34:42,653 [WARN] DbBoards:127 - board STM32F769I-DISC1 has no document id list !
2023-03-06 13:34:42,654 [WARN] DbBoards:127 - board STM32G474E-EVAL1 has no document id list !
2023-03-06 13:34:42,654 [WARN] DbBoards:127 - board STM32H743I-EVAL2 has no document id list !
2023-03-06 13:34:42,654 [WARN] DbBoards:127 - board STM32H747I-DISC1 has no document id list !
2023-03-06 13:34:42,654 [WARN] DbBoards:127 - board STM32H753I-EVAL2 has no document id list !
2023-03-06 13:34:42,654 [WARN] DbBoards:127 - board STM32L-DISCOVERY has no document id list !
2023-03-06 13:34:42,733 [ERROR] DbBoards:189 - Image file not found for board B-L462E-CELL1: C:\ST\STM32CubeIDE_1.4.0\STM32CubeIDE\plugins\com.st.stm32cube.common.mx_6.0.0.202007160824\\db\/plugins/mcufinder/images/boards/B-L462E-CELL1_small.jpg
2023-03-06 13:34:42,776 [ERROR] DbBoards:189 - Image file not found for board B-U585I-IOT02A: C:\ST\STM32CubeIDE_1.4.0\STM32CubeIDE\plugins\com.st.stm32cube.common.mx_6.0.0.202007160824\\db\/plugins/mcufinder/images/boards/B-U585I-IOT02A_small.jpg
2023-03-06 13:34:42,862 [ERROR] DbBoards:189 - Image file not found for board NUCLEO-F413ZH: C:\ST\STM32CubeIDE_1.4.0\STM32CubeIDE\plugins\com.st.stm32cube.common.mx_6.0.0.202007160824\\db\/plugins/mcufinder/images/boards/nucleo-f413zh_small.jpg
2023-03-06 13:34:43,000 [ERROR] DbBoards:189 - Image file not found for board NUCLEO-L552ZE-Q: C:\ST\STM32CubeIDE_1.4.0\STM32CubeIDE\plugins\com.st.stm32cube.common.mx_6.0.0.202007160824\\db\/plugins/mcufinder/images/boards/nucleo_l552ze_q_small.jpg
2023-03-06 13:34:43,000 [ERROR] DbBoards:189 - Image file not found for board NUCLEO-U575ZI-Q: C:\ST\STM32CubeIDE_1.4.0\STM32CubeIDE\plugins\com.st.stm32cube.common.mx_6.0.0.202007160824\\db\/plugins/mcufinder/images/boards/nucleo-u575zi-q_small.jpg
2023-03-06 13:34:43,000 [ERROR] DbBoards:189 - Image file not found for board NUCLEO-WB15CC: C:\ST\STM32CubeIDE_1.4.0\STM32CubeIDE\plugins\com.st.stm32cube.common.mx_6.0.0.202007160824\\db\/plugins/mcufinder/images/boards/nucleo-wb15cc_small.jpg
2023-03-06 13:34:43,000 [ERROR] DbBoards:189 - Image file not found for board NUCLEO-WB55RG: C:\ST\STM32CubeIDE_1.4.0\STM32CubeIDE\plugins\com.st.stm32cube.common.mx_6.0.0.202007160824\\db\/plugins/mcufinder/images/boards/nucleo-wb55rg_small.jpg
2023-03-06 13:34:43,000 [ERROR] DbBoards:189 - Image file not found for board NUCLEO-WL55JC: C:\ST\STM32CubeIDE_1.4.0\STM32CubeIDE\plugins\com.st.stm32cube.common.mx_6.0.0.202007160824\\db\/plugins/mcufinder/images/boards/nucleo-wl55jc-small.jpg
2023-03-06 13:34:43,184 [ERROR] DbBoards:189 - Image file not found for board STEVAL-STWINKT1B: C:\ST\STM32CubeIDE_1.4.0\STM32CubeIDE\plugins\com.st.stm32cube.common.mx_6.0.0.202007160824\\db\/plugins/mcufinder/images/boards/steval-stwinkt1b_small.jpg
2023-03-06 13:34:43,550 [ERROR] DbBoards:189 - Image file not found for board STM32G0C1E-EV: C:\ST\STM32CubeIDE_1.4.0\STM32CubeIDE\plugins\com.st.stm32cube.common.mx_6.0.0.202007160824\\db\/plugins/mcufinder/images/boards/stm32g0c1e-eval_small.jpg
2023-03-06 13:34:43,644 [ERROR] DbBoards:189 - Image file not found for board STM32H7B3I-EVAL: C:\ST\STM32CubeIDE_1.4.0\STM32CubeIDE\plugins\com.st.stm32cube.common.mx_6.0.0.202007160824\\db\/plugins/mcufinder/images/boards/stm32h7b3ieval_small.jpg
2023-03-06 13:34:43,833 [ERROR] DbBoards:189 - Image file not found for board STM32U575I-EV: C:\ST\STM32CubeIDE_1.4.0\STM32CubeIDE\plugins\com.st.stm32cube.common.mx_6.0.0.202007160824\\db\/plugins/mcufinder/images/boards/stm32u575i-ev_small.jpg
2023-03-06 13:34:43,865 [ERROR] DbBoards:189 - Image file not found for board STM32WB5MM-DK: C:\ST\STM32CubeIDE_1.4.0\STM32CubeIDE\plugins\com.st.stm32cube.common.mx_6.0.0.202007160824\\db\/plugins/mcufinder/images/boards/STM32WB5MM-DK_small.jpg
2023-03-06 13:34:43,866 [INFO] ApiDb:201 - Load user favorites file C:\Users\20102/.stm32cubemx/favorites.boards.txt: 0 item(s)
2023-03-06 13:34:43,866 [INFO] ApiDb:205 - User favorites Boards=[]
2023-03-06 13:34:43,866 [INFO] DbBoards:206 - Set 0 / 0 favorites Boards
2023-03-06 13:34:43,869 [INFO] DbBoardsDocs:81 - Found 418 boards documents
2023-03-06 13:34:43,869 [INFO] ApiDb:226 - Save user favorites file C:\Users\20102/.stm32cubemx/favorites.boards.txt: 0 item(s)
2023-03-06 13:34:43,870 [INFO] ApiDb:230 - User favorites Boards=[]
2023-03-06 13:34:43,873 [INFO] DbBoardsPdsc:94 - Found 23 items
2023-03-06 13:34:43,875 [INFO] DbBoardsPdsc:94 - Found 9 items
2023-03-06 13:34:43,877 [INFO] DbBoardsPdsc:94 - Found 29 items
2023-03-06 13:34:43,878 [INFO] DbBoardsPdsc:94 - Found 1 items
2023-03-06 13:34:43,883 [INFO] DbBoardsPdsc:94 - Found 44 items
2023-03-06 13:34:43,888 [INFO] DbBoardsPdsc:94 - Found 40 items
2023-03-06 13:34:43,890 [INFO] DbBoardsPdsc:94 - Found 2 items
2023-03-06 13:34:43,891 [INFO] DbBoardsPdsc:94 - Found 4 items
2023-03-06 13:34:43,926 [WARN] DbBoardsPdsc:258 - Board STM32H7B3I-DK: unknown feature type=Audio, name=, username=Audio stereo codec with Headphone Amp (CS42L51-CNZ), n=1
2023-03-06 13:34:43,926 [WARN] DbBoardsPdsc:258 - Board STM32H735G-DK: unknown feature type=Audio, name=, username=Audio stereo codec with Headphone Amp (WM8994ECS/R), n=1
2023-03-06 13:34:43,929 [WARN] DbBoardsPdsc:258 - Board STM32H7B3I-EVAL: unknown feature type=Audio, name=, username=Multi-Channel Audio Codec (CS42L51-CNZ), n=1
2023-03-06 13:34:43,929 [WARN] DbBoardsPdsc:258 - Board STM32H7B3I-EVAL: unknown feature type=Meter, name=, username=Power-metering and Temperature-monitoring with sigma-delta modulators, n=1
2023-03-06 13:34:43,929 [WARN] DbBoardsPdsc:258 - Board STM32H7B3I-EVAL: unknown feature type=Motor, name=, username=Motor Control, n=1
2023-03-06 13:34:43,957 [INFO] DbBoardsJson:85 - JSON generation date=Tue Nov 16 18:17:54 EET 2021 (1637079474)
2023-03-06 13:34:43,964 [INFO] DbBoards:117 - Found 166 boards (149 are supported by CubeMX)
2023-03-06 13:34:43,965 [WARN] DbBoards:127 - board B-L475E-IOT01A2 has no document id list !
2023-03-06 13:34:43,966 [WARN] DbBoards:127 - board NUCLEO-H743ZI has no document id list !
2023-03-06 13:34:43,968 [WARN] DbBoards:127 - board P-NUCLEO-WB55-Nucleo has no document id list !
2023-03-06 13:34:43,968 [WARN] DbBoards:127 - board P-NUCLEO-WB55-USBDongle has no document id list !
2023-03-06 13:34:43,968 [WARN] DbBoards:127 - board STEVAL-BFA001V1B has no document id list !
2023-03-06 13:34:43,969 [WARN] DbBoards:127 - board STEVAL-BFA001V2B has no document id list !
2023-03-06 13:34:43,969 [WARN] DbBoards:127 - board STEVAL-IDP005V1 has no document id list !
2023-03-06 13:34:43,969 [WARN] DbBoards:127 - board STEVAL-IDP005V2 has no document id list !
2023-03-06 13:34:43,969 [WARN] DbBoards:127 - board STEVAL-MKSBOX1V1 has no document id list !
2023-03-06 13:34:43,969 [WARN] DbBoards:127 - board STEVAL-STWINKT1 has no document id list !
2023-03-06 13:34:43,969 [WARN] DbBoards:127 - board STEVAL-STWINKT1B has no document id list !
2023-03-06 13:34:43,969 [WARN] DbBoards:127 - board STM32439I-EVAL2 has no document id list !
2023-03-06 13:34:43,970 [WARN] DbBoards:127 - board STM32F401C-DISCO has no document id list !
2023-03-06 13:34:43,971 [WARN] DbBoards:127 - board STM32F769I-DISC1 has no document id list !
2023-03-06 13:34:43,971 [WARN] DbBoards:127 - board STM32G474E-EVAL1 has no document id list !
2023-03-06 13:34:43,972 [WARN] DbBoards:127 - board STM32H743I-EVAL2 has no document id list !
2023-03-06 13:34:43,972 [WARN] DbBoards:127 - board STM32H747I-DISC1 has no document id list !
2023-03-06 13:34:43,972 [WARN] DbBoards:127 - board STM32H753I-EVAL2 has no document id list !
2023-03-06 13:34:43,972 [WARN] DbBoards:127 - board STM32L-DISCOVERY has no document id list !
2023-03-06 13:34:44,000 [ERROR] DbBoards:189 - Image file not found for board B-L462E-CELL1: C:\ST\STM32CubeIDE_1.4.0\STM32CubeIDE\plugins\com.st.stm32cube.common.mx_6.0.0.202007160824\\db\/plugins/mcufinder/images/boards/B-L462E-CELL1_small.jpg
2023-03-06 13:34:44,028 [ERROR] DbBoards:189 - Image file not found for board B-U585I-IOT02A: C:\ST\STM32CubeIDE_1.4.0\STM32CubeIDE\plugins\com.st.stm32cube.common.mx_6.0.0.202007160824\\db\/plugins/mcufinder/images/boards/B-U585I-IOT02A_small.jpg
2023-03-06 13:34:44,087 [ERROR] DbBoards:189 - Image file not found for board NUCLEO-F413ZH: C:\ST\STM32CubeIDE_1.4.0\STM32CubeIDE\plugins\com.st.stm32cube.common.mx_6.0.0.202007160824\\db\/plugins/mcufinder/images/boards/nucleo-f413zh_small.jpg
2023-03-06 13:34:44,213 [ERROR] DbBoards:189 - Image file not found for board NUCLEO-L552ZE-Q: C:\ST\STM32CubeIDE_1.4.0\STM32CubeIDE\plugins\com.st.stm32cube.common.mx_6.0.0.202007160824\\db\/plugins/mcufinder/images/boards/nucleo_l552ze_q_small.jpg
2023-03-06 13:34:44,213 [ERROR] DbBoards:189 - Image file not found for board NUCLEO-U575ZI-Q: C:\ST\STM32CubeIDE_1.4.0\STM32CubeIDE\plugins\com.st.stm32cube.common.mx_6.0.0.202007160824\\db\/plugins/mcufinder/images/boards/nucleo-u575zi-q_small.jpg
2023-03-06 13:34:44,213 [ERROR] DbBoards:189 - Image file not found for board NUCLEO-WB15CC: C:\ST\STM32CubeIDE_1.4.0\STM32CubeIDE\plugins\com.st.stm32cube.common.mx_6.0.0.202007160824\\db\/plugins/mcufinder/images/boards/nucleo-wb15cc_small.jpg
2023-03-06 13:34:44,214 [ERROR] DbBoards:189 - Image file not found for board NUCLEO-WB55RG: C:\ST\STM32CubeIDE_1.4.0\STM32CubeIDE\plugins\com.st.stm32cube.common.mx_6.0.0.202007160824\\db\/plugins/mcufinder/images/boards/nucleo-wb55rg_small.jpg
2023-03-06 13:34:44,214 [ERROR] DbBoards:189 - Image file not found for board NUCLEO-WL55JC: C:\ST\STM32CubeIDE_1.4.0\STM32CubeIDE\plugins\com.st.stm32cube.common.mx_6.0.0.202007160824\\db\/plugins/mcufinder/images/boards/nucleo-wl55jc-small.jpg
2023-03-06 13:34:44,302 [ERROR] DbBoards:189 - Image file not found for board STEVAL-STWINKT1B: C:\ST\STM32CubeIDE_1.4.0\STM32CubeIDE\plugins\com.st.stm32cube.common.mx_6.0.0.202007160824\\db\/plugins/mcufinder/images/boards/steval-stwinkt1b_small.jpg
2023-03-06 13:34:44,497 [ERROR] DbBoards:189 - Image file not found for board STM32G0C1E-EV: C:\ST\STM32CubeIDE_1.4.0\STM32CubeIDE\plugins\com.st.stm32cube.common.mx_6.0.0.202007160824\\db\/plugins/mcufinder/images/boards/stm32g0c1e-eval_small.jpg
2023-03-06 13:34:44,556 [ERROR] DbBoards:189 - Image file not found for board STM32H7B3I-EVAL: C:\ST\STM32CubeIDE_1.4.0\STM32CubeIDE\plugins\com.st.stm32cube.common.mx_6.0.0.202007160824\\db\/plugins/mcufinder/images/boards/stm32h7b3ieval_small.jpg
2023-03-06 13:34:44,673 [ERROR] DbBoards:189 - Image file not found for board STM32U575I-EV: C:\ST\STM32CubeIDE_1.4.0\STM32CubeIDE\plugins\com.st.stm32cube.common.mx_6.0.0.202007160824\\db\/plugins/mcufinder/images/boards/stm32u575i-ev_small.jpg
2023-03-06 13:34:44,690 [ERROR] DbBoards:189 - Image file not found for board STM32WB5MM-DK: C:\ST\STM32CubeIDE_1.4.0\STM32CubeIDE\plugins\com.st.stm32cube.common.mx_6.0.0.202007160824\\db\/plugins/mcufinder/images/boards/STM32WB5MM-DK_small.jpg
2023-03-06 13:34:44,690 [INFO] ApiDb:201 - Load user favorites file C:\Users\20102/.stm32cubemx/favorites.boards.txt: 0 item(s)
2023-03-06 13:34:44,691 [INFO] ApiDb:205 - User favorites Boards=[]
2023-03-06 13:34:44,691 [INFO] DbBoards:206 - Set 0 / 0 favorites Boards
2023-03-06 13:34:44,804 [INFO] DbExamplesSqlite:156 - SQLite db open (C:\Users\20102\.stmcufinder\plugins\mcufinder\mcu\cube-finder-db.db)
2023-03-06 13:34:45,433 [INFO] DbExamplesSqlite:447 - Ignored 0 examples not supported by CubeIDE
2023-03-06 13:34:45,433 [INFO] DbExamplesSqlite:448 - Found 6238 examples active
2023-03-06 13:34:45,433 [INFO] DbExamplesSqlite:449 - Found 276 examples obsolete
2023-03-06 13:34:45,434 [INFO] DbExamplesSqlite:450 - Found 0 examples under development
2023-03-06 13:34:45,434 [INFO] DbExamplesSqlite:451 - Found 76 examples not building
2023-03-06 13:34:45,506 [INFO] DbExamplesSqlite:130 - SQLite Data Model version=2.1
2023-03-06 13:34:45,507 [INFO] DbExamplesSqlite:131 - SQLite Configuration version=3.0.35
2023-03-06 13:34:45,507 [INFO] DbExamplesSqlite:132 - SQLite generation date=2023-02-02 (1675320190)
2023-03-06 13:34:45,507 [INFO] DbExamplesSqlite:133 - SQLite FW Pack versions=[FP-ATR-ASTRA1_V1.1.1, STM32Cube_FW_C0_V1.0.1, STM32Cube_FW_F4_V1.27.1, STM32Cube_FW_F7_V1.17.0, STM32Cube_FW_G0_V1.6.1, STM32Cube_FW_G4_V1.5.0, STM32Cube_FW_H5_V0.5.1, STM32Cube_FW_H7_V1.11.0, STM32Cube_FW_L5_V1.5.0, STM32Cube_FW_U5_V1.1.1, STM32Cube_FW_WBA_V0.2.0, STM32Cube_FW_WB_V1.15.0, STM32Cube_FW_WB_V1.15.0RC1, STM32Cube_FW_WL_V1.3.0, X-CUBE-ALGOBUILD_V1.3.0, X-CUBE-ALS_V1.0.1, X-CUBE-AZRTOS-F4_V1.1.0, X-CUBE-AZRTOS-F7_V1.1.0, X-CUBE-AZRTOS-G0_V1.1.0, X-CUBE-AZRTOS-G4_V1.0.0, X-CUBE-AZRTOS-H7_V3.0.0, X-CUBE-AZRTOS-L4_V1.0.0, X-CUBE-AZRTOS-L5_V1.1.0, X-CUBE-AZRTOS-WB_V1.1.0, X-CUBE-AZRTOS-WL_V1.0.0, X-CUBE-BLE1_V6.2.4, X-CUBE-BLE2_V3.3.0, X-CUBE-BLEMGR_V1.3.0, X-CUBE-EEPRMA1_V4.1.0, X-CUBE-GNSS1_V6.0.0, X-CUBE-MEMS1_V9.1.0, X-CUBE-MEMS1_V9.3.0, X-CUBE-MEMS1_V9.4.0, X-CUBE-NFC4_V3.0.0, X-CUBE-NFC7_V1.0.0, X-CUBE-SFXS2LP1_V4.0.0, X-CUBE-SUBG2_V5.0.0]
2023-03-06 13:34:45,508 [INFO] DbExamples:123 - Found 6314 examples
2023-03-06 13:34:46,025 [ERROR] DbExamples:199 - Found 6314 examples with invalid data (board or MCU)
2023-03-06 13:34:46,026 [INFO] DbExamples:215 - Found 72 boards with related examples
2023-03-06 13:34:46,026 [INFO] DbExamples:228 - Found 0 MCUs with related examples
2023-03-06 13:34:46,054 [INFO] ApiDb:192 - User favorites file not found: C:\Users\20102/.stm32cubemx/favorites.examples.txt
2023-03-06 13:34:46,054 [INFO] DbExamples:249 - Set 0 / 0 favorites Examples
2023-03-06 13:34:46,314 [INFO] McuFinderGlobals:40 - Set McuFinder mode to 2 (CubeIDE integrated)
2023-03-06 13:34:46,472 [INFO] CrossSelectorPresenter:1330 - Cross Selector saved comparison directory: C:\Users\20102\.stmcufinder\plugins\mcufinder\mcu\cs_comparisons_mx
2023-03-06 13:34:46,478 [INFO] MultiScanPanel:193 - Auto-refresh data requested => check proxy status ongoing
2023-03-06 13:34:46,480 [INFO] FinderPluginLoader:87 - Searching for filters in installed packs
2023-03-06 13:34:46,932 [INFO] LoadUrlFilesThread:162 - End of LoadServerUrlFiles without Thread
2023-03-06 13:34:46,938 [INFO] DetailPanel:331 - Set advertising image to C:/Users/20102/STM32Cube/Repository/\stm32cubemx-promo_image.jpg
2023-03-06 13:34:47,210 [INFO] McuFilterPanel:245 - Update 0 favorites MCUs
2023-03-06 13:36:15,017 [INFO] LogOutputStream:76 - [STDOUT_REDIRECT] withoutVersionV1.8.4
2023-03-06 13:36:15,017 [INFO] LogOutputStream:76 - [STDOUT_REDIRECT] withoutVersionV1.8.3
2023-03-06 13:36:15,017 [INFO] LogOutputStream:76 - [STDOUT_REDIRECT] withoutVersionV1.8.2
2023-03-06 13:36:15,018 [INFO] LogOutputStream:76 - [STDOUT_REDIRECT] withoutVersionV1.8.1
2023-03-06 13:36:15,018 [INFO] LogOutputStream:76 - [STDOUT_REDIRECT] withoutVersionV1.8.0
2023-03-06 13:36:20,954 [INFO] ApiDb:226 - Save user favorites file C:\Users\20102/.stm32cubeide/favorites.mcus.txt: 0 item(s)
2023-03-06 13:36:20,955 [INFO] ApiDb:230 - User favorites MCUs=[]
