2024-07-27 14:02:52,892 [INFO] Activator:178 - 


2024-07-27 14:02:52,892 [INFO] Activator:179 - !SESSION log4j initialized
2024-07-27 14:02:58,441 [INFO] ApplicationProperties:181 - Using Application install path: C:\ST\STM32CubeIDE_1.4.0\STM32CubeIDE\plugins\com.st.stm32cube.common.mx_6.0.0.202007160824
2024-07-27 14:02:58,461 [INFO] DbMcusXml:70 - Set database path to: C:\ST\STM32CubeIDE_1.4.0\STM32CubeIDE\plugins\com.st.stm32cube.common.mx_6.0.0.202007160824\\db\/mcu/
2024-07-27 14:02:58,461 [INFO] DbBoardsPdsc:56 - Set plugin database path to: C:\ST\STM32CubeIDE_1.4.0\STM32CubeIDE\plugins\com.st.stm32cube.common.mx_6.0.0.202007160824\\db\/plugins/boardmanager/
2024-07-27 14:02:58,469 [INFO] DbMcus:258 - Set plugin images path to: C:\ST\STM32CubeIDE_1.4.0\STM32CubeIDE\plugins\com.st.stm32cube.common.mx_6.0.0.202007160824\\db\/plugins/mcufinder/images/
2024-07-27 14:02:58,469 [INFO] DbBoards:264 - Set plugin images path to: C:\ST\STM32CubeIDE_1.4.0\STM32CubeIDE\plugins\com.st.stm32cube.common.mx_6.0.0.202007160824\\db\/plugins/mcufinder/images/
2024-07-27 14:02:58,471 [INFO] DbExamples:326 - Set plugin images path to: C:\ST\STM32CubeIDE_1.4.0\STM32CubeIDE\plugins\com.st.stm32cube.common.mx_6.0.0.202007160824\\db\/plugins/mcufinder/images/
2024-07-27 14:02:58,481 [INFO] DbMcusDocs:112 - Set database path to: C:\Users\20102\.stmcufinder\plugins\mcufinder//mcu/
2024-07-27 14:02:58,481 [INFO] DbMcusJson:63 - Set database path to: C:\Users\20102\.stmcufinder\plugins\mcufinder//mcu/
2024-07-27 14:02:58,481 [INFO] DbBoardsDocs:112 - Set database path to: C:\Users\20102\.stmcufinder\plugins\mcufinder//mcu/
2024-07-27 14:02:58,481 [INFO] DbBoardsJson:56 - Set database path to: C:\Users\20102\.stmcufinder\plugins\mcufinder//mcu/
2024-07-27 14:02:58,492 [INFO] CrossReferenceDbSqlite:196 - Set database path to: C:\Users\20102\.stmcufinder\plugins\mcufinder//mcu/cs/
2024-07-27 14:02:58,492 [INFO] DbExamplesSqlite:800 - Set database path to: C:\Users\20102\.stmcufinder\plugins\mcufinder//mcu/
2024-07-27 14:02:58,620 [INFO] RulesReader:52 - Compatibility file has been processed (209 Rules)
2024-07-27 14:02:58,750 [INFO] MicroXplorer:564 - Detected Java Version = 1.8.0_252
2024-07-27 14:02:58,750 [INFO] DbMcusXml:70 - Set database path to: C:\ST\STM32CubeIDE_1.4.0\STM32CubeIDE\plugins\com.st.stm32cube.common.mx_6.0.0.202007160824\\db\/mcu/
2024-07-27 14:02:58,750 [INFO] DbBoardsPdsc:56 - Set plugin database path to: C:\ST\STM32CubeIDE_1.4.0\STM32CubeIDE\plugins\com.st.stm32cube.common.mx_6.0.0.202007160824\\db\/plugins/boardmanager/
2024-07-27 14:02:58,760 [INFO] DbMcus:258 - Set plugin images path to: C:\ST\STM32CubeIDE_1.4.0\STM32CubeIDE\plugins\com.st.stm32cube.common.mx_6.0.0.202007160824\\db\/plugins/mcufinder/images/
2024-07-27 14:02:58,760 [INFO] DbBoards:264 - Set plugin images path to: C:\ST\STM32CubeIDE_1.4.0\STM32CubeIDE\plugins\com.st.stm32cube.common.mx_6.0.0.202007160824\\db\/plugins/mcufinder/images/
2024-07-27 14:02:58,760 [INFO] DbExamples:326 - Set plugin images path to: C:\ST\STM32CubeIDE_1.4.0\STM32CubeIDE\plugins\com.st.stm32cube.common.mx_6.0.0.202007160824\\db\/plugins/mcufinder/images/
2024-07-27 14:02:58,760 [WARN] DbFile:36 - Overriding database path with different value: C:\Users\20102\.stmcufinder\plugins\mcufinder/ => C:\Users\20102\.stmcufinder\plugins\mcufinder
2024-07-27 14:02:58,760 [INFO] DbMcusDocs:112 - Set database path to: C:\Users\20102\.stmcufinder\plugins\mcufinder//mcu/
2024-07-27 14:02:58,760 [WARN] DbFile:36 - Overriding database path with different value: C:\Users\20102\.stmcufinder\plugins\mcufinder/ => C:\Users\20102\.stmcufinder\plugins\mcufinder
2024-07-27 14:02:58,760 [INFO] DbMcusJson:63 - Set database path to: C:\Users\20102\.stmcufinder\plugins\mcufinder//mcu/
2024-07-27 14:02:58,760 [WARN] DbFile:36 - Overriding database path with different value: C:\Users\20102\.stmcufinder\plugins\mcufinder/ => C:\Users\20102\.stmcufinder\plugins\mcufinder
2024-07-27 14:02:58,760 [INFO] DbBoardsDocs:112 - Set database path to: C:\Users\20102\.stmcufinder\plugins\mcufinder//mcu/
2024-07-27 14:02:58,760 [WARN] DbFile:36 - Overriding database path with different value: C:\Users\20102\.stmcufinder\plugins\mcufinder/ => C:\Users\20102\.stmcufinder\plugins\mcufinder
2024-07-27 14:02:58,760 [INFO] DbBoardsJson:56 - Set database path to: C:\Users\20102\.stmcufinder\plugins\mcufinder//mcu/
2024-07-27 14:02:58,760 [WARN] DbFile:36 - Overriding database path with different value: C:\Users\20102\.stmcufinder\plugins\mcufinder/ => C:\Users\20102\.stmcufinder\plugins\mcufinder
2024-07-27 14:02:58,760 [WARN] DbFile:36 - Overriding database path with different value: C:\Users\20102\.stmcufinder\plugins\mcufinder/ => C:\Users\20102\.stmcufinder\plugins\mcufinder
2024-07-27 14:02:58,760 [INFO] CrossReferenceDbSqlite:196 - Set database path to: C:\Users\20102\.stmcufinder\plugins\mcufinder//mcu/cs/
2024-07-27 14:02:58,760 [WARN] DbFile:36 - Overriding database path with different value: C:\Users\20102\.stmcufinder\plugins\mcufinder/ => C:\Users\20102\.stmcufinder\plugins\mcufinder
2024-07-27 14:02:58,760 [INFO] DbExamplesSqlite:800 - Set database path to: C:\Users\20102\.stmcufinder\plugins\mcufinder//mcu/
2024-07-27 14:02:58,850 [INFO] MainPanel:189 - HeapMemory: 268435456
2024-07-27 14:02:58,960 [INFO] DbMcusXml:70 - Set database path to: C:\ST\STM32CubeIDE_1.4.0\STM32CubeIDE\plugins\com.st.stm32cube.common.mx_6.0.0.202007160824\\db\/mcu/
2024-07-27 14:02:58,960 [INFO] DbBoardsPdsc:56 - Set plugin database path to: C:\ST\STM32CubeIDE_1.4.0\STM32CubeIDE\plugins\com.st.stm32cube.common.mx_6.0.0.202007160824\\db\/plugins/boardmanager/
2024-07-27 14:02:58,960 [INFO] DbMcus:258 - Set plugin images path to: C:\ST\STM32CubeIDE_1.4.0\STM32CubeIDE\plugins\com.st.stm32cube.common.mx_6.0.0.202007160824\\db\/plugins/mcufinder/images/
2024-07-27 14:02:58,970 [INFO] DbBoards:264 - Set plugin images path to: C:\ST\STM32CubeIDE_1.4.0\STM32CubeIDE\plugins\com.st.stm32cube.common.mx_6.0.0.202007160824\\db\/plugins/mcufinder/images/
2024-07-27 14:02:58,970 [INFO] DbExamples:326 - Set plugin images path to: C:\ST\STM32CubeIDE_1.4.0\STM32CubeIDE\plugins\com.st.stm32cube.common.mx_6.0.0.202007160824\\db\/plugins/mcufinder/images/
2024-07-27 14:02:58,970 [WARN] DbFile:36 - Overriding database path with different value: C:\Users\20102\.stmcufinder\plugins\mcufinder/ => C:\Users\20102\.stmcufinder\plugins\mcufinder
2024-07-27 14:02:58,970 [INFO] DbMcusDocs:112 - Set database path to: C:\Users\20102\.stmcufinder\plugins\mcufinder//mcu/
2024-07-27 14:02:58,970 [WARN] DbFile:36 - Overriding database path with different value: C:\Users\20102\.stmcufinder\plugins\mcufinder/ => C:\Users\20102\.stmcufinder\plugins\mcufinder
2024-07-27 14:02:58,970 [INFO] DbMcusJson:63 - Set database path to: C:\Users\20102\.stmcufinder\plugins\mcufinder//mcu/
2024-07-27 14:02:58,970 [WARN] DbFile:36 - Overriding database path with different value: C:\Users\20102\.stmcufinder\plugins\mcufinder/ => C:\Users\20102\.stmcufinder\plugins\mcufinder
2024-07-27 14:02:58,970 [INFO] DbBoardsDocs:112 - Set database path to: C:\Users\20102\.stmcufinder\plugins\mcufinder//mcu/
2024-07-27 14:02:58,970 [WARN] DbFile:36 - Overriding database path with different value: C:\Users\20102\.stmcufinder\plugins\mcufinder/ => C:\Users\20102\.stmcufinder\plugins\mcufinder
2024-07-27 14:02:58,970 [INFO] DbBoardsJson:56 - Set database path to: C:\Users\20102\.stmcufinder\plugins\mcufinder//mcu/
2024-07-27 14:02:58,970 [WARN] DbFile:36 - Overriding database path with different value: C:\Users\20102\.stmcufinder\plugins\mcufinder/ => C:\Users\20102\.stmcufinder\plugins\mcufinder
2024-07-27 14:02:58,970 [WARN] DbFile:36 - Overriding database path with different value: C:\Users\20102\.stmcufinder\plugins\mcufinder/ => C:\Users\20102\.stmcufinder\plugins\mcufinder
2024-07-27 14:02:58,970 [INFO] CrossReferenceDbSqlite:196 - Set database path to: C:\Users\20102\.stmcufinder\plugins\mcufinder//mcu/cs/
2024-07-27 14:02:58,970 [WARN] DbFile:36 - Overriding database path with different value: C:\Users\20102\.stmcufinder\plugins\mcufinder/ => C:\Users\20102\.stmcufinder\plugins\mcufinder
2024-07-27 14:02:58,970 [INFO] DbExamplesSqlite:800 - Set database path to: C:\Users\20102\.stmcufinder\plugins\mcufinder//mcu/
2024-07-27 14:02:58,990 [INFO] ApplicationProperties:181 - Using Application install path: C:\ST\STM32CubeIDE_1.4.0\STM32CubeIDE\plugins\com.st.stm32cube.common.mx_6.0.0.202007160824
2024-07-27 14:02:58,990 [INFO] PluginManage:178 - Search for loadable plugins [exclusion list=, ]
2024-07-27 14:02:58,990 [INFO] PluginManage:292 - Check plugin analytics
2024-07-27 14:02:59,190 [INFO] AnalyticsPlugin:203 - Accepted Software Licenses: 
2024-07-27 14:02:59,190 [INFO] AnalyticsPlugin:205 - Accepted CMSIS Pack Licenses: 
2024-07-27 14:02:59,190 [INFO] AnalyticsPlugin:207 - Accepted Firmware Licenses: 
2024-07-27 14:02:59,190 [INFO] PluginManage:342 - Loaded plugin analytics (category:tool,tabindex:-1)
2024-07-27 14:02:59,190 [INFO] PluginManage:292 - Check plugin clock
2024-07-27 14:02:59,220 [INFO] PluginManage:342 - Loaded plugin clock (category:base,tabindex:2)
2024-07-27 14:02:59,220 [INFO] PluginManage:292 - Check plugin ddr
2024-07-27 14:02:59,220 [INFO] PluginManage:342 - Loaded plugin ddr (category:tool,tabindex:6)
2024-07-27 14:02:59,220 [INFO] PluginManage:292 - Check plugin filemanager
2024-07-27 14:02:59,360 [INFO] PluginManage:342 - Loaded plugin filemanager (category:base,tabindex:10)
2024-07-27 14:02:59,360 [INFO] PluginManage:292 - Check plugin ipmanager
2024-07-27 14:02:59,380 [INFO] PluginManage:342 - Loaded plugin ipmanager (category:base,tabindex:5)
2024-07-27 14:02:59,380 [INFO] PluginManage:292 - Check plugin pinoutandconfiguration
2024-07-27 14:02:59,400 [INFO] PluginManage:342 - Loaded plugin pinoutandconfiguration (category:base,tabindex:1)
2024-07-27 14:02:59,400 [INFO] PluginManage:292 - Check plugin pinoutconfig
2024-07-27 14:02:59,445 [INFO] PluginManage:342 - Loaded plugin pinoutconfig (category:base,tabindex:0)
2024-07-27 14:02:59,445 [INFO] PluginManage:292 - Check plugin power
2024-07-27 14:02:59,466 [INFO] PluginManage:342 - Loaded plugin power (category:power,tabindex:4)
2024-07-27 14:02:59,466 [INFO] PluginManage:292 - Check plugin projectmanager
2024-07-27 14:02:59,486 [INFO] PluginManage:342 - Loaded plugin projectmanager (category:projectmanager,tabindex:3)
2024-07-27 14:02:59,486 [INFO] PluginManage:292 - Check plugin thirdparty
2024-07-27 14:02:59,778 [INFO] ThirdPartyDb:333 - Open Third Party DataBase File (C:/Users/20102/.stm32cubemx/plugins/thirdparty/db/thirdparties_db.xml) : 91 ms. number of Sw pack : 96
2024-07-27 14:02:59,788 [INFO] PluginManage:342 - Loaded plugin thirdparty (category:base,tabindex:-1)
2024-07-27 14:02:59,788 [INFO] PluginManage:292 - Check plugin tools
2024-07-27 14:02:59,869 [INFO] PluginManage:342 - Loaded plugin tools (category:base,tabindex:7)
2024-07-27 14:02:59,869 [INFO] PluginManage:292 - Check plugin tutovideos
2024-07-27 14:03:00,182 [INFO] PluginManage:342 - Loaded plugin tutovideos (category:base,tabindex:-1)
2024-07-27 14:03:00,182 [INFO] PluginManage:292 - Check plugin updater
2024-07-27 14:03:00,200 [INFO] PluginManage:342 - Loaded plugin updater (category:base,tabindex:12)
2024-07-27 14:03:00,200 [INFO] PluginManage:265 - PluginManage : Loaded plugins [13]
2024-07-27 14:03:00,432 [INFO] PinOutPanel:1418 - setPackage(No Configuration,No Configuration)
2024-07-27 14:03:00,562 [INFO] IPUIPlugin:64 - create IPUIPlugin
2024-07-27 14:03:00,562 [INFO] PluginManager:200 - loadIPPluginJar : add adc
2024-07-27 14:03:00,613 [INFO] IPUIPlugin:64 - create IPUIPlugin
2024-07-27 14:03:00,613 [INFO] PluginManager:200 - loadIPPluginJar : add aes
2024-07-27 14:03:00,681 [INFO] IPUIPlugin:64 - create IPUIPlugin
2024-07-27 14:03:00,681 [INFO] PluginManager:200 - loadIPPluginJar : add can
2024-07-27 14:03:00,721 [INFO] IPUIPlugin:64 - create IPUIPlugin
2024-07-27 14:03:00,723 [INFO] PluginManager:200 - loadIPPluginJar : add comp
2024-07-27 14:03:00,772 [INFO] IPUIPlugin:64 - create IPUIPlugin
2024-07-27 14:03:00,772 [INFO] PluginManager:200 - loadIPPluginJar : add cryp
2024-07-27 14:03:00,822 [INFO] IPUIPlugin:64 - create IPUIPlugin
2024-07-27 14:03:00,822 [INFO] PluginManager:200 - loadIPPluginJar : add dfsdm
2024-07-27 14:03:00,842 [INFO] IPUIPlugin:64 - create IPUIPlugin
2024-07-27 14:03:00,842 [INFO] PluginManager:200 - loadIPPluginJar : add dma
2024-07-27 14:03:00,882 [INFO] IPUIPlugin:64 - create IPUIPlugin
2024-07-27 14:03:00,882 [INFO] PluginManager:200 - loadIPPluginJar : add fatfs
2024-07-27 14:03:00,982 [INFO] IPUIPlugin:64 - create IPUIPlugin
2024-07-27 14:03:00,982 [INFO] PluginManager:200 - loadIPPluginJar : add fmc
2024-07-27 14:03:00,992 [INFO] IPUIPlugin:64 - create IPUIPlugin
2024-07-27 14:03:01,002 [INFO] PluginManager:200 - loadIPPluginJar : add freertos
2024-07-27 14:03:01,032 [INFO] IPUIPlugin:64 - create IPUIPlugin
2024-07-27 14:03:01,032 [INFO] PluginManager:200 - loadIPPluginJar : add genericplugin
2024-07-27 14:03:01,172 [INFO] IPUIPlugin:64 - create IPUIPlugin
2024-07-27 14:03:01,172 [INFO] PluginManager:200 - loadIPPluginJar : add gfxmmu
2024-07-27 14:03:01,352 [INFO] IPUIPlugin:64 - create IPUIPlugin
2024-07-27 14:03:01,352 [INFO] PluginManager:200 - loadIPPluginJar : add gic
2024-07-27 14:03:01,372 [INFO] IPUIPlugin:64 - create IPUIPlugin
2024-07-27 14:03:01,372 [INFO] PluginManager:200 - loadIPPluginJar : add gpio
2024-07-27 14:03:01,472 [INFO] IPUIPlugin:64 - create IPUIPlugin
2024-07-27 14:03:01,472 [INFO] PluginManager:200 - loadIPPluginJar : add gtzc
2024-07-27 14:03:01,530 [INFO] IPUIPlugin:64 - create IPUIPlugin
2024-07-27 14:03:01,530 [INFO] PluginManager:200 - loadIPPluginJar : add hash
2024-07-27 14:03:01,631 [INFO] IPUIPlugin:64 - create IPUIPlugin
2024-07-27 14:03:01,631 [INFO] PluginManager:200 - loadIPPluginJar : add i2c
2024-07-27 14:03:01,701 [INFO] IPUIPlugin:64 - create IPUIPlugin
2024-07-27 14:03:01,701 [INFO] PluginManager:200 - loadIPPluginJar : add i2s
2024-07-27 14:03:01,711 [INFO] IPUIPlugin:64 - create IPUIPlugin
2024-07-27 14:03:01,711 [INFO] PluginManager:200 - loadIPPluginJar : add ipddr
2024-07-27 14:03:01,790 [INFO] IPUIPlugin:64 - create IPUIPlugin
2024-07-27 14:03:01,790 [INFO] PluginManager:200 - loadIPPluginJar : add ltdc
2024-07-27 14:03:01,890 [INFO] IPUIPlugin:64 - create IPUIPlugin
2024-07-27 14:03:01,890 [INFO] PluginManager:200 - loadIPPluginJar : add mdma
2024-07-27 14:03:01,971 [INFO] IPUIPlugin:64 - create IPUIPlugin
2024-07-27 14:03:01,971 [INFO] PluginManager:200 - loadIPPluginJar : add nvic
2024-07-27 14:03:02,031 [INFO] IPUIPlugin:64 - create IPUIPlugin
2024-07-27 14:03:02,031 [INFO] PluginManager:200 - loadIPPluginJar : add opamp
2024-07-27 14:03:02,123 [INFO] IPUIPlugin:64 - create IPUIPlugin
2024-07-27 14:03:02,123 [INFO] PluginManager:200 - loadIPPluginJar : add openamp
2024-07-27 14:03:02,194 [INFO] IPUIPlugin:64 - create IPUIPlugin
2024-07-27 14:03:02,194 [INFO] PluginManager:200 - loadIPPluginJar : add pdm2pcm
2024-07-27 14:03:02,222 [INFO] IPUIPlugin:64 - create IPUIPlugin
2024-07-27 14:03:02,222 [INFO] PluginManager:200 - loadIPPluginJar : add plateformsettings
2024-07-27 14:03:02,264 [INFO] IPUIPlugin:64 - create IPUIPlugin
2024-07-27 14:03:02,266 [INFO] PluginManager:200 - loadIPPluginJar : add quadspi
2024-07-27 14:03:02,275 [INFO] IPUIPlugin:64 - create IPUIPlugin
2024-07-27 14:03:02,275 [INFO] PluginManager:200 - loadIPPluginJar : add resmgrutility
2024-07-27 14:03:02,356 [INFO] IPUIPlugin:64 - create IPUIPlugin
2024-07-27 14:03:02,356 [INFO] PluginManager:200 - loadIPPluginJar : add sai
2024-07-27 14:03:02,415 [INFO] IPUIPlugin:64 - create IPUIPlugin
2024-07-27 14:03:02,415 [INFO] PluginManager:200 - loadIPPluginJar : add spi
2024-07-27 14:03:02,483 [INFO] IPUIPlugin:64 - create IPUIPlugin
2024-07-27 14:03:02,483 [INFO] PluginManager:200 - loadIPPluginJar : add stm32_wpan
2024-07-27 14:03:02,533 [INFO] IPUIPlugin:64 - create IPUIPlugin
2024-07-27 14:03:02,533 [INFO] PluginManager:200 - loadIPPluginJar : add tim
2024-07-27 14:03:02,626 [INFO] IPUIPlugin:64 - create IPUIPlugin
2024-07-27 14:03:02,626 [INFO] PluginManager:200 - loadIPPluginJar : add touchsensing
2024-07-27 14:03:02,666 [INFO] IPUIPlugin:64 - create IPUIPlugin
2024-07-27 14:03:02,666 [INFO] PluginManager:200 - loadIPPluginJar : add tracer_emb
2024-07-27 14:03:02,724 [INFO] IPUIPlugin:64 - create IPUIPlugin
2024-07-27 14:03:02,724 [INFO] PluginManager:200 - loadIPPluginJar : add ts
2024-07-27 14:03:02,765 [INFO] IPUIPlugin:64 - create IPUIPlugin
2024-07-27 14:03:02,765 [INFO] PluginManager:200 - loadIPPluginJar : add tsc
2024-07-27 14:03:02,806 [INFO] IPUIPlugin:64 - create IPUIPlugin
2024-07-27 14:03:02,806 [INFO] PluginManager:200 - loadIPPluginJar : add ucpd
2024-07-27 14:03:02,876 [INFO] IPUIPlugin:64 - create IPUIPlugin
2024-07-27 14:03:02,876 [INFO] PluginManager:200 - loadIPPluginJar : add usart
2024-07-27 14:03:03,502 [INFO] CubeProgrammer:457 - [DDR PANEL] - PathOfProgrammer: null
2024-07-27 14:03:04,322 [FATAL] Updater:282 - Updater called before beeing initialized
2024-07-27 14:03:04,558 [FATAL] Updater:282 - Updater called before beeing initialized
2024-07-27 14:03:04,558 [WARN] ThirdParty:775 - waiting for thirdparty lock release [close project]
2024-07-27 14:03:04,558 [INFO] ThirdParty:777 - entering critical section [close project]
2024-07-27 14:03:04,558 [INFO] ThirdParty:790 - exiting critical section [close project]
2024-07-27 14:03:04,568 [INFO] PinOutPanel:1418 - setPackage(No Configuration,No Configuration)
2024-07-27 14:03:04,568 [FATAL] Updater:282 - Updater called before beeing initialized
2024-07-27 14:03:04,578 [ERROR] Updater:967 - MainUpdater not yet initialized. External WinMGr cannot be set.
2024-07-27 14:03:04,578 [INFO] CubeProgrammer:457 - [DDR PANEL] - PathOfProgrammer: C:\ST\STM32CubeIDE_1.4.0\STM32CubeIDE\plugins\com.st.stm32cube.ide.mcu.externaltools.cubeprogrammer.win32_1.4.0.202007081208\tools\bin
2024-07-27 14:03:04,588 [INFO] ProgrammerExecThread:148 - [ProgrammerAPI] CubeProgrammer command construction: C:\ST\STM32CubeIDE_1.4.0\STM32CubeIDE\plugins\com.st.stm32cube.ide.mcu.externaltools.cubeprogrammer.win32_1.4.0.202007081208\tools\bin\STM32_Programmer_CLI.exe -l
2024-07-27 14:03:04,898 [INFO] MainDdrPanel:49 - [DDR PANEL] SETTER - Set cubeProgrammerPath to: C:\ST\STM32CubeIDE_1.4.0\STM32CubeIDE\plugins\com.st.stm32cube.ide.mcu.externaltools.cubeprogrammer.win32_1.4.0.202007081208\tools\bin
2024-07-27 14:03:05,028 [INFO] Updater:904 - Updater Version found : 6.0.0
2024-07-27 14:03:05,048 [INFO] ApplicationProperties:181 - Using Application install path: C:\ST\STM32CubeIDE_1.4.0\STM32CubeIDE\plugins\com.st.stm32cube.common.mx_6.0.0.202007160824
2024-07-27 14:03:05,208 [ERROR] ServerAccessManage:1004 - Warning during Server Connexion :  Unknown host sw-center.st.com
2024-07-27 14:03:05,218 [ERROR] ServerAccessManage:1004 - Warning during Server Connexion :  Unknown host www.ebuc23.com
2024-07-27 14:03:05,228 [INFO] MainUpdater:2268 - connection check result : 22
2024-07-27 14:03:05,228 [INFO] MainUpdater:239 - Updater Check For Update Now.
2024-07-27 14:03:05,228 [INFO] MicroXplorer:414 - Change Database Version : DB.6.0.0
2024-07-27 14:03:05,338 [INFO] CheckServerUpdateThread:102 - End of CheckServer Thread
2024-07-27 14:03:05,388 [ERROR] ServerAccessManage:1004 - Warning during Server Connexion :  Unknown host sw-center.st.com
2024-07-27 14:03:05,388 [ERROR] ServerAccessManage:1004 - Warning during Server Connexion :  Unknown host www.ebuc23.com
2024-07-27 14:03:05,388 [INFO] MainUpdater:2268 - connection check result : 22
2024-07-27 14:03:05,806 [WARN] IntegrityCheckThread:61 - waiting for thirdparty lock release [integrity check]
2024-07-27 14:03:05,806 [INFO] IntegrityCheckThread:63 - entering critical section [integrity check]
2024-07-27 14:03:08,008 [INFO] ThirdPartyDb:299 - Save Third Party DataBase File (C:/Users/20102/.stm32cubemx/plugins/thirdparty/db/thirdparties_db.xml) [forced]
2024-07-27 14:03:08,229 [INFO] ThirdPartyDb:299 - Save Third Party DataBase File (C:/Users/20102/.stm32cubemx/plugins/thirdparty/db/thirdparties_db.xml) [forced]
2024-07-27 14:03:08,380 [INFO] IntegrityCheckThread:76 - exiting critical section [integrity check]
2024-07-27 14:03:08,380 [INFO] IntegrityCheckThread:79 - End integrity checks thread
2024-07-27 14:03:11,568 [INFO] McuFinderGlobals:40 - Set McuFinder mode to 2 (CubeIDE integrated)
2024-07-27 14:03:11,740 [INFO] CrossSelectorPresenter:1330 - Cross Selector saved comparison directory: C:\Users\20102\.stmcufinder\plugins\mcufinder\mcu\cs_comparisons_mx
2024-07-27 14:03:11,750 [INFO] MultiScanPanel:193 - Auto-refresh data requested => check proxy status ongoing
2024-07-27 14:03:11,750 [INFO] FinderPluginLoader:87 - Searching for filters in installed packs
2024-07-27 14:03:11,750 [INFO] DbMcusXml:100 - Load MCU database from C:\ST\STM32CubeIDE_1.4.0\STM32CubeIDE\plugins\com.st.stm32cube.common.mx_6.0.0.202007160824\\db\/mcu/families.xml
2024-07-27 14:03:12,467 [INFO] DbMcusJson:92 - JSON generation date=Tue Nov 16 18:17:54 EET 2021 (1637079474)
2024-07-27 14:03:13,245 [INFO] DbMcus:175 - Found 1761 MCUs (1722 are supported by CubeMX, 1911 are visible in CubeMX)
2024-07-27 14:03:13,253 [INFO] ApiDb:201 - Load user favorites file C:\Users\20102/.stm32cubeide/favorites.mcus.txt: 0 item(s)
2024-07-27 14:03:13,253 [INFO] ApiDb:205 - User favorites MCUs=[]
2024-07-27 14:03:13,253 [INFO] DbMcus:187 - Set 0 / 0 favorites MCUs
2024-07-27 14:03:13,950 [INFO] McuFilterPanel:245 - Update 0 favorites MCUs
2024-07-27 14:03:14,040 [INFO] DbBoardsPdsc:94 - Found 23 items
2024-07-27 14:03:14,050 [INFO] DbBoardsPdsc:94 - Found 9 items
2024-07-27 14:03:14,060 [INFO] DbBoardsPdsc:94 - Found 29 items
2024-07-27 14:03:14,080 [INFO] DbBoardsPdsc:94 - Found 1 items
2024-07-27 14:03:14,090 [INFO] DbBoardsPdsc:94 - Found 44 items
2024-07-27 14:03:14,110 [INFO] DbBoardsPdsc:94 - Found 40 items
2024-07-27 14:03:14,120 [INFO] DbBoardsPdsc:94 - Found 2 items
2024-07-27 14:03:14,130 [INFO] DbBoardsPdsc:94 - Found 4 items
2024-07-27 14:03:14,140 [WARN] DbBoardsPdsc:258 - Board STM32H7B3I-DK: unknown feature type=Audio, name=, username=Audio stereo codec with Headphone Amp (CS42L51-CNZ), n=1
2024-07-27 14:03:14,140 [WARN] DbBoardsPdsc:258 - Board STM32H735G-DK: unknown feature type=Audio, name=, username=Audio stereo codec with Headphone Amp (WM8994ECS/R), n=1
2024-07-27 14:03:14,150 [WARN] DbBoardsPdsc:258 - Board STM32H7B3I-EVAL: unknown feature type=Audio, name=, username=Multi-Channel Audio Codec (CS42L51-CNZ), n=1
2024-07-27 14:03:14,160 [WARN] DbBoardsPdsc:258 - Board STM32H7B3I-EVAL: unknown feature type=Meter, name=, username=Power-metering and Temperature-monitoring with sigma-delta modulators, n=1
2024-07-27 14:03:14,160 [WARN] DbBoardsPdsc:258 - Board STM32H7B3I-EVAL: unknown feature type=Motor, name=, username=Motor Control, n=1
2024-07-27 14:03:14,192 [INFO] DbBoardsJson:85 - JSON generation date=Tue Nov 16 18:17:54 EET 2021 (1637079474)
2024-07-27 14:03:14,200 [INFO] DbBoards:117 - Found 166 boards (149 are supported by CubeMX)
2024-07-27 14:03:14,210 [INFO] DbBoardsDocs:145 - JSON generation date=Tue Nov 16 18:17:54 EET 2021 (1637079474)
2024-07-27 14:03:14,210 [INFO] DbBoardsDocs:81 - Found 209 boards documents
2024-07-27 14:03:14,210 [WARN] DbBoards:127 - board B-L475E-IOT01A2 has no document id list !
2024-07-27 14:03:14,210 [WARN] DbBoards:127 - board NUCLEO-H743ZI has no document id list !
2024-07-27 14:03:14,220 [WARN] DbBoards:127 - board P-NUCLEO-WB55-Nucleo has no document id list !
2024-07-27 14:03:14,220 [WARN] DbBoards:127 - board P-NUCLEO-WB55-USBDongle has no document id list !
2024-07-27 14:03:14,220 [WARN] DbBoards:127 - board STEVAL-BFA001V1B has no document id list !
2024-07-27 14:03:14,220 [WARN] DbBoards:127 - board STEVAL-BFA001V2B has no document id list !
2024-07-27 14:03:14,220 [WARN] DbBoards:127 - board STEVAL-IDP005V1 has no document id list !
2024-07-27 14:03:14,220 [WARN] DbBoards:127 - board STEVAL-IDP005V2 has no document id list !
2024-07-27 14:03:14,220 [WARN] DbBoards:127 - board STEVAL-MKSBOX1V1 has no document id list !
2024-07-27 14:03:14,220 [WARN] DbBoards:127 - board STEVAL-STWINKT1 has no document id list !
2024-07-27 14:03:14,220 [WARN] DbBoards:127 - board STEVAL-STWINKT1B has no document id list !
2024-07-27 14:03:14,220 [WARN] DbBoards:127 - board STM32439I-EVAL2 has no document id list !
2024-07-27 14:03:14,222 [WARN] DbBoards:127 - board STM32F401C-DISCO has no document id list !
2024-07-27 14:03:14,230 [WARN] DbBoards:127 - board STM32F769I-DISC1 has no document id list !
2024-07-27 14:03:14,230 [WARN] DbBoards:127 - board STM32G474E-EVAL1 has no document id list !
2024-07-27 14:03:14,230 [WARN] DbBoards:127 - board STM32H743I-EVAL2 has no document id list !
2024-07-27 14:03:14,230 [WARN] DbBoards:127 - board STM32H747I-DISC1 has no document id list !
2024-07-27 14:03:14,230 [WARN] DbBoards:127 - board STM32H753I-EVAL2 has no document id list !
2024-07-27 14:03:14,230 [WARN] DbBoards:127 - board STM32L-DISCOVERY has no document id list !
2024-07-27 14:03:14,360 [ERROR] DbBoards:189 - Image file not found for board B-L462E-CELL1: C:\ST\STM32CubeIDE_1.4.0\STM32CubeIDE\plugins\com.st.stm32cube.common.mx_6.0.0.202007160824\\db\/plugins/mcufinder/images/boards/B-L462E-CELL1_small.jpg
2024-07-27 14:03:14,410 [ERROR] DbBoards:189 - Image file not found for board B-U585I-IOT02A: C:\ST\STM32CubeIDE_1.4.0\STM32CubeIDE\plugins\com.st.stm32cube.common.mx_6.0.0.202007160824\\db\/plugins/mcufinder/images/boards/B-U585I-IOT02A_small.jpg
2024-07-27 14:03:14,500 [ERROR] DbBoards:189 - Image file not found for board NUCLEO-F413ZH: C:\ST\STM32CubeIDE_1.4.0\STM32CubeIDE\plugins\com.st.stm32cube.common.mx_6.0.0.202007160824\\db\/plugins/mcufinder/images/boards/nucleo-f413zh_small.jpg
2024-07-27 14:03:14,646 [ERROR] DbBoards:189 - Image file not found for board NUCLEO-L552ZE-Q: C:\ST\STM32CubeIDE_1.4.0\STM32CubeIDE\plugins\com.st.stm32cube.common.mx_6.0.0.202007160824\\db\/plugins/mcufinder/images/boards/nucleo_l552ze_q_small.jpg
2024-07-27 14:03:14,646 [ERROR] DbBoards:189 - Image file not found for board NUCLEO-U575ZI-Q: C:\ST\STM32CubeIDE_1.4.0\STM32CubeIDE\plugins\com.st.stm32cube.common.mx_6.0.0.202007160824\\db\/plugins/mcufinder/images/boards/nucleo-u575zi-q_small.jpg
2024-07-27 14:03:14,646 [ERROR] DbBoards:189 - Image file not found for board NUCLEO-WB15CC: C:\ST\STM32CubeIDE_1.4.0\STM32CubeIDE\plugins\com.st.stm32cube.common.mx_6.0.0.202007160824\\db\/plugins/mcufinder/images/boards/nucleo-wb15cc_small.jpg
2024-07-27 14:03:14,646 [ERROR] DbBoards:189 - Image file not found for board NUCLEO-WB55RG: C:\ST\STM32CubeIDE_1.4.0\STM32CubeIDE\plugins\com.st.stm32cube.common.mx_6.0.0.202007160824\\db\/plugins/mcufinder/images/boards/nucleo-wb55rg_small.jpg
2024-07-27 14:03:14,646 [ERROR] DbBoards:189 - Image file not found for board NUCLEO-WL55JC: C:\ST\STM32CubeIDE_1.4.0\STM32CubeIDE\plugins\com.st.stm32cube.common.mx_6.0.0.202007160824\\db\/plugins/mcufinder/images/boards/nucleo-wl55jc-small.jpg
2024-07-27 14:03:14,816 [ERROR] DbBoards:189 - Image file not found for board STEVAL-STWINKT1B: C:\ST\STM32CubeIDE_1.4.0\STM32CubeIDE\plugins\com.st.stm32cube.common.mx_6.0.0.202007160824\\db\/plugins/mcufinder/images/boards/steval-stwinkt1b_small.jpg
2024-07-27 14:03:15,196 [ERROR] DbBoards:189 - Image file not found for board STM32G0C1E-EV: C:\ST\STM32CubeIDE_1.4.0\STM32CubeIDE\plugins\com.st.stm32cube.common.mx_6.0.0.202007160824\\db\/plugins/mcufinder/images/boards/stm32g0c1e-eval_small.jpg
2024-07-27 14:03:15,316 [ERROR] DbBoards:189 - Image file not found for board STM32H7B3I-EVAL: C:\ST\STM32CubeIDE_1.4.0\STM32CubeIDE\plugins\com.st.stm32cube.common.mx_6.0.0.202007160824\\db\/plugins/mcufinder/images/boards/stm32h7b3ieval_small.jpg
2024-07-27 14:03:15,526 [ERROR] DbBoards:189 - Image file not found for board STM32U575I-EV: C:\ST\STM32CubeIDE_1.4.0\STM32CubeIDE\plugins\com.st.stm32cube.common.mx_6.0.0.202007160824\\db\/plugins/mcufinder/images/boards/stm32u575i-ev_small.jpg
2024-07-27 14:03:15,556 [ERROR] DbBoards:189 - Image file not found for board STM32WB5MM-DK: C:\ST\STM32CubeIDE_1.4.0\STM32CubeIDE\plugins\com.st.stm32cube.common.mx_6.0.0.202007160824\\db\/plugins/mcufinder/images/boards/STM32WB5MM-DK_small.jpg
2024-07-27 14:03:15,556 [INFO] ApiDb:201 - Load user favorites file C:\Users\20102/.stm32cubeide/favorites.boards.txt: 0 item(s)
2024-07-27 14:03:15,556 [INFO] ApiDb:205 - User favorites Boards=[]
2024-07-27 14:03:15,556 [INFO] DbBoards:206 - Set 0 / 0 favorites Boards
2024-07-27 14:03:29,888 [INFO] MultiScanPanel:193 - Auto-refresh data requested => check proxy status ongoing
2024-07-27 14:03:30,025 [INFO] BoardFilterPanel:214 - Update 0 favorites Boards
2024-07-27 14:03:51,699 [INFO] DbMcusDocs:145 - JSON generation date=Tue Nov 16 18:17:54 EET 2021 (1637079474)
2024-07-27 14:03:51,974 [INFO] DbMcusDocs:81 - Found 682 MCUs documents
2024-07-27 14:04:04,567 [INFO] LogOutputStream:76 - [STDOUT_REDIRECT] withoutVersionV1.8.4
2024-07-27 14:04:04,577 [INFO] LogOutputStream:76 - [STDOUT_REDIRECT] withoutVersionV1.8.3
2024-07-27 14:04:04,577 [INFO] LogOutputStream:76 - [STDOUT_REDIRECT] withoutVersionV1.8.2
2024-07-27 14:04:04,577 [INFO] LogOutputStream:76 - [STDOUT_REDIRECT] withoutVersionV1.8.1
2024-07-27 14:04:04,577 [INFO] LogOutputStream:76 - [STDOUT_REDIRECT] withoutVersionV1.8.0
2024-07-27 14:04:10,812 [INFO] ApiDb:226 - Save user favorites file C:\Users\20102/.stm32cubeide/favorites.mcus.txt: 0 item(s)
2024-07-27 14:04:10,812 [INFO] ApiDb:230 - User favorites MCUs=[]
2024-07-27 14:04:10,822 [INFO] ApiDb:226 - Save user favorites file C:\Users\20102/.stm32cubeide/favorites.boards.txt: 0 item(s)
2024-07-27 14:04:10,822 [INFO] ApiDb:230 - User favorites Boards=[]
2024-07-28 11:54:34,009 [INFO] Activator:178 - 


2024-07-28 11:54:34,019 [INFO] Activator:179 - !SESSION log4j initialized
