2023-10-15 11:58:45,313 [INFO] Activator:178 - 


2023-10-15 11:58:45,318 [INFO] Activator:179 - !SESSION log4j initialized
2023-10-15 11:59:37,720 [INFO] ApplicationProperties:181 - Using Application install path: C:\ST\STM32CubeIDE_1.4.0\STM32CubeIDE\plugins\com.st.stm32cube.common.mx_6.0.0.202007160824
2023-10-15 11:59:37,737 [INFO] DbMcusXml:70 - Set database path to: C:\ST\STM32CubeIDE_1.4.0\STM32CubeIDE\plugins\com.st.stm32cube.common.mx_6.0.0.202007160824\\db\/mcu/
2023-10-15 11:59:37,741 [INFO] DbBoardsPdsc:56 - Set plugin database path to: C:\ST\STM32CubeIDE_1.4.0\STM32CubeIDE\plugins\com.st.stm32cube.common.mx_6.0.0.202007160824\\db\/plugins/boardmanager/
2023-10-15 11:59:37,741 [INFO] DbMcus:258 - Set plugin images path to: C:\ST\STM32CubeIDE_1.4.0\STM32CubeIDE\plugins\com.st.stm32cube.common.mx_6.0.0.202007160824\\db\/plugins/mcufinder/images/
2023-10-15 11:59:37,742 [INFO] DbBoards:264 - Set plugin images path to: C:\ST\STM32CubeIDE_1.4.0\STM32CubeIDE\plugins\com.st.stm32cube.common.mx_6.0.0.202007160824\\db\/plugins/mcufinder/images/
2023-10-15 11:59:37,745 [INFO] DbExamples:326 - Set plugin images path to: C:\ST\STM32CubeIDE_1.4.0\STM32CubeIDE\plugins\com.st.stm32cube.common.mx_6.0.0.202007160824\\db\/plugins/mcufinder/images/
2023-10-15 11:59:37,756 [INFO] DbMcusDocs:112 - Set database path to: C:\Users\20102\.stmcufinder\plugins\mcufinder//mcu/
2023-10-15 11:59:37,759 [INFO] DbMcusJson:63 - Set database path to: C:\Users\20102\.stmcufinder\plugins\mcufinder//mcu/
2023-10-15 11:59:37,761 [INFO] DbBoardsDocs:112 - Set database path to: C:\Users\20102\.stmcufinder\plugins\mcufinder//mcu/
2023-10-15 11:59:37,762 [INFO] DbBoardsJson:56 - Set database path to: C:\Users\20102\.stmcufinder\plugins\mcufinder//mcu/
2023-10-15 11:59:38,295 [INFO] CrossReferenceDbSqlite:196 - Set database path to: C:\Users\20102\.stmcufinder\plugins\mcufinder//mcu/cs/
2023-10-15 11:59:38,299 [INFO] DbExamplesSqlite:800 - Set database path to: C:\Users\20102\.stmcufinder\plugins\mcufinder//mcu/
2023-10-15 11:59:38,463 [INFO] RulesReader:52 - Compatibility file has been processed (209 Rules)
2023-10-15 11:59:38,593 [INFO] MicroXplorer:564 - Detected Java Version = 1.8.0_252
2023-10-15 11:59:38,594 [INFO] DbMcusXml:70 - Set database path to: C:\ST\STM32CubeIDE_1.4.0\STM32CubeIDE\plugins\com.st.stm32cube.common.mx_6.0.0.202007160824\\db\/mcu/
2023-10-15 11:59:38,594 [INFO] DbBoardsPdsc:56 - Set plugin database path to: C:\ST\STM32CubeIDE_1.4.0\STM32CubeIDE\plugins\com.st.stm32cube.common.mx_6.0.0.202007160824\\db\/plugins/boardmanager/
2023-10-15 11:59:38,595 [INFO] DbMcus:258 - Set plugin images path to: C:\ST\STM32CubeIDE_1.4.0\STM32CubeIDE\plugins\com.st.stm32cube.common.mx_6.0.0.202007160824\\db\/plugins/mcufinder/images/
2023-10-15 11:59:38,596 [INFO] DbBoards:264 - Set plugin images path to: C:\ST\STM32CubeIDE_1.4.0\STM32CubeIDE\plugins\com.st.stm32cube.common.mx_6.0.0.202007160824\\db\/plugins/mcufinder/images/
2023-10-15 11:59:38,596 [INFO] DbExamples:326 - Set plugin images path to: C:\ST\STM32CubeIDE_1.4.0\STM32CubeIDE\plugins\com.st.stm32cube.common.mx_6.0.0.202007160824\\db\/plugins/mcufinder/images/
2023-10-15 11:59:38,596 [WARN] DbFile:36 - Overriding database path with different value: C:\Users\20102\.stmcufinder\plugins\mcufinder/ => C:\Users\20102\.stmcufinder\plugins\mcufinder
2023-10-15 11:59:38,596 [INFO] DbMcusDocs:112 - Set database path to: C:\Users\20102\.stmcufinder\plugins\mcufinder//mcu/
2023-10-15 11:59:38,596 [WARN] DbFile:36 - Overriding database path with different value: C:\Users\20102\.stmcufinder\plugins\mcufinder/ => C:\Users\20102\.stmcufinder\plugins\mcufinder
2023-10-15 11:59:38,597 [INFO] DbMcusJson:63 - Set database path to: C:\Users\20102\.stmcufinder\plugins\mcufinder//mcu/
2023-10-15 11:59:38,597 [WARN] DbFile:36 - Overriding database path with different value: C:\Users\20102\.stmcufinder\plugins\mcufinder/ => C:\Users\20102\.stmcufinder\plugins\mcufinder
2023-10-15 11:59:38,597 [INFO] DbBoardsDocs:112 - Set database path to: C:\Users\20102\.stmcufinder\plugins\mcufinder//mcu/
2023-10-15 11:59:38,597 [WARN] DbFile:36 - Overriding database path with different value: C:\Users\20102\.stmcufinder\plugins\mcufinder/ => C:\Users\20102\.stmcufinder\plugins\mcufinder
2023-10-15 11:59:38,597 [INFO] DbBoardsJson:56 - Set database path to: C:\Users\20102\.stmcufinder\plugins\mcufinder//mcu/
2023-10-15 11:59:38,597 [WARN] DbFile:36 - Overriding database path with different value: C:\Users\20102\.stmcufinder\plugins\mcufinder/ => C:\Users\20102\.stmcufinder\plugins\mcufinder
2023-10-15 11:59:38,598 [WARN] DbFile:36 - Overriding database path with different value: C:\Users\20102\.stmcufinder\plugins\mcufinder/ => C:\Users\20102\.stmcufinder\plugins\mcufinder
2023-10-15 11:59:38,598 [INFO] CrossReferenceDbSqlite:196 - Set database path to: C:\Users\20102\.stmcufinder\plugins\mcufinder//mcu/cs/
2023-10-15 11:59:38,598 [WARN] DbFile:36 - Overriding database path with different value: C:\Users\20102\.stmcufinder\plugins\mcufinder/ => C:\Users\20102\.stmcufinder\plugins\mcufinder
2023-10-15 11:59:38,598 [INFO] DbExamplesSqlite:800 - Set database path to: C:\Users\20102\.stmcufinder\plugins\mcufinder//mcu/
2023-10-15 11:59:38,692 [INFO] MainPanel:189 - HeapMemory: 432013312
2023-10-15 11:59:38,795 [INFO] DbMcusXml:70 - Set database path to: C:\ST\STM32CubeIDE_1.4.0\STM32CubeIDE\plugins\com.st.stm32cube.common.mx_6.0.0.202007160824\\db\/mcu/
2023-10-15 11:59:38,795 [INFO] DbBoardsPdsc:56 - Set plugin database path to: C:\ST\STM32CubeIDE_1.4.0\STM32CubeIDE\plugins\com.st.stm32cube.common.mx_6.0.0.202007160824\\db\/plugins/boardmanager/
2023-10-15 11:59:38,796 [INFO] DbMcus:258 - Set plugin images path to: C:\ST\STM32CubeIDE_1.4.0\STM32CubeIDE\plugins\com.st.stm32cube.common.mx_6.0.0.202007160824\\db\/plugins/mcufinder/images/
2023-10-15 11:59:38,796 [INFO] DbBoards:264 - Set plugin images path to: C:\ST\STM32CubeIDE_1.4.0\STM32CubeIDE\plugins\com.st.stm32cube.common.mx_6.0.0.202007160824\\db\/plugins/mcufinder/images/
2023-10-15 11:59:38,796 [INFO] DbExamples:326 - Set plugin images path to: C:\ST\STM32CubeIDE_1.4.0\STM32CubeIDE\plugins\com.st.stm32cube.common.mx_6.0.0.202007160824\\db\/plugins/mcufinder/images/
2023-10-15 11:59:38,796 [WARN] DbFile:36 - Overriding database path with different value: C:\Users\20102\.stmcufinder\plugins\mcufinder/ => C:\Users\20102\.stmcufinder\plugins\mcufinder
2023-10-15 11:59:38,796 [INFO] DbMcusDocs:112 - Set database path to: C:\Users\20102\.stmcufinder\plugins\mcufinder//mcu/
2023-10-15 11:59:38,796 [WARN] DbFile:36 - Overriding database path with different value: C:\Users\20102\.stmcufinder\plugins\mcufinder/ => C:\Users\20102\.stmcufinder\plugins\mcufinder
2023-10-15 11:59:38,796 [INFO] DbMcusJson:63 - Set database path to: C:\Users\20102\.stmcufinder\plugins\mcufinder//mcu/
2023-10-15 11:59:38,796 [WARN] DbFile:36 - Overriding database path with different value: C:\Users\20102\.stmcufinder\plugins\mcufinder/ => C:\Users\20102\.stmcufinder\plugins\mcufinder
2023-10-15 11:59:38,796 [INFO] DbBoardsDocs:112 - Set database path to: C:\Users\20102\.stmcufinder\plugins\mcufinder//mcu/
2023-10-15 11:59:38,797 [WARN] DbFile:36 - Overriding database path with different value: C:\Users\20102\.stmcufinder\plugins\mcufinder/ => C:\Users\20102\.stmcufinder\plugins\mcufinder
2023-10-15 11:59:38,797 [INFO] DbBoardsJson:56 - Set database path to: C:\Users\20102\.stmcufinder\plugins\mcufinder//mcu/
2023-10-15 11:59:38,797 [WARN] DbFile:36 - Overriding database path with different value: C:\Users\20102\.stmcufinder\plugins\mcufinder/ => C:\Users\20102\.stmcufinder\plugins\mcufinder
2023-10-15 11:59:38,797 [WARN] DbFile:36 - Overriding database path with different value: C:\Users\20102\.stmcufinder\plugins\mcufinder/ => C:\Users\20102\.stmcufinder\plugins\mcufinder
2023-10-15 11:59:38,797 [INFO] CrossReferenceDbSqlite:196 - Set database path to: C:\Users\20102\.stmcufinder\plugins\mcufinder//mcu/cs/
2023-10-15 11:59:38,797 [WARN] DbFile:36 - Overriding database path with different value: C:\Users\20102\.stmcufinder\plugins\mcufinder/ => C:\Users\20102\.stmcufinder\plugins\mcufinder
2023-10-15 11:59:38,798 [INFO] DbExamplesSqlite:800 - Set database path to: C:\Users\20102\.stmcufinder\plugins\mcufinder//mcu/
2023-10-15 11:59:38,820 [INFO] ApplicationProperties:181 - Using Application install path: C:\ST\STM32CubeIDE_1.4.0\STM32CubeIDE\plugins\com.st.stm32cube.common.mx_6.0.0.202007160824
2023-10-15 11:59:38,823 [INFO] PluginManage:178 - Search for loadable plugins [exclusion list=, ]
2023-10-15 11:59:38,826 [INFO] PluginManage:292 - Check plugin analytics
2023-10-15 11:59:39,058 [INFO] AnalyticsPlugin:203 - Accepted Software Licenses: 
2023-10-15 11:59:39,058 [INFO] AnalyticsPlugin:205 - Accepted CMSIS Pack Licenses: 
2023-10-15 11:59:39,059 [INFO] AnalyticsPlugin:207 - Accepted Firmware Licenses: 
2023-10-15 11:59:39,059 [INFO] PluginManage:342 - Loaded plugin analytics (category:tool,tabindex:-1)
2023-10-15 11:59:39,059 [INFO] PluginManage:292 - Check plugin clock
2023-10-15 11:59:39,091 [INFO] PluginManage:342 - Loaded plugin clock (category:base,tabindex:2)
2023-10-15 11:59:39,092 [INFO] PluginManage:292 - Check plugin ddr
2023-10-15 11:59:39,095 [INFO] PluginManage:342 - Loaded plugin ddr (category:tool,tabindex:6)
2023-10-15 11:59:39,095 [INFO] PluginManage:292 - Check plugin filemanager
2023-10-15 11:59:39,291 [INFO] PluginManage:342 - Loaded plugin filemanager (category:base,tabindex:10)
2023-10-15 11:59:39,291 [INFO] PluginManage:292 - Check plugin ipmanager
2023-10-15 11:59:39,304 [INFO] PluginManage:342 - Loaded plugin ipmanager (category:base,tabindex:5)
2023-10-15 11:59:39,304 [INFO] PluginManage:292 - Check plugin pinoutandconfiguration
2023-10-15 11:59:39,331 [INFO] PluginManage:342 - Loaded plugin pinoutandconfiguration (category:base,tabindex:1)
2023-10-15 11:59:39,331 [INFO] PluginManage:292 - Check plugin pinoutconfig
2023-10-15 11:59:39,375 [INFO] PluginManage:342 - Loaded plugin pinoutconfig (category:base,tabindex:0)
2023-10-15 11:59:39,376 [INFO] PluginManage:292 - Check plugin power
2023-10-15 11:59:39,424 [INFO] PluginManage:342 - Loaded plugin power (category:power,tabindex:4)
2023-10-15 11:59:39,425 [INFO] PluginManage:292 - Check plugin projectmanager
2023-10-15 11:59:39,441 [INFO] PluginManage:342 - Loaded plugin projectmanager (category:projectmanager,tabindex:3)
2023-10-15 11:59:39,441 [INFO] PluginManage:292 - Check plugin thirdparty
2023-10-15 11:59:39,721 [INFO] ThirdPartyDb:333 - Open Third Party DataBase File (C:/Users/20102/.stm32cubemx/plugins/thirdparty/db/thirdparties_db.xml) : 91 ms. number of Sw pack : 82
2023-10-15 11:59:39,726 [INFO] PluginManage:342 - Loaded plugin thirdparty (category:base,tabindex:-1)
2023-10-15 11:59:39,726 [INFO] PluginManage:292 - Check plugin tools
2023-10-15 11:59:39,811 [INFO] PluginManage:342 - Loaded plugin tools (category:base,tabindex:7)
2023-10-15 11:59:39,812 [INFO] PluginManage:292 - Check plugin tutovideos
2023-10-15 11:59:40,111 [INFO] PluginManage:342 - Loaded plugin tutovideos (category:base,tabindex:-1)
2023-10-15 11:59:40,112 [INFO] PluginManage:292 - Check plugin updater
2023-10-15 11:59:40,130 [INFO] PluginManage:342 - Loaded plugin updater (category:base,tabindex:12)
2023-10-15 11:59:40,131 [INFO] PluginManage:265 - PluginManage : Loaded plugins [13]
2023-10-15 11:59:40,383 [INFO] PinOutPanel:1418 - setPackage(No Configuration,No Configuration)
2023-10-15 11:59:40,502 [INFO] IPUIPlugin:64 - create IPUIPlugin
2023-10-15 11:59:40,502 [INFO] PluginManager:200 - loadIPPluginJar : add adc
2023-10-15 11:59:40,547 [INFO] IPUIPlugin:64 - create IPUIPlugin
2023-10-15 11:59:40,547 [INFO] PluginManager:200 - loadIPPluginJar : add aes
2023-10-15 11:59:40,606 [INFO] IPUIPlugin:64 - create IPUIPlugin
2023-10-15 11:59:40,606 [INFO] PluginManager:200 - loadIPPluginJar : add can
2023-10-15 11:59:40,642 [INFO] IPUIPlugin:64 - create IPUIPlugin
2023-10-15 11:59:40,643 [INFO] PluginManager:200 - loadIPPluginJar : add comp
2023-10-15 11:59:40,686 [INFO] IPUIPlugin:64 - create IPUIPlugin
2023-10-15 11:59:40,687 [INFO] PluginManager:200 - loadIPPluginJar : add cryp
2023-10-15 11:59:40,732 [INFO] IPUIPlugin:64 - create IPUIPlugin
2023-10-15 11:59:40,732 [INFO] PluginManager:200 - loadIPPluginJar : add dfsdm
2023-10-15 11:59:40,749 [INFO] IPUIPlugin:64 - create IPUIPlugin
2023-10-15 11:59:40,750 [INFO] PluginManager:200 - loadIPPluginJar : add dma
2023-10-15 11:59:40,785 [INFO] IPUIPlugin:64 - create IPUIPlugin
2023-10-15 11:59:40,785 [INFO] PluginManager:200 - loadIPPluginJar : add fatfs
2023-10-15 11:59:40,852 [INFO] IPUIPlugin:64 - create IPUIPlugin
2023-10-15 11:59:40,852 [INFO] PluginManager:200 - loadIPPluginJar : add fmc
2023-10-15 11:59:40,869 [INFO] IPUIPlugin:64 - create IPUIPlugin
2023-10-15 11:59:40,870 [INFO] PluginManager:200 - loadIPPluginJar : add freertos
2023-10-15 11:59:40,904 [INFO] IPUIPlugin:64 - create IPUIPlugin
2023-10-15 11:59:40,904 [INFO] PluginManager:200 - loadIPPluginJar : add genericplugin
2023-10-15 11:59:41,044 [INFO] IPUIPlugin:64 - create IPUIPlugin
2023-10-15 11:59:41,044 [INFO] PluginManager:200 - loadIPPluginJar : add gfxmmu
2023-10-15 11:59:41,240 [INFO] IPUIPlugin:64 - create IPUIPlugin
2023-10-15 11:59:41,240 [INFO] PluginManager:200 - loadIPPluginJar : add gic
2023-10-15 11:59:41,261 [INFO] IPUIPlugin:64 - create IPUIPlugin
2023-10-15 11:59:41,261 [INFO] PluginManager:200 - loadIPPluginJar : add gpio
2023-10-15 11:59:41,349 [INFO] IPUIPlugin:64 - create IPUIPlugin
2023-10-15 11:59:41,349 [INFO] PluginManager:200 - loadIPPluginJar : add gtzc
2023-10-15 11:59:41,393 [INFO] IPUIPlugin:64 - create IPUIPlugin
2023-10-15 11:59:41,394 [INFO] PluginManager:200 - loadIPPluginJar : add hash
2023-10-15 11:59:41,619 [INFO] IPUIPlugin:64 - create IPUIPlugin
2023-10-15 11:59:41,620 [INFO] PluginManager:200 - loadIPPluginJar : add i2c
2023-10-15 11:59:41,681 [INFO] IPUIPlugin:64 - create IPUIPlugin
2023-10-15 11:59:41,682 [INFO] PluginManager:200 - loadIPPluginJar : add i2s
2023-10-15 11:59:41,696 [INFO] IPUIPlugin:64 - create IPUIPlugin
2023-10-15 11:59:41,697 [INFO] PluginManager:200 - loadIPPluginJar : add ipddr
2023-10-15 11:59:41,769 [INFO] IPUIPlugin:64 - create IPUIPlugin
2023-10-15 11:59:41,769 [INFO] PluginManager:200 - loadIPPluginJar : add ltdc
2023-10-15 11:59:41,784 [INFO] IPUIPlugin:64 - create IPUIPlugin
2023-10-15 11:59:41,785 [INFO] PluginManager:200 - loadIPPluginJar : add mdma
2023-10-15 11:59:41,799 [INFO] IPUIPlugin:64 - create IPUIPlugin
2023-10-15 11:59:41,799 [INFO] PluginManager:200 - loadIPPluginJar : add nvic
2023-10-15 11:59:41,852 [INFO] IPUIPlugin:64 - create IPUIPlugin
2023-10-15 11:59:41,852 [INFO] PluginManager:200 - loadIPPluginJar : add opamp
2023-10-15 11:59:41,938 [INFO] IPUIPlugin:64 - create IPUIPlugin
2023-10-15 11:59:41,938 [INFO] PluginManager:200 - loadIPPluginJar : add openamp
2023-10-15 11:59:42,002 [INFO] IPUIPlugin:64 - create IPUIPlugin
2023-10-15 11:59:42,003 [INFO] PluginManager:200 - loadIPPluginJar : add pdm2pcm
2023-10-15 11:59:42,022 [INFO] IPUIPlugin:64 - create IPUIPlugin
2023-10-15 11:59:42,027 [INFO] PluginManager:200 - loadIPPluginJar : add plateformsettings
2023-10-15 11:59:42,065 [INFO] IPUIPlugin:64 - create IPUIPlugin
2023-10-15 11:59:42,065 [INFO] PluginManager:200 - loadIPPluginJar : add quadspi
2023-10-15 11:59:42,080 [INFO] IPUIPlugin:64 - create IPUIPlugin
2023-10-15 11:59:42,080 [INFO] PluginManager:200 - loadIPPluginJar : add resmgrutility
2023-10-15 11:59:42,150 [INFO] IPUIPlugin:64 - create IPUIPlugin
2023-10-15 11:59:42,150 [INFO] PluginManager:200 - loadIPPluginJar : add sai
2023-10-15 11:59:42,205 [INFO] IPUIPlugin:64 - create IPUIPlugin
2023-10-15 11:59:42,205 [INFO] PluginManager:200 - loadIPPluginJar : add spi
2023-10-15 11:59:42,275 [INFO] IPUIPlugin:64 - create IPUIPlugin
2023-10-15 11:59:42,276 [INFO] PluginManager:200 - loadIPPluginJar : add stm32_wpan
2023-10-15 11:59:42,315 [INFO] IPUIPlugin:64 - create IPUIPlugin
2023-10-15 11:59:42,315 [INFO] PluginManager:200 - loadIPPluginJar : add tim
2023-10-15 11:59:42,397 [INFO] IPUIPlugin:64 - create IPUIPlugin
2023-10-15 11:59:42,397 [INFO] PluginManager:200 - loadIPPluginJar : add touchsensing
2023-10-15 11:59:42,444 [INFO] IPUIPlugin:64 - create IPUIPlugin
2023-10-15 11:59:42,445 [INFO] PluginManager:200 - loadIPPluginJar : add tracer_emb
2023-10-15 11:59:42,489 [INFO] IPUIPlugin:64 - create IPUIPlugin
2023-10-15 11:59:42,490 [INFO] PluginManager:200 - loadIPPluginJar : add ts
2023-10-15 11:59:42,528 [INFO] IPUIPlugin:64 - create IPUIPlugin
2023-10-15 11:59:42,529 [INFO] PluginManager:200 - loadIPPluginJar : add tsc
2023-10-15 11:59:42,566 [INFO] IPUIPlugin:64 - create IPUIPlugin
2023-10-15 11:59:42,566 [INFO] PluginManager:200 - loadIPPluginJar : add ucpd
2023-10-15 11:59:42,629 [INFO] IPUIPlugin:64 - create IPUIPlugin
2023-10-15 11:59:42,629 [INFO] PluginManager:200 - loadIPPluginJar : add usart
2023-10-15 11:59:43,300 [INFO] CubeProgrammer:457 - [DDR PANEL] - PathOfProgrammer: null
2023-10-15 11:59:44,175 [FATAL] Updater:282 - Updater called before beeing initialized
2023-10-15 11:59:44,403 [FATAL] Updater:282 - Updater called before beeing initialized
2023-10-15 11:59:44,404 [WARN] ThirdParty:775 - waiting for thirdparty lock release [close project]
2023-10-15 11:59:44,404 [INFO] ThirdParty:777 - entering critical section [close project]
2023-10-15 11:59:44,405 [INFO] ThirdParty:790 - exiting critical section [close project]
2023-10-15 11:59:44,409 [INFO] PinOutPanel:1418 - setPackage(No Configuration,No Configuration)
2023-10-15 11:59:44,409 [FATAL] Updater:282 - Updater called before beeing initialized
2023-10-15 11:59:44,425 [ERROR] Updater:967 - MainUpdater not yet initialized. External WinMGr cannot be set.
2023-10-15 11:59:44,426 [INFO] CubeProgrammer:457 - [DDR PANEL] - PathOfProgrammer: C:\ST\STM32CubeIDE_1.4.0\STM32CubeIDE\plugins\com.st.stm32cube.ide.mcu.externaltools.cubeprogrammer.win32_1.4.0.202007081208\tools\bin
2023-10-15 11:59:44,431 [INFO] ProgrammerExecThread:148 - [ProgrammerAPI] CubeProgrammer command construction: C:\ST\STM32CubeIDE_1.4.0\STM32CubeIDE\plugins\com.st.stm32cube.ide.mcu.externaltools.cubeprogrammer.win32_1.4.0.202007081208\tools\bin\STM32_Programmer_CLI.exe -l
2023-10-15 11:59:44,763 [INFO] MainDdrPanel:49 - [DDR PANEL] SETTER - Set cubeProgrammerPath to: C:\ST\STM32CubeIDE_1.4.0\STM32CubeIDE\plugins\com.st.stm32cube.ide.mcu.externaltools.cubeprogrammer.win32_1.4.0.202007081208\tools\bin
2023-10-15 11:59:44,901 [INFO] Updater:904 - Updater Version found : 6.0.0
2023-10-15 11:59:44,922 [INFO] ApplicationProperties:181 - Using Application install path: C:\ST\STM32CubeIDE_1.4.0\STM32CubeIDE\plugins\com.st.stm32cube.common.mx_6.0.0.202007160824
2023-10-15 11:59:46,395 [INFO] MainUpdater:2268 - connection check result : 10
2023-10-15 11:59:46,395 [INFO] MainUpdater:2935 - Updater definition file requires update
2023-10-15 11:59:46,397 [INFO] MainUpdater:239 - Updater Check For Update Now.
2023-10-15 11:59:46,397 [INFO] MicroXplorer:414 - Change Database Version : DB.6.0.0
2023-10-15 11:59:46,952 [INFO] ServerAccessManage:348 - Download File updaters.zip
2023-10-15 11:59:47,240 [INFO] FileExtend:225 - Unzip File : updaters.zip
2023-10-15 11:59:47,240 [INFO] FileExtend:240 - Standard Zip Deflate
2023-10-15 11:59:48,598 [INFO] ServerAccessManage:348 - Download File PacksControlFlags.xml
2023-10-15 11:59:48,744 [WARN] IntegrityCheckThread:61 - waiting for thirdparty lock release [integrity check]
2023-10-15 11:59:48,744 [INFO] IntegrityCheckThread:63 - entering critical section [integrity check]
2023-10-15 11:59:48,745 [WARN] MainUpdater:1087 - Updater busy. Cannot search thirdparties
2023-10-15 11:59:48,986 [INFO] ServerAccessManage:348 - Download File cubemx.pidx
2023-10-15 11:59:49,725 [INFO] ServerAccessManage:348 - Download File STMicroelectronics.FP-SNS-SMARTAG2.pdsc
2023-10-15 11:59:50,797 [INFO] ServerAccessManage:348 - Download File STMicroelectronics.X-CUBE-NFC6.pdsc
2023-10-15 11:59:51,575 [INFO] ServerAccessManage:348 - Download File STMicroelectronics.X-CUBE-TOUCHGFX.pdsc
2023-10-15 11:59:51,758 [WARN] MainUpdater:1087 - Updater busy. Cannot search thirdparties
2023-10-15 11:59:54,771 [WARN] MainUpdater:1087 - Updater busy. Cannot search thirdparties
2023-10-15 11:59:57,516 [INFO] MainUpdater:2268 - connection check result : 10
2023-10-15 11:59:57,773 [WARN] MainUpdater:1087 - Updater busy. Cannot search thirdparties
2023-10-15 11:59:59,026 [INFO] ServerAccessManage:348 - Download File ITTIA_DB.I-CUBE-ITTIADB.pdsc
2023-10-15 12:00:00,776 [WARN] MainUpdater:1087 - Updater busy. Cannot search thirdparties
2023-10-15 12:00:03,588 [INFO] ServerAccessManage:348 - Download File Infineon.AIROC-Wi-Fi-Bluetooth-STM32.pdsc
2023-10-15 12:00:03,790 [WARN] MainUpdater:1087 - Updater busy. Cannot search thirdparties
2023-10-15 12:00:05,378 [WARN] PopulateThirdPartyThread:96 - Error when creating pack: C:/Users/20102/.stm32cubemx/thirdparties/pdsc/STMicroelectronics.FP-SNS-SMARTAG2.pdsc
2023-10-15 12:00:05,447 [INFO] CheckServerUpdateThread:102 - End of CheckServer Thread
2023-10-15 12:00:05,492 [INFO] ThirdPartyDb:299 - Save Third Party DataBase File (C:/Users/20102/.stm32cubemx/plugins/thirdparty/db/thirdparties_db.xml) [forced]
2023-10-15 12:00:05,697 [INFO] ThirdPartyDb:299 - Save Third Party DataBase File (C:/Users/20102/.stm32cubemx/plugins/thirdparty/db/thirdparties_db.xml) [forced]
2023-10-15 12:00:05,799 [WARN] PopulateThirdPartyThread:96 - Error when creating pack: C:/Users/20102/.stm32cubemx/thirdparties/pdsc/ITTIA_DB.I-CUBE-ITTIADB.pdsc
2023-10-15 12:00:05,808 [WARN] PopulateThirdPartyThread:96 - Error when creating pack: C:/Users/20102/.stm32cubemx/thirdparties/pdsc/Infineon.AIROC-Wi-Fi-Bluetooth-STM32.pdsc
2023-10-15 12:00:05,808 [INFO] PopulateThirdPartyThread:50 - Ending populate Thread
2023-10-15 12:00:05,808 [INFO] ThirdPartyDb:299 - Save Third Party DataBase File (C:/Users/20102/.stm32cubemx/plugins/thirdparty/db/thirdparties_db.xml) [forced]
2023-10-15 12:00:05,920 [INFO] Engine:289 - softwarePackList size : 84
2023-10-15 12:00:05,940 [INFO] ServerAccessManage:348 - Download File mcusDocs.json._tmp_
2023-10-15 12:00:05,942 [INFO] Engine:301 - compute dependency for SwPack FP-ATR-ASTRA1 have been done, and update is requested
2023-10-15 12:00:05,993 [INFO] Engine:301 - compute dependency for SwPack X-CUBE-AI have been done, and update is requested
2023-10-15 12:00:06,030 [INFO] Engine:301 - compute dependency for SwPack X-CUBE-ALS have been done, and update is requested
2023-10-15 12:00:06,044 [INFO] LoadUrlFilesThread:135 - End of LoadUrlFiles Thread
2023-10-15 12:00:06,069 [INFO] Engine:301 - compute dependency for SwPack X-CUBE-BLE1 have been done, and update is requested
2023-10-15 12:00:06,094 [INFO] Engine:301 - compute dependency for SwPack X-CUBE-BLE2 have been done, and update is requested
2023-10-15 12:00:06,137 [INFO] ServerAccessManage:348 - Download File mcusFeaturesAndDescription.json._tmp_
2023-10-15 12:00:06,145 [INFO] Engine:301 - compute dependency for SwPack X-CUBE-BLEMGR have been done, and update is requested
2023-10-15 12:00:06,162 [ERROR] DependencyParser:1297 - StateRcvOpen_Cte Bad Token : )
2023-10-15 12:00:06,163 [ERROR] DependencyParser:1297 - StateRcvOpen_Cte Bad Token : )
2023-10-15 12:00:06,163 [ERROR] DependencyParser:1297 - StateRcvOpen_Cte Bad Token : )
2023-10-15 12:00:06,163 [ERROR] DependencyParser:1297 - StateRcvOpen_Cte Bad Token : )
2023-10-15 12:00:06,163 [ERROR] DependencyParser:1297 - StateRcvOpen_Cte Bad Token : )
2023-10-15 12:00:06,163 [ERROR] DependencyParser:1297 - StateRcvOpen_Cte Bad Token : )
2023-10-15 12:00:06,163 [ERROR] DependencyParser:1297 - StateRcvOpen_Cte Bad Token : )
2023-10-15 12:00:06,163 [ERROR] DependencyParser:1297 - StateRcvOpen_Cte Bad Token : )
2023-10-15 12:00:06,163 [ERROR] DependencyParser:1297 - StateRcvOpen_Cte Bad Token : )
2023-10-15 12:00:06,163 [ERROR] DependencyParser:1297 - StateRcvOpen_Cte Bad Token : )
2023-10-15 12:00:06,164 [ERROR] DependencyParser:1297 - StateRcvOpen_Cte Bad Token : )
2023-10-15 12:00:06,164 [ERROR] DependencyParser:1297 - StateRcvOpen_Cte Bad Token : )
2023-10-15 12:00:06,164 [ERROR] DependencyParser:1297 - StateRcvOpen_Cte Bad Token : )
2023-10-15 12:00:06,164 [ERROR] DependencyParser:1297 - StateRcvOpen_Cte Bad Token : )
2023-10-15 12:00:06,164 [ERROR] DependencyParser:1297 - StateRcvOpen_Cte Bad Token : )
2023-10-15 12:00:06,164 [ERROR] DependencyParser:1297 - StateRcvOpen_Cte Bad Token : )
2023-10-15 12:00:06,164 [ERROR] DependencyParser:1297 - StateRcvOpen_Cte Bad Token : )
2023-10-15 12:00:06,164 [INFO] Engine:305 - compute dependency for SwPack X-CUBE-DISPLAY have been done, no update is requested
2023-10-15 12:00:06,170 [INFO] Engine:301 - compute dependency for SwPack X-CUBE-EEPRMA1 have been done, and update is requested
2023-10-15 12:00:06,192 [INFO] Engine:301 - compute dependency for SwPack X-CUBE-GNSS1 have been done, and update is requested
2023-10-15 12:00:06,211 [INFO] Engine:301 - compute dependency for SwPack X-CUBE-ISPU have been done, and update is requested
2023-10-15 12:00:06,802 [WARN] MainUpdater:1087 - Updater busy. Cannot search thirdparties
2023-10-15 12:00:07,434 [INFO] Engine:301 - compute dependency for SwPack X-CUBE-MEMS1 have been done, and update is requested
2023-10-15 12:00:07,489 [INFO] Engine:301 - compute dependency for SwPack X-CUBE-NFC4 have been done, and update is requested
2023-10-15 12:00:07,533 [INFO] Engine:301 - compute dependency for SwPack X-CUBE-NFC7 have been done, and update is requested
2023-10-15 12:00:07,581 [INFO] Engine:301 - compute dependency for SwPack X-CUBE-SFXS2LP1 have been done, and update is requested
2023-10-15 12:00:07,669 [INFO] Engine:301 - compute dependency for SwPack X-CUBE-SUBG2 have been done, and update is requested
2023-10-15 12:00:07,749 [INFO] Engine:301 - compute dependency for SwPack X-CUBE-TOF1 have been done, and update is requested
2023-10-15 12:00:07,765 [INFO] Engine:305 - compute dependency for SwPack X-CUBE-TOUCHGFX have been done, no update is requested
2023-10-15 12:00:07,772 [INFO] Engine:301 - compute dependency for SwPack X-CUBE-ALGOBUILD have been done, and update is requested
2023-10-15 12:00:07,797 [INFO] Engine:301 - compute dependency for SwPack X-CUBE-AZRTOS-H7 have been done, and update is requested
2023-10-15 12:00:07,823 [INFO] Engine:301 - compute dependency for SwPack X-CUBE-AZRTOS-F4 have been done, and update is requested
2023-10-15 12:00:07,847 [INFO] Engine:301 - compute dependency for SwPack X-CUBE-AZRTOS-F7 have been done, and update is requested
2023-10-15 12:00:07,872 [INFO] Engine:301 - compute dependency for SwPack X-CUBE-AZRTOS-L4 have been done, and update is requested
2023-10-15 12:00:07,888 [ERROR] DependencyParser:1297 - StateRcvOpen_Cte Bad Token : )
2023-10-15 12:00:07,888 [ERROR] DependencyParser:1297 - StateRcvOpen_Cte Bad Token : )
2023-10-15 12:00:07,888 [ERROR] DependencyParser:1297 - StateRcvOpen_Cte Bad Token : )
2023-10-15 12:00:07,888 [ERROR] DependencyParser:1297 - StateRcvOpen_Cte Bad Token : )
2023-10-15 12:00:07,888 [ERROR] DependencyParser:1297 - StateRcvOpen_Cte Bad Token : )
2023-10-15 12:00:07,888 [ERROR] DependencyParser:1297 - StateRcvOpen_Cte Bad Token : )
2023-10-15 12:00:07,889 [ERROR] DependencyParser:1297 - StateRcvOpen_Cte Bad Token : )
2023-10-15 12:00:07,889 [ERROR] DependencyParser:1297 - StateRcvOpen_Cte Bad Token : )
2023-10-15 12:00:07,889 [ERROR] DependencyParser:1297 - StateRcvOpen_Cte Bad Token : )
2023-10-15 12:00:07,889 [ERROR] DependencyParser:1297 - StateRcvOpen_Cte Bad Token : )
2023-10-15 12:00:07,889 [ERROR] DependencyParser:1297 - StateRcvOpen_Cte Bad Token : )
2023-10-15 12:00:07,889 [ERROR] DependencyParser:1297 - StateRcvOpen_Cte Bad Token : )
2023-10-15 12:00:07,889 [ERROR] DependencyParser:1297 - StateRcvOpen_Cte Bad Token : )
2023-10-15 12:00:07,889 [ERROR] DependencyParser:1297 - StateRcvOpen_Cte Bad Token : )
2023-10-15 12:00:07,889 [ERROR] DependencyParser:1297 - StateRcvOpen_Cte Bad Token : )
2023-10-15 12:00:07,890 [ERROR] DependencyParser:1297 - StateRcvOpen_Cte Bad Token : )
2023-10-15 12:00:07,890 [ERROR] DependencyParser:1297 - StateRcvOpen_Cte Bad Token : )
2023-10-15 12:00:07,890 [ERROR] DependencyParser:1297 - StateRcvOpen_Cte Bad Token : )
2023-10-15 12:00:07,890 [ERROR] DependencyParser:1297 - StateRcvOpen_Cte Bad Token : )
2023-10-15 12:00:07,890 [ERROR] DependencyParser:1297 - StateRcvOpen_Cte Bad Token : )
2023-10-15 12:00:07,890 [ERROR] DependencyParser:1297 - StateRcvOpen_Cte Bad Token : )
2023-10-15 12:00:07,890 [ERROR] DependencyParser:1297 - StateRcvOpen_Cte Bad Token : )
2023-10-15 12:00:07,891 [ERROR] DependencyParser:1297 - StateRcvOpen_Cte Bad Token : )
2023-10-15 12:00:07,891 [ERROR] DependencyParser:1297 - StateRcvOpen_Cte Bad Token : )
2023-10-15 12:00:07,891 [ERROR] DependencyParser:1297 - StateRcvOpen_Cte Bad Token : )
2023-10-15 12:00:07,891 [ERROR] DependencyParser:1297 - StateRcvOpen_Cte Bad Token : )
2023-10-15 12:00:07,891 [ERROR] DependencyParser:1297 - StateRcvOpen_Cte Bad Token : )
2023-10-15 12:00:07,891 [ERROR] DependencyParser:1297 - StateRcvOpen_Cte Bad Token : )
2023-10-15 12:00:07,891 [ERROR] DependencyParser:1297 - StateRcvOpen_Cte Bad Token : )
2023-10-15 12:00:07,891 [ERROR] DependencyParser:1297 - StateRcvOpen_Cte Bad Token : )
2023-10-15 12:00:07,891 [ERROR] DependencyParser:1297 - StateRcvOpen_Cte Bad Token : )
2023-10-15 12:00:07,891 [ERROR] DependencyParser:1297 - StateRcvOpen_Cte Bad Token : )
2023-10-15 12:00:07,891 [ERROR] DependencyParser:1297 - StateRcvOpen_Cte Bad Token : )
2023-10-15 12:00:07,891 [ERROR] DependencyParser:1297 - StateRcvOpen_Cte Bad Token : )
2023-10-15 12:00:07,891 [ERROR] DependencyParser:1297 - StateRcvOpen_Cte Bad Token : )
2023-10-15 12:00:07,892 [ERROR] DependencyParser:1297 - StateRcvOpen_Cte Bad Token : )
2023-10-15 12:00:07,892 [ERROR] DependencyParser:1297 - StateRcvOpen_Cte Bad Token : )
2023-10-15 12:00:07,892 [ERROR] DependencyParser:1297 - StateRcvOpen_Cte Bad Token : )
2023-10-15 12:00:07,892 [ERROR] DependencyParser:1297 - StateRcvOpen_Cte Bad Token : )
2023-10-15 12:00:07,892 [ERROR] DependencyParser:1297 - StateRcvOpen_Cte Bad Token : )
2023-10-15 12:00:07,892 [ERROR] DependencyParser:1297 - StateRcvOpen_Cte Bad Token : )
2023-10-15 12:00:07,892 [ERROR] DependencyParser:1297 - StateRcvOpen_Cte Bad Token : )
2023-10-15 12:00:07,892 [ERROR] DependencyParser:1297 - StateRcvOpen_Cte Bad Token : )
2023-10-15 12:00:07,892 [ERROR] DependencyParser:1297 - StateRcvOpen_Cte Bad Token : )
2023-10-15 12:00:07,892 [ERROR] DependencyParser:1297 - StateRcvOpen_Cte Bad Token : )
2023-10-15 12:00:07,892 [ERROR] DependencyParser:1297 - StateRcvOpen_Cte Bad Token : )
2023-10-15 12:00:07,892 [INFO] Engine:305 - compute dependency for SwPack X-CUBE-AZRTOS-L5 have been done, no update is requested
2023-10-15 12:00:07,912 [INFO] Engine:301 - compute dependency for SwPack X-CUBE-AZRTOS-G0 have been done, and update is requested
2023-10-15 12:00:07,956 [INFO] Engine:301 - compute dependency for SwPack X-CUBE-AZRTOS-G4 have been done, and update is requested
2023-10-15 12:00:07,998 [INFO] Engine:301 - compute dependency for SwPack X-CUBE-AZRTOS-WL have been done, and update is requested
2023-10-15 12:00:08,017 [INFO] Engine:301 - compute dependency for SwPack I-CUBE-wolfSSL have been done, and update is requested
2023-10-15 12:00:08,047 [INFO] Engine:305 - compute dependency for SwPack I-CUBE-UNISONRTOS have been done, no update is requested
2023-10-15 12:00:08,346 [INFO] Engine:301 - compute dependency for SwPack I-CUBE-embOS have been done, and update is requested
2023-10-15 12:00:08,362 [INFO] Engine:301 - compute dependency for SwPack I-Cube-SoM-uGOAL have been done, and update is requested
2023-10-15 12:00:08,385 [INFO] Engine:301 - compute dependency for SwPack I-CUBE-CANOPEN have been done, and update is requested
2023-10-15 12:00:08,425 [INFO] Engine:305 - compute dependency for SwPack FreeRTOS have been done, no update is requested
2023-10-15 12:00:08,425 [INFO] Engine:305 - compute dependency for SwPack lwIP have been done, no update is requested
2023-10-15 12:00:08,425 [INFO] Engine:305 - compute dependency for SwPack lwIP have been done, no update is requested
2023-10-15 12:00:08,425 [INFO] Engine:305 - compute dependency for SwPack MBEDTLS have been done, no update is requested
2023-10-15 12:00:08,425 [INFO] Engine:305 - compute dependency for SwPack MBEDTLS have been done, no update is requested
2023-10-15 12:00:08,425 [INFO] Engine:305 - compute dependency for SwPack PDM2PCM have been done, no update is requested
2023-10-15 12:00:08,425 [INFO] Engine:305 - compute dependency for SwPack PDM2PCM have been done, no update is requested
2023-10-15 12:00:08,425 [INFO] Engine:305 - compute dependency for SwPack PDM2PCM have been done, no update is requested
2023-10-15 12:00:08,428 [INFO] Engine:305 - compute dependency for SwPack USB_DEVICE have been done, no update is requested
2023-10-15 12:00:08,429 [INFO] Engine:305 - compute dependency for SwPack USB_DEVICE have been done, no update is requested
2023-10-15 12:00:08,429 [INFO] Engine:305 - compute dependency for SwPack USB_DEVICE have been done, no update is requested
2023-10-15 12:00:08,432 [INFO] Engine:305 - compute dependency for SwPack USB_HOST have been done, no update is requested
2023-10-15 12:00:08,432 [INFO] Engine:305 - compute dependency for SwPack USB_HOST have been done, no update is requested
2023-10-15 12:00:08,434 [INFO] Engine:301 - compute dependency for SwPack FP-ATR-ASTRA1 have been done, and update is requested
2023-10-15 12:00:08,468 [INFO] Engine:301 - compute dependency for SwPack FP-ATR-SIGFOX1 have been done, and update is requested
2023-10-15 12:00:08,501 [INFO] Engine:301 - compute dependency for SwPack X-CUBE-AI have been done, and update is requested
2023-10-15 12:00:08,555 [INFO] Engine:301 - compute dependency for SwPack X-CUBE-BLEMGR have been done, and update is requested
2023-10-15 12:00:08,697 [INFO] Engine:301 - compute dependency for SwPack X-CUBE-TOF1 have been done, and update is requested
2023-10-15 12:00:08,720 [INFO] Engine:301 - compute dependency for SwPack X-CUBE-BLE1 have been done, and update is requested
2023-10-15 12:00:08,751 [INFO] LoadUrlFilesThread:135 - End of LoadUrlFiles Thread
2023-10-15 12:00:08,753 [INFO] Engine:301 - compute dependency for SwPack X-CUBE-BLEMGR have been done, and update is requested
2023-10-15 12:00:08,781 [INFO] Engine:301 - compute dependency for SwPack X-CUBE-ISPU have been done, and update is requested
2023-10-15 12:00:08,835 [INFO] ServerAccessManage:348 - Download File boardsDocs.json._tmp_
2023-10-15 12:00:08,860 [INFO] LoadUrlFilesThread:135 - End of LoadUrlFiles Thread
2023-10-15 12:00:08,946 [INFO] ServerAccessManage:348 - Download File boards.json._tmp_
2023-10-15 12:00:09,096 [INFO] LoadUrlFilesThread:135 - End of LoadUrlFiles Thread
2023-10-15 12:00:09,523 [INFO] ServerAccessManage:348 - Download File cube-finder-db.zip
2023-10-15 12:00:09,818 [WARN] MainUpdater:1087 - Updater busy. Cannot search thirdparties
2023-10-15 12:00:10,481 [INFO] Engine:301 - compute dependency for SwPack X-CUBE-MEMS1 have been done, and update is requested
2023-10-15 12:00:10,505 [INFO] Engine:301 - compute dependency for SwPack X-CUBE-NFC4 have been done, and update is requested
2023-10-15 12:00:10,518 [ERROR] DependencyParser:1297 - StateRcvOpen_Cte Bad Token : )
2023-10-15 12:00:10,518 [ERROR] DependencyParser:1297 - StateRcvOpen_Cte Bad Token : )
2023-10-15 12:00:10,518 [ERROR] DependencyParser:1297 - StateRcvOpen_Cte Bad Token : )
2023-10-15 12:00:10,518 [ERROR] DependencyParser:1297 - StateRcvOpen_Cte Bad Token : )
2023-10-15 12:00:10,518 [ERROR] DependencyParser:1297 - StateRcvOpen_Cte Bad Token : )
2023-10-15 12:00:10,518 [ERROR] DependencyParser:1297 - StateRcvOpen_Cte Bad Token : )
2023-10-15 12:00:10,519 [ERROR] DependencyParser:1297 - StateRcvOpen_Cte Bad Token : )
2023-10-15 12:00:10,519 [ERROR] DependencyParser:1297 - StateRcvOpen_Cte Bad Token : )
2023-10-15 12:00:10,519 [ERROR] DependencyParser:1297 - StateRcvOpen_Cte Bad Token : )
2023-10-15 12:00:10,519 [ERROR] DependencyParser:1297 - StateRcvOpen_Cte Bad Token : )
2023-10-15 12:00:10,519 [ERROR] DependencyParser:1297 - StateRcvOpen_Cte Bad Token : )
2023-10-15 12:00:10,519 [ERROR] DependencyParser:1297 - StateRcvOpen_Cte Bad Token : )
2023-10-15 12:00:10,519 [ERROR] DependencyParser:1297 - StateRcvOpen_Cte Bad Token : )
2023-10-15 12:00:10,519 [ERROR] DependencyParser:1297 - StateRcvOpen_Cte Bad Token : )
2023-10-15 12:00:10,519 [ERROR] DependencyParser:1297 - StateRcvOpen_Cte Bad Token : )
2023-10-15 12:00:10,519 [ERROR] DependencyParser:1297 - StateRcvOpen_Cte Bad Token : )
2023-10-15 12:00:10,519 [ERROR] DependencyParser:1297 - StateRcvOpen_Cte Bad Token : )
2023-10-15 12:00:10,519 [ERROR] DependencyParser:1297 - StateRcvOpen_Cte Bad Token : )
2023-10-15 12:00:10,519 [ERROR] DependencyParser:1297 - StateRcvOpen_Cte Bad Token : )
2023-10-15 12:00:10,519 [ERROR] DependencyParser:1297 - StateRcvOpen_Cte Bad Token : )
2023-10-15 12:00:10,520 [ERROR] DependencyParser:1297 - StateRcvOpen_Cte Bad Token : )
2023-10-15 12:00:10,520 [ERROR] DependencyParser:1297 - StateRcvOpen_Cte Bad Token : )
2023-10-15 12:00:10,520 [ERROR] DependencyParser:1297 - StateRcvOpen_Cte Bad Token : )
2023-10-15 12:00:10,520 [ERROR] DependencyParser:1297 - StateRcvOpen_Cte Bad Token : )
2023-10-15 12:00:10,520 [ERROR] DependencyParser:1297 - StateRcvOpen_Cte Bad Token : )
2023-10-15 12:00:10,520 [ERROR] DependencyParser:1297 - StateRcvOpen_Cte Bad Token : )
2023-10-15 12:00:10,520 [ERROR] DependencyParser:1297 - StateRcvOpen_Cte Bad Token : )
2023-10-15 12:00:10,520 [ERROR] DependencyParser:1297 - StateRcvOpen_Cte Bad Token : )
2023-10-15 12:00:10,520 [ERROR] DependencyParser:1297 - StateRcvOpen_Cte Bad Token : )
2023-10-15 12:00:10,520 [ERROR] DependencyParser:1297 - StateRcvOpen_Cte Bad Token : )
2023-10-15 12:00:10,520 [ERROR] DependencyParser:1297 - StateRcvOpen_Cte Bad Token : )
2023-10-15 12:00:10,520 [ERROR] DependencyParser:1297 - StateRcvOpen_Cte Bad Token : )
2023-10-15 12:00:10,520 [ERROR] DependencyParser:1297 - StateRcvOpen_Cte Bad Token : )
2023-10-15 12:00:10,520 [ERROR] DependencyParser:1297 - StateRcvOpen_Cte Bad Token : )
2023-10-15 12:00:10,520 [ERROR] DependencyParser:1297 - StateRcvOpen_Cte Bad Token : )
2023-10-15 12:00:10,520 [ERROR] DependencyParser:1297 - StateRcvOpen_Cte Bad Token : )
2023-10-15 12:00:10,520 [ERROR] DependencyParser:1297 - StateRcvOpen_Cte Bad Token : )
2023-10-15 12:00:10,520 [ERROR] DependencyParser:1297 - StateRcvOpen_Cte Bad Token : )
2023-10-15 12:00:10,520 [ERROR] DependencyParser:1297 - StateRcvOpen_Cte Bad Token : )
2023-10-15 12:00:10,520 [ERROR] DependencyParser:1297 - StateRcvOpen_Cte Bad Token : )
2023-10-15 12:00:10,521 [ERROR] DependencyParser:1297 - StateRcvOpen_Cte Bad Token : )
2023-10-15 12:00:10,521 [ERROR] DependencyParser:1297 - StateRcvOpen_Cte Bad Token : )
2023-10-15 12:00:10,521 [ERROR] DependencyParser:1297 - StateRcvOpen_Cte Bad Token : )
2023-10-15 12:00:10,521 [ERROR] DependencyParser:1297 - StateRcvOpen_Cte Bad Token : )
2023-10-15 12:00:10,521 [ERROR] DependencyParser:1297 - StateRcvOpen_Cte Bad Token : )
2023-10-15 12:00:10,521 [ERROR] DependencyParser:1297 - StateRcvOpen_Cte Bad Token : )
2023-10-15 12:00:10,521 [INFO] Engine:305 - compute dependency for SwPack X-CUBE-AZRTOS-L5 have been done, no update is requested
2023-10-15 12:00:10,529 [INFO] Engine:301 - compute dependency for SwPack X-CUBE-AZRTOS-WB have been done, and update is requested
2023-10-15 12:00:10,557 [INFO] Engine:301 - compute dependency for SwPack X-CUBE-AZRTOS-H7 have been done, and update is requested
2023-10-15 12:00:10,581 [INFO] Engine:301 - compute dependency for SwPack X-CUBE-EEPRMA1 have been done, and update is requested
2023-10-15 12:00:10,596 [INFO] Engine:305 - compute dependency for SwPack X-CUBE-TOUCHGFX have been done, no update is requested
2023-10-15 12:00:10,607 [INFO] Engine:301 - compute dependency for SwPack X-CUBE-NFC4 have been done, and update is requested
2023-10-15 12:00:10,621 [INFO] Engine:305 - compute dependency for SwPack X-CUBE-TOUCHGFX have been done, no update is requested
2023-10-15 12:00:12,247 [INFO] Engine:301 - compute dependency for SwPack X-CUBE-MEMS1 have been done, and update is requested
2023-10-15 12:00:12,263 [INFO] Engine:301 - compute dependency for SwPack X-CUBE-AI have been done, and update is requested
2023-10-15 12:00:12,284 [INFO] Engine:301 - compute dependency for SwPack X-CUBE-BLEMGR have been done, and update is requested
2023-10-15 12:00:12,611 [INFO] Engine:301 - compute dependency for SwPack I-CUBE-embOS have been done, and update is requested
2023-10-15 12:00:12,627 [INFO] Engine:301 - compute dependency for SwPack I-CUBE-Cesium have been done, and update is requested
2023-10-15 12:00:12,725 [INFO] Engine:301 - compute dependency for SwPack X-CUBE-TOF1 have been done, and update is requested
2023-10-15 12:00:12,740 [INFO] Engine:305 - compute dependency for SwPack X-CUBE-TOUCHGFX have been done, no update is requested
2023-10-15 12:00:12,743 [INFO] Engine:301 - compute dependency for SwPack FP-ATR-ASTRA1 have been done, and update is requested
2023-10-15 12:00:12,827 [WARN] MainUpdater:1087 - Updater busy. Cannot search thirdparties
2023-10-15 12:00:14,400 [INFO] Engine:301 - compute dependency for SwPack X-CUBE-MEMS1 have been done, and update is requested
2023-10-15 12:00:14,432 [INFO] Engine:301 - compute dependency for SwPack X-CUBE-AZRTOS-H7 have been done, and update is requested
2023-10-15 12:00:14,453 [INFO] Engine:301 - compute dependency for SwPack X-CUBE-AZRTOS-G4 have been done, and update is requested
2023-10-15 12:00:14,474 [INFO] Engine:301 - compute dependency for SwPack X-CUBE-AI have been done, and update is requested
2023-10-15 12:00:14,488 [INFO] Engine:305 - compute dependency for SwPack X-CUBE-TOUCHGFX have been done, no update is requested
2023-10-15 12:00:14,495 [INFO] Engine:301 - compute dependency for SwPack X-CUBE-NFC7 have been done, and update is requested
2023-10-15 12:00:14,521 [INFO] Engine:301 - compute dependency for SwPack X-CUBE-AZRTOS-L4 have been done, and update is requested
2023-10-15 12:00:14,539 [INFO] Engine:301 - compute dependency for SwPack X-CUBE-AZRTOS-WL have been done, and update is requested
2023-10-15 12:00:14,552 [INFO] Engine:305 - compute dependency for SwPack X-CUBE-TOUCHGFX have been done, no update is requested
2023-10-15 12:00:14,555 [INFO] Engine:301 - compute dependency for SwPack X-CUBE-AI have been done, and update is requested
2023-10-15 12:00:14,570 [INFO] Engine:301 - compute dependency for SwPack X-CUBE-BLE1 have been done, and update is requested
2023-10-15 12:00:14,583 [ERROR] DependencyParser:1297 - StateRcvOpen_Cte Bad Token : )
2023-10-15 12:00:14,583 [ERROR] DependencyParser:1297 - StateRcvOpen_Cte Bad Token : )
2023-10-15 12:00:14,583 [ERROR] DependencyParser:1297 - StateRcvOpen_Cte Bad Token : )
2023-10-15 12:00:14,583 [ERROR] DependencyParser:1297 - StateRcvOpen_Cte Bad Token : )
2023-10-15 12:00:14,583 [ERROR] DependencyParser:1297 - StateRcvOpen_Cte Bad Token : )
2023-10-15 12:00:14,583 [ERROR] DependencyParser:1297 - StateRcvOpen_Cte Bad Token : )
2023-10-15 12:00:14,583 [ERROR] DependencyParser:1297 - StateRcvOpen_Cte Bad Token : )
2023-10-15 12:00:14,583 [ERROR] DependencyParser:1297 - StateRcvOpen_Cte Bad Token : )
2023-10-15 12:00:14,583 [ERROR] DependencyParser:1297 - StateRcvOpen_Cte Bad Token : )
2023-10-15 12:00:14,583 [ERROR] DependencyParser:1297 - StateRcvOpen_Cte Bad Token : )
2023-10-15 12:00:14,583 [ERROR] DependencyParser:1297 - StateRcvOpen_Cte Bad Token : )
2023-10-15 12:00:14,583 [ERROR] DependencyParser:1297 - StateRcvOpen_Cte Bad Token : )
2023-10-15 12:00:14,583 [ERROR] DependencyParser:1297 - StateRcvOpen_Cte Bad Token : )
2023-10-15 12:00:14,583 [ERROR] DependencyParser:1297 - StateRcvOpen_Cte Bad Token : )
2023-10-15 12:00:14,583 [ERROR] DependencyParser:1297 - StateRcvOpen_Cte Bad Token : )
2023-10-15 12:00:14,583 [ERROR] DependencyParser:1297 - StateRcvOpen_Cte Bad Token : )
2023-10-15 12:00:14,583 [ERROR] DependencyParser:1297 - StateRcvOpen_Cte Bad Token : )
2023-10-15 12:00:14,583 [ERROR] DependencyParser:1297 - StateRcvOpen_Cte Bad Token : )
2023-10-15 12:00:14,583 [ERROR] DependencyParser:1297 - StateRcvOpen_Cte Bad Token : )
2023-10-15 12:00:14,583 [ERROR] DependencyParser:1297 - StateRcvOpen_Cte Bad Token : )
2023-10-15 12:00:14,584 [ERROR] DependencyParser:1297 - StateRcvOpen_Cte Bad Token : )
2023-10-15 12:00:14,584 [ERROR] DependencyParser:1297 - StateRcvOpen_Cte Bad Token : )
2023-10-15 12:00:14,584 [ERROR] DependencyParser:1297 - StateRcvOpen_Cte Bad Token : )
2023-10-15 12:00:14,584 [ERROR] DependencyParser:1297 - StateRcvOpen_Cte Bad Token : )
2023-10-15 12:00:14,584 [ERROR] DependencyParser:1297 - StateRcvOpen_Cte Bad Token : )
2023-10-15 12:00:14,584 [ERROR] DependencyParser:1297 - StateRcvOpen_Cte Bad Token : )
2023-10-15 12:00:14,584 [ERROR] DependencyParser:1297 - StateRcvOpen_Cte Bad Token : )
2023-10-15 12:00:14,584 [ERROR] DependencyParser:1297 - StateRcvOpen_Cte Bad Token : )
2023-10-15 12:00:14,584 [ERROR] DependencyParser:1297 - StateRcvOpen_Cte Bad Token : )
2023-10-15 12:00:14,584 [ERROR] DependencyParser:1297 - StateRcvOpen_Cte Bad Token : )
2023-10-15 12:00:14,584 [ERROR] DependencyParser:1297 - StateRcvOpen_Cte Bad Token : )
2023-10-15 12:00:14,584 [ERROR] DependencyParser:1297 - StateRcvOpen_Cte Bad Token : )
2023-10-15 12:00:14,584 [ERROR] DependencyParser:1297 - StateRcvOpen_Cte Bad Token : )
2023-10-15 12:00:14,584 [ERROR] DependencyParser:1297 - StateRcvOpen_Cte Bad Token : )
2023-10-15 12:00:14,584 [ERROR] DependencyParser:1297 - StateRcvOpen_Cte Bad Token : )
2023-10-15 12:00:14,584 [ERROR] DependencyParser:1297 - StateRcvOpen_Cte Bad Token : )
2023-10-15 12:00:14,584 [ERROR] DependencyParser:1297 - StateRcvOpen_Cte Bad Token : )
2023-10-15 12:00:14,584 [ERROR] DependencyParser:1297 - StateRcvOpen_Cte Bad Token : )
2023-10-15 12:00:14,585 [ERROR] DependencyParser:1297 - StateRcvOpen_Cte Bad Token : )
2023-10-15 12:00:14,585 [ERROR] DependencyParser:1297 - StateRcvOpen_Cte Bad Token : )
2023-10-15 12:00:14,585 [ERROR] DependencyParser:1297 - StateRcvOpen_Cte Bad Token : )
2023-10-15 12:00:14,585 [ERROR] DependencyParser:1297 - StateRcvOpen_Cte Bad Token : )
2023-10-15 12:00:14,585 [ERROR] DependencyParser:1297 - StateRcvOpen_Cte Bad Token : )
2023-10-15 12:00:14,585 [ERROR] DependencyParser:1297 - StateRcvOpen_Cte Bad Token : )
2023-10-15 12:00:14,585 [ERROR] DependencyParser:1297 - StateRcvOpen_Cte Bad Token : )
2023-10-15 12:00:14,585 [ERROR] DependencyParser:1297 - StateRcvOpen_Cte Bad Token : )
2023-10-15 12:00:14,585 [INFO] Engine:305 - compute dependency for SwPack X-CUBE-AZRTOS-L5 have been done, no update is requested
2023-10-15 12:00:14,592 [INFO] Engine:301 - compute dependency for SwPack X-CUBE-AZRTOS-WB have been done, and update is requested
2023-10-15 12:00:14,616 [INFO] Engine:301 - compute dependency for SwPack X-CUBE-NFC6 have been done, and update is requested
2023-10-15 12:00:14,629 [INFO] Engine:305 - compute dependency for SwPack X-CUBE-TOUCHGFX have been done, no update is requested
2023-10-15 12:00:14,630 [INFO] ThirdPartyDb:299 - Save Third Party DataBase File (C:/Users/20102/.stm32cubemx/plugins/thirdparty/db/thirdparties_db.xml) [forced]
2023-10-15 12:00:14,677 [INFO] LoadServerUpdatesThread:309 - End of LoadServerUpdate Thread
2023-10-15 12:00:15,836 [WARN] MainUpdater:1087 - Updater busy. Cannot search thirdparties
2023-10-15 12:00:18,583 [INFO] FileExtend:225 - Unzip File : cube-finder-db.zip
2023-10-15 12:00:18,585 [INFO] FileExtend:240 - Standard Zip Deflate
2023-10-15 12:00:18,840 [WARN] MainUpdater:1087 - Updater busy. Cannot search thirdparties
2023-10-15 12:00:19,519 [INFO] LoadUrlFilesThread:135 - End of LoadUrlFiles Thread
2023-10-15 12:00:20,653 [INFO] ServerAccessManage:348 - Download File crdb.zip
2023-10-15 12:00:21,037 [INFO] FileExtend:225 - Unzip File : crdb.zip
2023-10-15 12:00:21,039 [INFO] FileExtend:240 - Standard Zip Deflate
2023-10-15 12:00:21,093 [INFO] LoadUrlFilesThread:135 - End of LoadUrlFiles Thread
2023-10-15 12:00:21,493 [INFO] ServerAccessManage:348 - Download File tutoVideoDB.zip
2023-10-15 12:00:21,575 [INFO] FileExtend:225 - Unzip File : tutoVideoDB.zip
2023-10-15 12:00:21,577 [INFO] FileExtend:240 - Standard Zip Deflate
2023-10-15 12:00:21,590 [INFO] LoadUrlFilesThread:135 - End of LoadUrlFiles Thread
2023-10-15 12:00:21,611 [INFO] DbMcusDocs:145 - JSON generation date=Tue Nov 16 18:17:54 EET 2021 (1637079474)
2023-10-15 12:00:21,612 [INFO] DbMcusXml:100 - Load MCU database from C:\ST\STM32CubeIDE_1.4.0\STM32CubeIDE\plugins\com.st.stm32cube.common.mx_6.0.0.202007160824\\db\/mcu/families.xml
2023-10-15 12:00:22,441 [INFO] DbMcusJson:92 - JSON generation date=Tue Nov 16 18:17:54 EET 2021 (1637079474)
2023-10-15 12:00:23,208 [INFO] DbMcus:175 - Found 1761 MCUs (1722 are supported by CubeMX, 1911 are visible in CubeMX)
2023-10-15 12:00:23,209 [INFO] ApiDb:201 - Load user favorites file C:\Users\20102/.stm32cubemx/favorites.mcus.txt: 0 item(s)
2023-10-15 12:00:23,209 [INFO] ApiDb:205 - User favorites MCUs=[]
2023-10-15 12:00:23,209 [INFO] DbMcus:187 - Set 0 / 0 favorites MCUs
2023-10-15 12:00:23,326 [INFO] ThirdPartyDb:299 - Save Third Party DataBase File (C:/Users/20102/.stm32cubemx/plugins/thirdparty/db/thirdparties_db.xml) [forced]
2023-10-15 12:00:23,374 [INFO] ThirdPartyDb:299 - Save Third Party DataBase File (C:/Users/20102/.stm32cubemx/plugins/thirdparty/db/thirdparties_db.xml) [forced]
2023-10-15 12:00:23,490 [INFO] IntegrityCheckThread:76 - exiting critical section [integrity check]
2023-10-15 12:00:23,490 [INFO] IntegrityCheckThread:79 - End integrity checks thread
2023-10-15 12:00:23,620 [INFO] DbMcusDocs:81 - Found 682 MCUs documents
2023-10-15 12:00:23,622 [INFO] ApiDb:226 - Save user favorites file C:\Users\20102/.stm32cubemx/favorites.mcus.txt: 0 item(s)
2023-10-15 12:00:23,622 [INFO] ApiDb:230 - User favorites MCUs=[]
2023-10-15 12:00:23,623 [INFO] DbMcusXml:100 - Load MCU database from C:\ST\STM32CubeIDE_1.4.0\STM32CubeIDE\plugins\com.st.stm32cube.common.mx_6.0.0.202007160824\\db\/mcu/families.xml
2023-10-15 12:00:23,954 [INFO] DbMcusJson:92 - JSON generation date=Tue Nov 16 18:17:54 EET 2021 (1637079474)
2023-10-15 12:00:24,642 [INFO] DbMcus:175 - Found 1761 MCUs (1722 are supported by CubeMX, 1911 are visible in CubeMX)
2023-10-15 12:00:24,642 [INFO] ApiDb:201 - Load user favorites file C:\Users\20102/.stm32cubemx/favorites.mcus.txt: 0 item(s)
2023-10-15 12:00:24,642 [INFO] ApiDb:205 - User favorites MCUs=[]
2023-10-15 12:00:24,642 [INFO] DbMcus:187 - Set 0 / 0 favorites MCUs
2023-10-15 12:00:24,649 [INFO] DbBoardsDocs:145 - JSON generation date=Tue Nov 16 18:17:54 EET 2021 (1637079474)
2023-10-15 12:00:24,675 [INFO] DbBoardsPdsc:94 - Found 23 items
2023-10-15 12:00:24,686 [INFO] DbBoardsPdsc:94 - Found 9 items
2023-10-15 12:00:24,699 [INFO] DbBoardsPdsc:94 - Found 29 items
2023-10-15 12:00:24,709 [INFO] DbBoardsPdsc:94 - Found 1 items
2023-10-15 12:00:24,723 [INFO] DbBoardsPdsc:94 - Found 44 items
2023-10-15 12:00:24,741 [INFO] DbBoardsPdsc:94 - Found 40 items
2023-10-15 12:00:24,754 [INFO] DbBoardsPdsc:94 - Found 2 items
2023-10-15 12:00:24,764 [INFO] DbBoardsPdsc:94 - Found 4 items
2023-10-15 12:00:24,770 [WARN] DbBoardsPdsc:258 - Board STM32H7B3I-DK: unknown feature type=Audio, name=, username=Audio stereo codec with Headphone Amp (CS42L51-CNZ), n=1
2023-10-15 12:00:24,770 [WARN] DbBoardsPdsc:258 - Board STM32H735G-DK: unknown feature type=Audio, name=, username=Audio stereo codec with Headphone Amp (WM8994ECS/R), n=1
2023-10-15 12:00:24,773 [WARN] DbBoardsPdsc:258 - Board STM32H7B3I-EVAL: unknown feature type=Audio, name=, username=Multi-Channel Audio Codec (CS42L51-CNZ), n=1
2023-10-15 12:00:24,773 [WARN] DbBoardsPdsc:258 - Board STM32H7B3I-EVAL: unknown feature type=Meter, name=, username=Power-metering and Temperature-monitoring with sigma-delta modulators, n=1
2023-10-15 12:00:24,773 [WARN] DbBoardsPdsc:258 - Board STM32H7B3I-EVAL: unknown feature type=Motor, name=, username=Motor Control, n=1
2023-10-15 12:00:24,833 [INFO] DbBoardsJson:85 - JSON generation date=Tue Nov 16 18:17:54 EET 2021 (1637079474)
2023-10-15 12:00:24,873 [INFO] DbBoards:117 - Found 166 boards (149 are supported by CubeMX)
2023-10-15 12:00:24,875 [INFO] DbBoardsDocs:145 - JSON generation date=Tue Nov 16 18:17:54 EET 2021 (1637079474)
2023-10-15 12:00:24,906 [INFO] DbBoardsDocs:81 - Found 209 boards documents
2023-10-15 12:00:24,923 [WARN] DbBoards:127 - board B-L475E-IOT01A2 has no document id list !
2023-10-15 12:00:24,925 [WARN] DbBoards:127 - board NUCLEO-H743ZI has no document id list !
2023-10-15 12:00:24,934 [WARN] DbBoards:127 - board P-NUCLEO-WB55-Nucleo has no document id list !
2023-10-15 12:00:24,934 [WARN] DbBoards:127 - board P-NUCLEO-WB55-USBDongle has no document id list !
2023-10-15 12:00:24,934 [WARN] DbBoards:127 - board STEVAL-BFA001V1B has no document id list !
2023-10-15 12:00:24,934 [WARN] DbBoards:127 - board STEVAL-BFA001V2B has no document id list !
2023-10-15 12:00:24,934 [WARN] DbBoards:127 - board STEVAL-IDP005V1 has no document id list !
2023-10-15 12:00:24,934 [WARN] DbBoards:127 - board STEVAL-IDP005V2 has no document id list !
2023-10-15 12:00:24,934 [WARN] DbBoards:127 - board STEVAL-MKSBOX1V1 has no document id list !
2023-10-15 12:00:24,934 [WARN] DbBoards:127 - board STEVAL-STWINKT1 has no document id list !
2023-10-15 12:00:24,935 [WARN] DbBoards:127 - board STEVAL-STWINKT1B has no document id list !
2023-10-15 12:00:24,935 [WARN] DbBoards:127 - board STM32439I-EVAL2 has no document id list !
2023-10-15 12:00:24,935 [WARN] DbBoards:127 - board STM32F401C-DISCO has no document id list !
2023-10-15 12:00:24,936 [WARN] DbBoards:127 - board STM32F769I-DISC1 has no document id list !
2023-10-15 12:00:24,937 [WARN] DbBoards:127 - board STM32G474E-EVAL1 has no document id list !
2023-10-15 12:00:24,937 [WARN] DbBoards:127 - board STM32H743I-EVAL2 has no document id list !
2023-10-15 12:00:24,937 [WARN] DbBoards:127 - board STM32H747I-DISC1 has no document id list !
2023-10-15 12:00:24,937 [WARN] DbBoards:127 - board STM32H753I-EVAL2 has no document id list !
2023-10-15 12:00:24,938 [WARN] DbBoards:127 - board STM32L-DISCOVERY has no document id list !
2023-10-15 12:00:25,109 [ERROR] DbBoards:189 - Image file not found for board B-L462E-CELL1: C:\ST\STM32CubeIDE_1.4.0\STM32CubeIDE\plugins\com.st.stm32cube.common.mx_6.0.0.202007160824\\db\/plugins/mcufinder/images/boards/B-L462E-CELL1_small.jpg
2023-10-15 12:00:25,161 [ERROR] DbBoards:189 - Image file not found for board B-U585I-IOT02A: C:\ST\STM32CubeIDE_1.4.0\STM32CubeIDE\plugins\com.st.stm32cube.common.mx_6.0.0.202007160824\\db\/plugins/mcufinder/images/boards/B-U585I-IOT02A_small.jpg
2023-10-15 12:00:25,282 [ERROR] DbBoards:189 - Image file not found for board NUCLEO-F413ZH: C:\ST\STM32CubeIDE_1.4.0\STM32CubeIDE\plugins\com.st.stm32cube.common.mx_6.0.0.202007160824\\db\/plugins/mcufinder/images/boards/nucleo-f413zh_small.jpg
2023-10-15 12:00:25,427 [ERROR] DbBoards:189 - Image file not found for board NUCLEO-L552ZE-Q: C:\ST\STM32CubeIDE_1.4.0\STM32CubeIDE\plugins\com.st.stm32cube.common.mx_6.0.0.202007160824\\db\/plugins/mcufinder/images/boards/nucleo_l552ze_q_small.jpg
2023-10-15 12:00:25,428 [ERROR] DbBoards:189 - Image file not found for board NUCLEO-U575ZI-Q: C:\ST\STM32CubeIDE_1.4.0\STM32CubeIDE\plugins\com.st.stm32cube.common.mx_6.0.0.202007160824\\db\/plugins/mcufinder/images/boards/nucleo-u575zi-q_small.jpg
2023-10-15 12:00:25,428 [ERROR] DbBoards:189 - Image file not found for board NUCLEO-WB15CC: C:\ST\STM32CubeIDE_1.4.0\STM32CubeIDE\plugins\com.st.stm32cube.common.mx_6.0.0.202007160824\\db\/plugins/mcufinder/images/boards/nucleo-wb15cc_small.jpg
2023-10-15 12:00:25,428 [ERROR] DbBoards:189 - Image file not found for board NUCLEO-WB55RG: C:\ST\STM32CubeIDE_1.4.0\STM32CubeIDE\plugins\com.st.stm32cube.common.mx_6.0.0.202007160824\\db\/plugins/mcufinder/images/boards/nucleo-wb55rg_small.jpg
2023-10-15 12:00:25,429 [ERROR] DbBoards:189 - Image file not found for board NUCLEO-WL55JC: C:\ST\STM32CubeIDE_1.4.0\STM32CubeIDE\plugins\com.st.stm32cube.common.mx_6.0.0.202007160824\\db\/plugins/mcufinder/images/boards/nucleo-wl55jc-small.jpg
2023-10-15 12:00:25,602 [ERROR] DbBoards:189 - Image file not found for board STEVAL-STWINKT1B: C:\ST\STM32CubeIDE_1.4.0\STM32CubeIDE\plugins\com.st.stm32cube.common.mx_6.0.0.202007160824\\db\/plugins/mcufinder/images/boards/steval-stwinkt1b_small.jpg
2023-10-15 12:00:25,983 [ERROR] DbBoards:189 - Image file not found for board STM32G0C1E-EV: C:\ST\STM32CubeIDE_1.4.0\STM32CubeIDE\plugins\com.st.stm32cube.common.mx_6.0.0.202007160824\\db\/plugins/mcufinder/images/boards/stm32g0c1e-eval_small.jpg
2023-10-15 12:00:26,081 [ERROR] DbBoards:189 - Image file not found for board STM32H7B3I-EVAL: C:\ST\STM32CubeIDE_1.4.0\STM32CubeIDE\plugins\com.st.stm32cube.common.mx_6.0.0.202007160824\\db\/plugins/mcufinder/images/boards/stm32h7b3ieval_small.jpg
2023-10-15 12:00:26,277 [ERROR] DbBoards:189 - Image file not found for board STM32U575I-EV: C:\ST\STM32CubeIDE_1.4.0\STM32CubeIDE\plugins\com.st.stm32cube.common.mx_6.0.0.202007160824\\db\/plugins/mcufinder/images/boards/stm32u575i-ev_small.jpg
2023-10-15 12:00:26,312 [ERROR] DbBoards:189 - Image file not found for board STM32WB5MM-DK: C:\ST\STM32CubeIDE_1.4.0\STM32CubeIDE\plugins\com.st.stm32cube.common.mx_6.0.0.202007160824\\db\/plugins/mcufinder/images/boards/STM32WB5MM-DK_small.jpg
2023-10-15 12:00:26,312 [INFO] ApiDb:201 - Load user favorites file C:\Users\20102/.stm32cubemx/favorites.boards.txt: 0 item(s)
2023-10-15 12:00:26,312 [INFO] ApiDb:205 - User favorites Boards=[]
2023-10-15 12:00:26,312 [INFO] DbBoards:206 - Set 0 / 0 favorites Boards
2023-10-15 12:00:26,314 [INFO] DbBoardsDocs:81 - Found 418 boards documents
2023-10-15 12:00:26,315 [INFO] ApiDb:226 - Save user favorites file C:\Users\20102/.stm32cubemx/favorites.boards.txt: 0 item(s)
2023-10-15 12:00:26,315 [INFO] ApiDb:230 - User favorites Boards=[]
2023-10-15 12:00:26,318 [INFO] DbBoardsPdsc:94 - Found 23 items
2023-10-15 12:00:26,319 [INFO] DbBoardsPdsc:94 - Found 9 items
2023-10-15 12:00:26,322 [INFO] DbBoardsPdsc:94 - Found 29 items
2023-10-15 12:00:26,323 [INFO] DbBoardsPdsc:94 - Found 1 items
2023-10-15 12:00:26,326 [INFO] DbBoardsPdsc:94 - Found 44 items
2023-10-15 12:00:26,331 [INFO] DbBoardsPdsc:94 - Found 40 items
2023-10-15 12:00:26,332 [INFO] DbBoardsPdsc:94 - Found 2 items
2023-10-15 12:00:26,333 [INFO] DbBoardsPdsc:94 - Found 4 items
2023-10-15 12:00:26,336 [WARN] DbBoardsPdsc:258 - Board STM32H7B3I-DK: unknown feature type=Audio, name=, username=Audio stereo codec with Headphone Amp (CS42L51-CNZ), n=1
2023-10-15 12:00:26,336 [WARN] DbBoardsPdsc:258 - Board STM32H735G-DK: unknown feature type=Audio, name=, username=Audio stereo codec with Headphone Amp (WM8994ECS/R), n=1
2023-10-15 12:00:26,339 [WARN] DbBoardsPdsc:258 - Board STM32H7B3I-EVAL: unknown feature type=Audio, name=, username=Multi-Channel Audio Codec (CS42L51-CNZ), n=1
2023-10-15 12:00:26,339 [WARN] DbBoardsPdsc:258 - Board STM32H7B3I-EVAL: unknown feature type=Meter, name=, username=Power-metering and Temperature-monitoring with sigma-delta modulators, n=1
2023-10-15 12:00:26,339 [WARN] DbBoardsPdsc:258 - Board STM32H7B3I-EVAL: unknown feature type=Motor, name=, username=Motor Control, n=1
2023-10-15 12:00:26,353 [INFO] DbBoardsJson:85 - JSON generation date=Tue Nov 16 18:17:54 EET 2021 (1637079474)
2023-10-15 12:00:26,360 [INFO] DbBoards:117 - Found 166 boards (149 are supported by CubeMX)
2023-10-15 12:00:26,360 [WARN] DbBoards:127 - board B-L475E-IOT01A2 has no document id list !
2023-10-15 12:00:26,361 [WARN] DbBoards:127 - board NUCLEO-H743ZI has no document id list !
2023-10-15 12:00:26,361 [WARN] DbBoards:127 - board P-NUCLEO-WB55-Nucleo has no document id list !
2023-10-15 12:00:26,361 [WARN] DbBoards:127 - board P-NUCLEO-WB55-USBDongle has no document id list !
2023-10-15 12:00:26,362 [WARN] DbBoards:127 - board STEVAL-BFA001V1B has no document id list !
2023-10-15 12:00:26,362 [WARN] DbBoards:127 - board STEVAL-BFA001V2B has no document id list !
2023-10-15 12:00:26,362 [WARN] DbBoards:127 - board STEVAL-IDP005V1 has no document id list !
2023-10-15 12:00:26,362 [WARN] DbBoards:127 - board STEVAL-IDP005V2 has no document id list !
2023-10-15 12:00:26,362 [WARN] DbBoards:127 - board STEVAL-MKSBOX1V1 has no document id list !
2023-10-15 12:00:26,362 [WARN] DbBoards:127 - board STEVAL-STWINKT1 has no document id list !
2023-10-15 12:00:26,362 [WARN] DbBoards:127 - board STEVAL-STWINKT1B has no document id list !
2023-10-15 12:00:26,362 [WARN] DbBoards:127 - board STM32439I-EVAL2 has no document id list !
2023-10-15 12:00:26,362 [WARN] DbBoards:127 - board STM32F401C-DISCO has no document id list !
2023-10-15 12:00:26,362 [WARN] DbBoards:127 - board STM32F769I-DISC1 has no document id list !
2023-10-15 12:00:26,363 [WARN] DbBoards:127 - board STM32G474E-EVAL1 has no document id list !
2023-10-15 12:00:26,363 [WARN] DbBoards:127 - board STM32H743I-EVAL2 has no document id list !
2023-10-15 12:00:26,363 [WARN] DbBoards:127 - board STM32H747I-DISC1 has no document id list !
2023-10-15 12:00:26,363 [WARN] DbBoards:127 - board STM32H753I-EVAL2 has no document id list !
2023-10-15 12:00:26,363 [WARN] DbBoards:127 - board STM32L-DISCOVERY has no document id list !
2023-10-15 12:00:26,390 [ERROR] DbBoards:189 - Image file not found for board B-L462E-CELL1: C:\ST\STM32CubeIDE_1.4.0\STM32CubeIDE\plugins\com.st.stm32cube.common.mx_6.0.0.202007160824\\db\/plugins/mcufinder/images/boards/B-L462E-CELL1_small.jpg
2023-10-15 12:00:26,418 [ERROR] DbBoards:189 - Image file not found for board B-U585I-IOT02A: C:\ST\STM32CubeIDE_1.4.0\STM32CubeIDE\plugins\com.st.stm32cube.common.mx_6.0.0.202007160824\\db\/plugins/mcufinder/images/boards/B-U585I-IOT02A_small.jpg
2023-10-15 12:00:26,478 [ERROR] DbBoards:189 - Image file not found for board NUCLEO-F413ZH: C:\ST\STM32CubeIDE_1.4.0\STM32CubeIDE\plugins\com.st.stm32cube.common.mx_6.0.0.202007160824\\db\/plugins/mcufinder/images/boards/nucleo-f413zh_small.jpg
2023-10-15 12:00:26,609 [ERROR] DbBoards:189 - Image file not found for board NUCLEO-L552ZE-Q: C:\ST\STM32CubeIDE_1.4.0\STM32CubeIDE\plugins\com.st.stm32cube.common.mx_6.0.0.202007160824\\db\/plugins/mcufinder/images/boards/nucleo_l552ze_q_small.jpg
2023-10-15 12:00:26,610 [ERROR] DbBoards:189 - Image file not found for board NUCLEO-U575ZI-Q: C:\ST\STM32CubeIDE_1.4.0\STM32CubeIDE\plugins\com.st.stm32cube.common.mx_6.0.0.202007160824\\db\/plugins/mcufinder/images/boards/nucleo-u575zi-q_small.jpg
2023-10-15 12:00:26,610 [ERROR] DbBoards:189 - Image file not found for board NUCLEO-WB15CC: C:\ST\STM32CubeIDE_1.4.0\STM32CubeIDE\plugins\com.st.stm32cube.common.mx_6.0.0.202007160824\\db\/plugins/mcufinder/images/boards/nucleo-wb15cc_small.jpg
2023-10-15 12:00:26,610 [ERROR] DbBoards:189 - Image file not found for board NUCLEO-WB55RG: C:\ST\STM32CubeIDE_1.4.0\STM32CubeIDE\plugins\com.st.stm32cube.common.mx_6.0.0.202007160824\\db\/plugins/mcufinder/images/boards/nucleo-wb55rg_small.jpg
2023-10-15 12:00:26,610 [ERROR] DbBoards:189 - Image file not found for board NUCLEO-WL55JC: C:\ST\STM32CubeIDE_1.4.0\STM32CubeIDE\plugins\com.st.stm32cube.common.mx_6.0.0.202007160824\\db\/plugins/mcufinder/images/boards/nucleo-wl55jc-small.jpg
2023-10-15 12:00:26,698 [ERROR] DbBoards:189 - Image file not found for board STEVAL-STWINKT1B: C:\ST\STM32CubeIDE_1.4.0\STM32CubeIDE\plugins\com.st.stm32cube.common.mx_6.0.0.202007160824\\db\/plugins/mcufinder/images/boards/steval-stwinkt1b_small.jpg
2023-10-15 12:00:26,887 [ERROR] DbBoards:189 - Image file not found for board STM32G0C1E-EV: C:\ST\STM32CubeIDE_1.4.0\STM32CubeIDE\plugins\com.st.stm32cube.common.mx_6.0.0.202007160824\\db\/plugins/mcufinder/images/boards/stm32g0c1e-eval_small.jpg
2023-10-15 12:00:26,954 [ERROR] DbBoards:189 - Image file not found for board STM32H7B3I-EVAL: C:\ST\STM32CubeIDE_1.4.0\STM32CubeIDE\plugins\com.st.stm32cube.common.mx_6.0.0.202007160824\\db\/plugins/mcufinder/images/boards/stm32h7b3ieval_small.jpg
2023-10-15 12:00:27,073 [ERROR] DbBoards:189 - Image file not found for board STM32U575I-EV: C:\ST\STM32CubeIDE_1.4.0\STM32CubeIDE\plugins\com.st.stm32cube.common.mx_6.0.0.202007160824\\db\/plugins/mcufinder/images/boards/stm32u575i-ev_small.jpg
2023-10-15 12:00:27,092 [ERROR] DbBoards:189 - Image file not found for board STM32WB5MM-DK: C:\ST\STM32CubeIDE_1.4.0\STM32CubeIDE\plugins\com.st.stm32cube.common.mx_6.0.0.202007160824\\db\/plugins/mcufinder/images/boards/STM32WB5MM-DK_small.jpg
2023-10-15 12:00:27,092 [INFO] ApiDb:201 - Load user favorites file C:\Users\20102/.stm32cubemx/favorites.boards.txt: 0 item(s)
2023-10-15 12:00:27,092 [INFO] ApiDb:205 - User favorites Boards=[]
2023-10-15 12:00:27,092 [INFO] DbBoards:206 - Set 0 / 0 favorites Boards
2023-10-15 12:00:27,240 [INFO] DbExamplesSqlite:156 - SQLite db open (C:\Users\20102\.stmcufinder\plugins\mcufinder\mcu\cube-finder-db.db)
2023-10-15 12:00:27,993 [INFO] DbExamplesSqlite:447 - Ignored 0 examples not supported by CubeIDE
2023-10-15 12:00:27,993 [INFO] DbExamplesSqlite:448 - Found 7231 examples active
2023-10-15 12:00:27,993 [INFO] DbExamplesSqlite:449 - Found 677 examples obsolete
2023-10-15 12:00:27,993 [INFO] DbExamplesSqlite:450 - Found 0 examples under development
2023-10-15 12:00:27,993 [INFO] DbExamplesSqlite:451 - Found 74 examples not building
2023-10-15 12:00:28,061 [INFO] DbExamplesSqlite:130 - SQLite Data Model version=2.1
2023-10-15 12:00:28,061 [INFO] DbExamplesSqlite:131 - SQLite Configuration version=3.0.37
2023-10-15 12:00:28,062 [INFO] DbExamplesSqlite:132 - SQLite generation date=2023-08-09 (1691586011)
2023-10-15 12:00:28,062 [INFO] DbExamplesSqlite:133 - SQLite FW Pack versions=[FP-ATR-ASTRA1_V2.0.0, FP-SNS-FLIGHT1_V5.0.1, FP-SNS-FLIGHT1_V5.0.2, FP-SNS-MOTENV1_V4.3.1, FP-SNS-MOTENV1_V4.3.2, STM32Cube_FW_C0_V1.1.0, STM32Cube_FW_F4_V1.27.1, STM32Cube_FW_F7_V1.17.0, STM32Cube_FW_G0_V1.6.1, STM32Cube_FW_G4_V1.5.1, STM32Cube_FW_H5_V0.5.1, STM32Cube_FW_H5_V1.1.0, STM32Cube_FW_H7_V1.11.0, STM32Cube_FW_L0_V1.12.2, STM32Cube_FW_L5_V1.5.0, STM32Cube_FW_U5_V1.3.0, STM32Cube_FW_U5_V1.3.0RC4, STM32Cube_FW_WBA_V1.0.0RC1, STM32Cube_FW_WBA_V1.1.0, STM32Cube_FW_WBA_V1.1.0RC1, STM32Cube_FW_WB_V1.15.0RC1, STM32Cube_FW_WB_V1.16.0, STM32Cube_FW_WB_V1.16.0RC2, STM32Cube_FW_WB_V1.17.0, STM32Cube_FW_WL_V1.3.0, X-CUBE-ALGOBUILD_V1.3.0, X-CUBE-ALS_V1.0.1, X-CUBE-AZRTOS-F4_V1.1.0, X-CUBE-AZRTOS-F7_V1.1.0, X-CUBE-AZRTOS-G0_V1.1.0, X-CUBE-AZRTOS-G4_V2.0.0, X-CUBE-AZRTOS-H7_V3.1.0, X-CUBE-AZRTOS-L4_V1.0.0, X-CUBE-AZRTOS-L4_V2.0.0, X-CUBE-AZRTOS-L5_V1.1.0, X-CUBE-AZRTOS-WB_V1.1.0, X-CUBE-AZRTOS-WL_V2.0.0, X-CUBE-BLE1_V7.0.0, X-CUBE-BLE2_V3.3.0, X-CUBE-BLEMGR_V2.0.0, X-CUBE-EEPRMA1_V4.1.0, X-CUBE-FREERTOS_V1.1.0, X-CUBE-GNSS1_V6.0.0, X-CUBE-MEMS1_V9.1.0, X-CUBE-MEMS1_V9.4.0, X-CUBE-MEMS1_V9.6.0, X-CUBE-NFC4_V3.0.0, X-CUBE-NFC7_V1.0.0, X-CUBE-SFXS2LP1_V4.0.0, X-CUBE-SUBG2_V5.0.0, X-CUBE-TOF1_V3.3.1]
2023-10-15 12:00:28,062 [INFO] DbExamples:123 - Found 7305 examples
2023-10-15 12:00:28,400 [ERROR] DbExamples:199 - Found 7305 examples with invalid data (board or MCU)
2023-10-15 12:00:28,401 [INFO] DbExamples:215 - Found 77 boards with related examples
2023-10-15 12:00:28,401 [INFO] DbExamples:228 - Found 0 MCUs with related examples
2023-10-15 12:00:28,431 [INFO] ApiDb:192 - User favorites file not found: C:\Users\20102/.stm32cubemx/favorites.examples.txt
2023-10-15 12:00:28,431 [INFO] DbExamples:249 - Set 0 / 0 favorites Examples
2023-10-15 12:00:28,789 [INFO] McuFinderGlobals:40 - Set McuFinder mode to 2 (CubeIDE integrated)
2023-10-15 12:00:28,942 [INFO] CrossSelectorPresenter:1330 - Cross Selector saved comparison directory: C:\Users\20102\.stmcufinder\plugins\mcufinder\mcu\cs_comparisons_mx
2023-10-15 12:00:28,947 [INFO] MultiScanPanel:193 - Auto-refresh data requested => check proxy status ongoing
2023-10-15 12:00:28,950 [INFO] FinderPluginLoader:87 - Searching for filters in installed packs
2023-10-15 12:00:29,419 [INFO] LoadUrlFilesThread:162 - End of LoadServerUrlFiles without Thread
2023-10-15 12:00:29,424 [INFO] DetailPanel:331 - Set advertising image to C:/Users/20102/STM32Cube/Repository/\stm32cubemx-promo_image.jpg
2023-10-15 12:00:29,776 [INFO] McuFilterPanel:245 - Update 0 favorites MCUs
2023-10-15 12:01:55,065 [INFO] LogOutputStream:76 - [STDOUT_REDIRECT] withoutVersionV1.8.4
2023-10-15 12:01:55,066 [INFO] LogOutputStream:76 - [STDOUT_REDIRECT] withoutVersionV1.8.3
2023-10-15 12:01:55,066 [INFO] LogOutputStream:76 - [STDOUT_REDIRECT] withoutVersionV1.8.2
2023-10-15 12:01:55,068 [INFO] LogOutputStream:76 - [STDOUT_REDIRECT] withoutVersionV1.8.1
2023-10-15 12:01:55,068 [INFO] LogOutputStream:76 - [STDOUT_REDIRECT] withoutVersionV1.8.0
2023-10-15 12:02:02,342 [INFO] ApiDb:226 - Save user favorites file C:\Users\20102/.stm32cubeide/favorites.mcus.txt: 0 item(s)
2023-10-15 12:02:02,343 [INFO] ApiDb:230 - User favorites MCUs=[]
2023-10-16 15:27:29,225 [INFO] Activator:178 - 


2023-10-16 15:27:29,230 [INFO] Activator:179 - !SESSION log4j initialized
2023-10-19 14:01:22,350 [INFO] Activator:178 - 


2023-10-19 14:01:22,355 [INFO] Activator:179 - !SESSION log4j initialized
2023-10-20 21:53:23,309 [INFO] Activator:178 - 


2023-10-20 21:53:23,314 [INFO] Activator:179 - !SESSION log4j initialized
2023-10-21 10:05:10,049 [INFO] Activator:178 - 


2023-10-21 10:05:10,054 [INFO] Activator:179 - !SESSION log4j initialized
2023-10-22 17:25:08,181 [INFO] Activator:178 - 


2023-10-22 17:25:08,186 [INFO] Activator:179 - !SESSION log4j initialized
2023-10-24 17:33:33,914 [INFO] Activator:178 - 


2023-10-24 17:33:33,919 [INFO] Activator:179 - !SESSION log4j initialized
2023-10-25 10:34:21,869 [INFO] Activator:178 - 


2023-10-25 10:34:21,874 [INFO] Activator:179 - !SESSION log4j initialized
2023-10-26 11:17:44,496 [INFO] Activator:178 - 


2023-10-26 11:17:44,501 [INFO] Activator:179 - !SESSION log4j initialized
2023-10-26 13:08:10,966 [INFO] Activator:178 - 


2023-10-26 13:08:10,968 [INFO] Activator:179 - !SESSION log4j initialized
2023-10-26 21:42:15,540 [INFO] Activator:178 - 


2023-10-26 21:42:15,544 [INFO] Activator:179 - !SESSION log4j initialized
2023-10-29 20:06:58,666 [INFO] Activator:178 - 


2023-10-29 20:06:58,671 [INFO] Activator:179 - !SESSION log4j initialized
