2023-09-02 12:48:37,368 [INFO] Activator:178 - 


2023-09-02 12:48:37,372 [INFO] Activator:179 - !SESSION log4j initialized
2023-09-02 12:48:48,769 [INFO] ApplicationProperties:181 - Using Application install path: C:\ST\STM32CubeIDE_1.4.0\STM32CubeIDE\plugins\com.st.stm32cube.common.mx_6.0.0.202007160824
2023-09-02 12:48:48,791 [INFO] DbMcusXml:70 - Set database path to: C:\ST\STM32CubeIDE_1.4.0\STM32CubeIDE\plugins\com.st.stm32cube.common.mx_6.0.0.202007160824\\db\/mcu/
2023-09-02 12:48:48,798 [INFO] DbBoardsPdsc:56 - Set plugin database path to: C:\ST\STM32CubeIDE_1.4.0\STM32CubeIDE\plugins\com.st.stm32cube.common.mx_6.0.0.202007160824\\db\/plugins/boardmanager/
2023-09-02 12:48:48,798 [INFO] DbMcus:258 - Set plugin images path to: C:\ST\STM32CubeIDE_1.4.0\STM32CubeIDE\plugins\com.st.stm32cube.common.mx_6.0.0.202007160824\\db\/plugins/mcufinder/images/
2023-09-02 12:48:48,799 [INFO] DbBoards:264 - Set plugin images path to: C:\ST\STM32CubeIDE_1.4.0\STM32CubeIDE\plugins\com.st.stm32cube.common.mx_6.0.0.202007160824\\db\/plugins/mcufinder/images/
2023-09-02 12:48:48,803 [INFO] DbExamples:326 - Set plugin images path to: C:\ST\STM32CubeIDE_1.4.0\STM32CubeIDE\plugins\com.st.stm32cube.common.mx_6.0.0.202007160824\\db\/plugins/mcufinder/images/
2023-09-02 12:48:48,815 [INFO] DbMcusDocs:112 - Set database path to: C:\Users\20102\.stmcufinder\plugins\mcufinder//mcu/
2023-09-02 12:48:48,817 [INFO] DbMcusJson:63 - Set database path to: C:\Users\20102\.stmcufinder\plugins\mcufinder//mcu/
2023-09-02 12:48:48,819 [INFO] DbBoardsDocs:112 - Set database path to: C:\Users\20102\.stmcufinder\plugins\mcufinder//mcu/
2023-09-02 12:48:48,820 [INFO] DbBoardsJson:56 - Set database path to: C:\Users\20102\.stmcufinder\plugins\mcufinder//mcu/
2023-09-02 12:48:48,825 [INFO] CrossReferenceDbSqlite:196 - Set database path to: C:\Users\20102\.stmcufinder\plugins\mcufinder//mcu/cs/
2023-09-02 12:48:48,829 [INFO] DbExamplesSqlite:800 - Set database path to: C:\Users\20102\.stmcufinder\plugins\mcufinder//mcu/
2023-09-02 12:48:48,964 [INFO] RulesReader:52 - Compatibility file has been processed (209 Rules)
2023-09-02 12:48:49,084 [INFO] MicroXplorer:564 - Detected Java Version = 1.8.0_252
2023-09-02 12:48:49,085 [INFO] DbMcusXml:70 - Set database path to: C:\ST\STM32CubeIDE_1.4.0\STM32CubeIDE\plugins\com.st.stm32cube.common.mx_6.0.0.202007160824\\db\/mcu/
2023-09-02 12:48:49,085 [INFO] DbBoardsPdsc:56 - Set plugin database path to: C:\ST\STM32CubeIDE_1.4.0\STM32CubeIDE\plugins\com.st.stm32cube.common.mx_6.0.0.202007160824\\db\/plugins/boardmanager/
2023-09-02 12:48:49,086 [INFO] DbMcus:258 - Set plugin images path to: C:\ST\STM32CubeIDE_1.4.0\STM32CubeIDE\plugins\com.st.stm32cube.common.mx_6.0.0.202007160824\\db\/plugins/mcufinder/images/
2023-09-02 12:48:49,087 [INFO] DbBoards:264 - Set plugin images path to: C:\ST\STM32CubeIDE_1.4.0\STM32CubeIDE\plugins\com.st.stm32cube.common.mx_6.0.0.202007160824\\db\/plugins/mcufinder/images/
2023-09-02 12:48:49,087 [INFO] DbExamples:326 - Set plugin images path to: C:\ST\STM32CubeIDE_1.4.0\STM32CubeIDE\plugins\com.st.stm32cube.common.mx_6.0.0.202007160824\\db\/plugins/mcufinder/images/
2023-09-02 12:48:49,087 [WARN] DbFile:36 - Overriding database path with different value: C:\Users\20102\.stmcufinder\plugins\mcufinder/ => C:\Users\20102\.stmcufinder\plugins\mcufinder
2023-09-02 12:48:49,088 [INFO] DbMcusDocs:112 - Set database path to: C:\Users\20102\.stmcufinder\plugins\mcufinder//mcu/
2023-09-02 12:48:49,088 [WARN] DbFile:36 - Overriding database path with different value: C:\Users\20102\.stmcufinder\plugins\mcufinder/ => C:\Users\20102\.stmcufinder\plugins\mcufinder
2023-09-02 12:48:49,088 [INFO] DbMcusJson:63 - Set database path to: C:\Users\20102\.stmcufinder\plugins\mcufinder//mcu/
2023-09-02 12:48:49,088 [WARN] DbFile:36 - Overriding database path with different value: C:\Users\20102\.stmcufinder\plugins\mcufinder/ => C:\Users\20102\.stmcufinder\plugins\mcufinder
2023-09-02 12:48:49,088 [INFO] DbBoardsDocs:112 - Set database path to: C:\Users\20102\.stmcufinder\plugins\mcufinder//mcu/
2023-09-02 12:48:49,088 [WARN] DbFile:36 - Overriding database path with different value: C:\Users\20102\.stmcufinder\plugins\mcufinder/ => C:\Users\20102\.stmcufinder\plugins\mcufinder
2023-09-02 12:48:49,089 [INFO] DbBoardsJson:56 - Set database path to: C:\Users\20102\.stmcufinder\plugins\mcufinder//mcu/
2023-09-02 12:48:49,089 [WARN] DbFile:36 - Overriding database path with different value: C:\Users\20102\.stmcufinder\plugins\mcufinder/ => C:\Users\20102\.stmcufinder\plugins\mcufinder
2023-09-02 12:48:49,089 [WARN] DbFile:36 - Overriding database path with different value: C:\Users\20102\.stmcufinder\plugins\mcufinder/ => C:\Users\20102\.stmcufinder\plugins\mcufinder
2023-09-02 12:48:49,090 [INFO] CrossReferenceDbSqlite:196 - Set database path to: C:\Users\20102\.stmcufinder\plugins\mcufinder//mcu/cs/
2023-09-02 12:48:49,090 [WARN] DbFile:36 - Overriding database path with different value: C:\Users\20102\.stmcufinder\plugins\mcufinder/ => C:\Users\20102\.stmcufinder\plugins\mcufinder
2023-09-02 12:48:49,090 [INFO] DbExamplesSqlite:800 - Set database path to: C:\Users\20102\.stmcufinder\plugins\mcufinder//mcu/
2023-09-02 12:48:49,188 [INFO] MainPanel:189 - HeapMemory: 321912832
2023-09-02 12:48:49,340 [INFO] DbMcusXml:70 - Set database path to: C:\ST\STM32CubeIDE_1.4.0\STM32CubeIDE\plugins\com.st.stm32cube.common.mx_6.0.0.202007160824\\db\/mcu/
2023-09-02 12:48:49,340 [INFO] DbBoardsPdsc:56 - Set plugin database path to: C:\ST\STM32CubeIDE_1.4.0\STM32CubeIDE\plugins\com.st.stm32cube.common.mx_6.0.0.202007160824\\db\/plugins/boardmanager/
2023-09-02 12:48:49,341 [INFO] DbMcus:258 - Set plugin images path to: C:\ST\STM32CubeIDE_1.4.0\STM32CubeIDE\plugins\com.st.stm32cube.common.mx_6.0.0.202007160824\\db\/plugins/mcufinder/images/
2023-09-02 12:48:49,341 [INFO] DbBoards:264 - Set plugin images path to: C:\ST\STM32CubeIDE_1.4.0\STM32CubeIDE\plugins\com.st.stm32cube.common.mx_6.0.0.202007160824\\db\/plugins/mcufinder/images/
2023-09-02 12:48:49,341 [INFO] DbExamples:326 - Set plugin images path to: C:\ST\STM32CubeIDE_1.4.0\STM32CubeIDE\plugins\com.st.stm32cube.common.mx_6.0.0.202007160824\\db\/plugins/mcufinder/images/
2023-09-02 12:48:49,342 [WARN] DbFile:36 - Overriding database path with different value: C:\Users\20102\.stmcufinder\plugins\mcufinder/ => C:\Users\20102\.stmcufinder\plugins\mcufinder
2023-09-02 12:48:49,342 [INFO] DbMcusDocs:112 - Set database path to: C:\Users\20102\.stmcufinder\plugins\mcufinder//mcu/
2023-09-02 12:48:49,342 [WARN] DbFile:36 - Overriding database path with different value: C:\Users\20102\.stmcufinder\plugins\mcufinder/ => C:\Users\20102\.stmcufinder\plugins\mcufinder
2023-09-02 12:48:49,343 [INFO] DbMcusJson:63 - Set database path to: C:\Users\20102\.stmcufinder\plugins\mcufinder//mcu/
2023-09-02 12:48:49,343 [WARN] DbFile:36 - Overriding database path with different value: C:\Users\20102\.stmcufinder\plugins\mcufinder/ => C:\Users\20102\.stmcufinder\plugins\mcufinder
2023-09-02 12:48:49,343 [INFO] DbBoardsDocs:112 - Set database path to: C:\Users\20102\.stmcufinder\plugins\mcufinder//mcu/
2023-09-02 12:48:49,343 [WARN] DbFile:36 - Overriding database path with different value: C:\Users\20102\.stmcufinder\plugins\mcufinder/ => C:\Users\20102\.stmcufinder\plugins\mcufinder
2023-09-02 12:48:49,343 [INFO] DbBoardsJson:56 - Set database path to: C:\Users\20102\.stmcufinder\plugins\mcufinder//mcu/
2023-09-02 12:48:49,343 [WARN] DbFile:36 - Overriding database path with different value: C:\Users\20102\.stmcufinder\plugins\mcufinder/ => C:\Users\20102\.stmcufinder\plugins\mcufinder
2023-09-02 12:48:49,343 [WARN] DbFile:36 - Overriding database path with different value: C:\Users\20102\.stmcufinder\plugins\mcufinder/ => C:\Users\20102\.stmcufinder\plugins\mcufinder
2023-09-02 12:48:49,344 [INFO] CrossReferenceDbSqlite:196 - Set database path to: C:\Users\20102\.stmcufinder\plugins\mcufinder//mcu/cs/
2023-09-02 12:48:49,344 [WARN] DbFile:36 - Overriding database path with different value: C:\Users\20102\.stmcufinder\plugins\mcufinder/ => C:\Users\20102\.stmcufinder\plugins\mcufinder
2023-09-02 12:48:49,344 [INFO] DbExamplesSqlite:800 - Set database path to: C:\Users\20102\.stmcufinder\plugins\mcufinder//mcu/
2023-09-02 12:48:49,367 [INFO] ApplicationProperties:181 - Using Application install path: C:\ST\STM32CubeIDE_1.4.0\STM32CubeIDE\plugins\com.st.stm32cube.common.mx_6.0.0.202007160824
2023-09-02 12:48:49,369 [INFO] PluginManage:178 - Search for loadable plugins [exclusion list=, ]
2023-09-02 12:48:49,371 [INFO] PluginManage:292 - Check plugin analytics
2023-09-02 12:48:49,572 [INFO] AnalyticsPlugin:203 - Accepted Software Licenses: 
2023-09-02 12:48:49,573 [INFO] AnalyticsPlugin:205 - Accepted CMSIS Pack Licenses: 
2023-09-02 12:48:49,574 [INFO] AnalyticsPlugin:207 - Accepted Firmware Licenses: 
2023-09-02 12:48:49,574 [INFO] PluginManage:342 - Loaded plugin analytics (category:tool,tabindex:-1)
2023-09-02 12:48:49,575 [INFO] PluginManage:292 - Check plugin clock
2023-09-02 12:48:49,613 [INFO] PluginManage:342 - Loaded plugin clock (category:base,tabindex:2)
2023-09-02 12:48:49,613 [INFO] PluginManage:292 - Check plugin ddr
2023-09-02 12:48:49,616 [INFO] PluginManage:342 - Loaded plugin ddr (category:tool,tabindex:6)
2023-09-02 12:48:49,616 [INFO] PluginManage:292 - Check plugin filemanager
2023-09-02 12:48:49,768 [INFO] PluginManage:342 - Loaded plugin filemanager (category:base,tabindex:10)
2023-09-02 12:48:49,769 [INFO] PluginManage:292 - Check plugin ipmanager
2023-09-02 12:48:49,780 [INFO] PluginManage:342 - Loaded plugin ipmanager (category:base,tabindex:5)
2023-09-02 12:48:49,780 [INFO] PluginManage:292 - Check plugin pinoutandconfiguration
2023-09-02 12:48:49,803 [INFO] PluginManage:342 - Loaded plugin pinoutandconfiguration (category:base,tabindex:1)
2023-09-02 12:48:49,803 [INFO] PluginManage:292 - Check plugin pinoutconfig
2023-09-02 12:48:49,850 [INFO] PluginManage:342 - Loaded plugin pinoutconfig (category:base,tabindex:0)
2023-09-02 12:48:49,850 [INFO] PluginManage:292 - Check plugin power
2023-09-02 12:48:49,878 [INFO] PluginManage:342 - Loaded plugin power (category:power,tabindex:4)
2023-09-02 12:48:49,878 [INFO] PluginManage:292 - Check plugin projectmanager
2023-09-02 12:48:49,902 [INFO] PluginManage:342 - Loaded plugin projectmanager (category:projectmanager,tabindex:3)
2023-09-02 12:48:49,902 [INFO] PluginManage:292 - Check plugin thirdparty
2023-09-02 12:48:50,159 [INFO] ThirdPartyDb:333 - Open Third Party DataBase File (C:/Users/20102/.stm32cubemx/plugins/thirdparty/db/thirdparties_db.xml) : 85 ms. number of Sw pack : 78
2023-09-02 12:48:50,164 [INFO] PluginManage:342 - Loaded plugin thirdparty (category:base,tabindex:-1)
2023-09-02 12:48:50,164 [INFO] PluginManage:292 - Check plugin tools
2023-09-02 12:48:50,239 [INFO] PluginManage:342 - Loaded plugin tools (category:base,tabindex:7)
2023-09-02 12:48:50,240 [INFO] PluginManage:292 - Check plugin tutovideos
2023-09-02 12:48:50,582 [INFO] PluginManage:342 - Loaded plugin tutovideos (category:base,tabindex:-1)
2023-09-02 12:48:50,582 [INFO] PluginManage:292 - Check plugin updater
2023-09-02 12:48:50,599 [INFO] PluginManage:342 - Loaded plugin updater (category:base,tabindex:12)
2023-09-02 12:48:50,600 [INFO] PluginManage:265 - PluginManage : Loaded plugins [13]
2023-09-02 12:48:50,906 [INFO] PinOutPanel:1418 - setPackage(No Configuration,No Configuration)
2023-09-02 12:48:51,030 [INFO] IPUIPlugin:64 - create IPUIPlugin
2023-09-02 12:48:51,030 [INFO] PluginManager:200 - loadIPPluginJar : add adc
2023-09-02 12:48:51,079 [INFO] IPUIPlugin:64 - create IPUIPlugin
2023-09-02 12:48:51,079 [INFO] PluginManager:200 - loadIPPluginJar : add aes
2023-09-02 12:48:51,140 [INFO] IPUIPlugin:64 - create IPUIPlugin
2023-09-02 12:48:51,141 [INFO] PluginManager:200 - loadIPPluginJar : add can
2023-09-02 12:48:51,180 [INFO] IPUIPlugin:64 - create IPUIPlugin
2023-09-02 12:48:51,180 [INFO] PluginManager:200 - loadIPPluginJar : add comp
2023-09-02 12:48:51,231 [INFO] IPUIPlugin:64 - create IPUIPlugin
2023-09-02 12:48:51,232 [INFO] PluginManager:200 - loadIPPluginJar : add cryp
2023-09-02 12:48:51,286 [INFO] IPUIPlugin:64 - create IPUIPlugin
2023-09-02 12:48:51,287 [INFO] PluginManager:200 - loadIPPluginJar : add dfsdm
2023-09-02 12:48:51,305 [INFO] IPUIPlugin:64 - create IPUIPlugin
2023-09-02 12:48:51,306 [INFO] PluginManager:200 - loadIPPluginJar : add dma
2023-09-02 12:48:51,343 [INFO] IPUIPlugin:64 - create IPUIPlugin
2023-09-02 12:48:51,344 [INFO] PluginManager:200 - loadIPPluginJar : add fatfs
2023-09-02 12:48:51,414 [INFO] IPUIPlugin:64 - create IPUIPlugin
2023-09-02 12:48:51,414 [INFO] PluginManager:200 - loadIPPluginJar : add fmc
2023-09-02 12:48:51,434 [INFO] IPUIPlugin:64 - create IPUIPlugin
2023-09-02 12:48:51,434 [INFO] PluginManager:200 - loadIPPluginJar : add freertos
2023-09-02 12:48:51,471 [INFO] IPUIPlugin:64 - create IPUIPlugin
2023-09-02 12:48:51,471 [INFO] PluginManager:200 - loadIPPluginJar : add genericplugin
2023-09-02 12:48:51,609 [INFO] IPUIPlugin:64 - create IPUIPlugin
2023-09-02 12:48:51,609 [INFO] PluginManager:200 - loadIPPluginJar : add gfxmmu
2023-09-02 12:48:51,797 [INFO] IPUIPlugin:64 - create IPUIPlugin
2023-09-02 12:48:51,797 [INFO] PluginManager:200 - loadIPPluginJar : add gic
2023-09-02 12:48:51,817 [INFO] IPUIPlugin:64 - create IPUIPlugin
2023-09-02 12:48:51,817 [INFO] PluginManager:200 - loadIPPluginJar : add gpio
2023-09-02 12:48:51,923 [INFO] IPUIPlugin:64 - create IPUIPlugin
2023-09-02 12:48:51,923 [INFO] PluginManager:200 - loadIPPluginJar : add gtzc
2023-09-02 12:48:51,967 [INFO] IPUIPlugin:64 - create IPUIPlugin
2023-09-02 12:48:51,968 [INFO] PluginManager:200 - loadIPPluginJar : add hash
2023-09-02 12:48:52,044 [INFO] IPUIPlugin:64 - create IPUIPlugin
2023-09-02 12:48:52,044 [INFO] PluginManager:200 - loadIPPluginJar : add i2c
2023-09-02 12:48:52,104 [INFO] IPUIPlugin:64 - create IPUIPlugin
2023-09-02 12:48:52,105 [INFO] PluginManager:200 - loadIPPluginJar : add i2s
2023-09-02 12:48:52,118 [INFO] IPUIPlugin:64 - create IPUIPlugin
2023-09-02 12:48:52,118 [INFO] PluginManager:200 - loadIPPluginJar : add ipddr
2023-09-02 12:48:52,176 [INFO] IPUIPlugin:64 - create IPUIPlugin
2023-09-02 12:48:52,176 [INFO] PluginManager:200 - loadIPPluginJar : add ltdc
2023-09-02 12:48:52,199 [INFO] IPUIPlugin:64 - create IPUIPlugin
2023-09-02 12:48:52,199 [INFO] PluginManager:200 - loadIPPluginJar : add mdma
2023-09-02 12:48:52,216 [INFO] IPUIPlugin:64 - create IPUIPlugin
2023-09-02 12:48:52,217 [INFO] PluginManager:200 - loadIPPluginJar : add nvic
2023-09-02 12:48:52,295 [INFO] IPUIPlugin:64 - create IPUIPlugin
2023-09-02 12:48:52,295 [INFO] PluginManager:200 - loadIPPluginJar : add opamp
2023-09-02 12:48:52,383 [INFO] IPUIPlugin:64 - create IPUIPlugin
2023-09-02 12:48:52,383 [INFO] PluginManager:200 - loadIPPluginJar : add openamp
2023-09-02 12:48:52,449 [INFO] IPUIPlugin:64 - create IPUIPlugin
2023-09-02 12:48:52,449 [INFO] PluginManager:200 - loadIPPluginJar : add pdm2pcm
2023-09-02 12:48:52,469 [INFO] IPUIPlugin:64 - create IPUIPlugin
2023-09-02 12:48:52,473 [INFO] PluginManager:200 - loadIPPluginJar : add plateformsettings
2023-09-02 12:48:52,510 [INFO] IPUIPlugin:64 - create IPUIPlugin
2023-09-02 12:48:52,511 [INFO] PluginManager:200 - loadIPPluginJar : add quadspi
2023-09-02 12:48:52,525 [INFO] IPUIPlugin:64 - create IPUIPlugin
2023-09-02 12:48:52,526 [INFO] PluginManager:200 - loadIPPluginJar : add resmgrutility
2023-09-02 12:48:52,602 [INFO] IPUIPlugin:64 - create IPUIPlugin
2023-09-02 12:48:52,602 [INFO] PluginManager:200 - loadIPPluginJar : add sai
2023-09-02 12:48:52,688 [INFO] IPUIPlugin:64 - create IPUIPlugin
2023-09-02 12:48:52,688 [INFO] PluginManager:200 - loadIPPluginJar : add spi
2023-09-02 12:48:52,761 [INFO] IPUIPlugin:64 - create IPUIPlugin
2023-09-02 12:48:52,761 [INFO] PluginManager:200 - loadIPPluginJar : add stm32_wpan
2023-09-02 12:48:52,802 [INFO] IPUIPlugin:64 - create IPUIPlugin
2023-09-02 12:48:52,803 [INFO] PluginManager:200 - loadIPPluginJar : add tim
2023-09-02 12:48:52,887 [INFO] IPUIPlugin:64 - create IPUIPlugin
2023-09-02 12:48:52,887 [INFO] PluginManager:200 - loadIPPluginJar : add touchsensing
2023-09-02 12:48:52,926 [INFO] IPUIPlugin:64 - create IPUIPlugin
2023-09-02 12:48:52,926 [INFO] PluginManager:200 - loadIPPluginJar : add tracer_emb
2023-09-02 12:48:52,970 [INFO] IPUIPlugin:64 - create IPUIPlugin
2023-09-02 12:48:52,970 [INFO] PluginManager:200 - loadIPPluginJar : add ts
2023-09-02 12:48:53,013 [INFO] IPUIPlugin:64 - create IPUIPlugin
2023-09-02 12:48:53,014 [INFO] PluginManager:200 - loadIPPluginJar : add tsc
2023-09-02 12:48:53,054 [INFO] IPUIPlugin:64 - create IPUIPlugin
2023-09-02 12:48:53,054 [INFO] PluginManager:200 - loadIPPluginJar : add ucpd
2023-09-02 12:48:53,116 [INFO] IPUIPlugin:64 - create IPUIPlugin
2023-09-02 12:48:53,116 [INFO] PluginManager:200 - loadIPPluginJar : add usart
2023-09-02 12:48:53,897 [INFO] CubeProgrammer:457 - [DDR PANEL] - PathOfProgrammer: null
2023-09-02 12:48:54,745 [FATAL] Updater:282 - Updater called before beeing initialized
2023-09-02 12:48:54,969 [FATAL] Updater:282 - Updater called before beeing initialized
2023-09-02 12:48:54,970 [WARN] ThirdParty:775 - waiting for thirdparty lock release [close project]
2023-09-02 12:48:54,970 [INFO] ThirdParty:777 - entering critical section [close project]
2023-09-02 12:48:54,971 [INFO] ThirdParty:790 - exiting critical section [close project]
2023-09-02 12:48:54,974 [INFO] PinOutPanel:1418 - setPackage(No Configuration,No Configuration)
2023-09-02 12:48:54,975 [FATAL] Updater:282 - Updater called before beeing initialized
2023-09-02 12:48:54,989 [ERROR] Updater:967 - MainUpdater not yet initialized. External WinMGr cannot be set.
2023-09-02 12:48:54,991 [INFO] CubeProgrammer:457 - [DDR PANEL] - PathOfProgrammer: C:\ST\STM32CubeIDE_1.4.0\STM32CubeIDE\plugins\com.st.stm32cube.ide.mcu.externaltools.cubeprogrammer.win32_1.4.0.202007081208\tools\bin
2023-09-02 12:48:54,996 [INFO] ProgrammerExecThread:148 - [ProgrammerAPI] CubeProgrammer command construction: C:\ST\STM32CubeIDE_1.4.0\STM32CubeIDE\plugins\com.st.stm32cube.ide.mcu.externaltools.cubeprogrammer.win32_1.4.0.202007081208\tools\bin\STM32_Programmer_CLI.exe -l
2023-09-02 12:48:55,434 [INFO] MainDdrPanel:49 - [DDR PANEL] SETTER - Set cubeProgrammerPath to: C:\ST\STM32CubeIDE_1.4.0\STM32CubeIDE\plugins\com.st.stm32cube.ide.mcu.externaltools.cubeprogrammer.win32_1.4.0.202007081208\tools\bin
2023-09-02 12:48:55,568 [INFO] Updater:904 - Updater Version found : 6.0.0
2023-09-02 12:48:55,592 [INFO] ApplicationProperties:181 - Using Application install path: C:\ST\STM32CubeIDE_1.4.0\STM32CubeIDE\plugins\com.st.stm32cube.common.mx_6.0.0.202007160824
2023-09-02 12:48:55,977 [INFO] MainUpdater:2268 - connection check result : 10
2023-09-02 12:48:55,978 [INFO] MainUpdater:2935 - Updater definition file requires update
2023-09-02 12:48:55,979 [INFO] MainUpdater:239 - Updater Check For Update Now.
2023-09-02 12:48:55,980 [INFO] MicroXplorer:414 - Change Database Version : DB.6.0.0
2023-09-02 12:48:56,177 [WARN] IntegrityCheckThread:61 - waiting for thirdparty lock release [integrity check]
2023-09-02 12:48:56,177 [INFO] IntegrityCheckThread:63 - entering critical section [integrity check]
2023-09-02 12:48:56,178 [WARN] MainUpdater:1087 - Updater busy. Cannot search thirdparties
2023-09-02 12:48:56,285 [INFO] ServerAccessManage:348 - Download File updaters.zip
2023-09-02 12:48:56,472 [INFO] FileExtend:225 - Unzip File : updaters.zip
2023-09-02 12:48:56,473 [INFO] FileExtend:240 - Standard Zip Deflate
2023-09-02 12:48:57,381 [INFO] ServerAccessManage:348 - Download File PacksControlFlags.xml
2023-09-02 12:48:57,649 [INFO] ServerAccessManage:348 - Download File cubemx.pidx
2023-09-02 12:48:58,078 [INFO] ServerAccessManage:348 - Download File STMicroelectronics.X-CUBE-AI.pdsc
2023-09-02 12:48:59,182 [WARN] MainUpdater:1087 - Updater busy. Cannot search thirdparties
2023-09-02 12:48:59,325 [INFO] ServerAccessManage:348 - Download File STMicroelectronics.X-CUBE-BLE1.pdsc
2023-09-02 12:49:00,966 [ERROR] ServerAccessManage:947 - Problem, file not found on Server
2023-09-02 12:49:01,185 [INFO] ServerAccessManage:348 - Download File STMicroelectronics.X-CUBE-FREERTOS.pdsc
2023-09-02 12:49:02,073 [INFO] ServerAccessManage:348 - Download File STMicroelectronics.X-CUBE-AZRTOS-L5.pdsc
2023-09-02 12:49:02,192 [WARN] MainUpdater:1087 - Updater busy. Cannot search thirdparties
2023-09-02 12:49:03,018 [INFO] ServerAccessManage:348 - Download File STMicroelectronics.X-CUBE-AZRTOS-WB.pdsc
2023-09-02 12:49:03,760 [INFO] CheckServerUpdateThread:102 - End of CheckServer Thread
2023-09-02 12:49:03,793 [INFO] ThirdPartyDb:299 - Save Third Party DataBase File (C:/Users/20102/.stm32cubemx/plugins/thirdparty/db/thirdparties_db.xml) [forced]
2023-09-02 12:49:03,865 [INFO] MainUpdater:2268 - connection check result : 10
2023-09-02 12:49:03,989 [INFO] ThirdPartyDb:299 - Save Third Party DataBase File (C:/Users/20102/.stm32cubemx/plugins/thirdparty/db/thirdparties_db.xml) [forced]
2023-09-02 12:49:04,105 [WARN] PopulateThirdPartyThread:96 - Error when creating pack: C:/Users/20102/.stm32cubemx/thirdparties/pdsc/STMicroelectronics.X-CUBE-FREERTOS.pdsc
2023-09-02 12:49:04,170 [ERROR] ConditionMgr:796 - Attr not supported : Dsecure
2023-09-02 12:49:04,171 [ERROR] ConditionMgr:796 - Attr not supported : Dsecure
2023-09-02 12:49:04,171 [ERROR] ConditionMgr:796 - Attr not supported : Dsecure
2023-09-02 12:49:04,171 [ERROR] ConditionMgr:796 - Attr not supported : Dsecure
2023-09-02 12:49:04,171 [ERROR] ConditionMgr:796 - Attr not supported : Dsecure
2023-09-02 12:49:04,171 [ERROR] ConditionMgr:796 - Attr not supported : Dsecure
2023-09-02 12:49:04,172 [ERROR] ConditionMgr:796 - Attr not supported : Dsecure
2023-09-02 12:49:04,172 [ERROR] ConditionMgr:796 - Attr not supported : Dsecure
2023-09-02 12:49:04,172 [ERROR] ConditionMgr:796 - Attr not supported : Dsecure
2023-09-02 12:49:04,172 [ERROR] ConditionMgr:796 - Attr not supported : Dsecure
2023-09-02 12:49:04,172 [ERROR] ConditionMgr:796 - Attr not supported : Dsecure
2023-09-02 12:49:04,173 [ERROR] ConditionMgr:796 - Attr not supported : Dsecure
2023-09-02 12:49:04,173 [ERROR] ConditionMgr:796 - Attr not supported : Dsecure
2023-09-02 12:49:04,174 [ERROR] ConditionMgr:796 - Attr not supported : Dsecure
2023-09-02 12:49:04,174 [ERROR] ConditionMgr:796 - Attr not supported : Dsecure
2023-09-02 12:49:04,175 [ERROR] ConditionMgr:796 - Attr not supported : Dsecure
2023-09-02 12:49:04,175 [ERROR] ConditionMgr:796 - Attr not supported : Dsecure
2023-09-02 12:49:04,176 [ERROR] ConditionMgr:796 - Attr not supported : Dsecure
2023-09-02 12:49:04,176 [ERROR] ConditionMgr:796 - Attr not supported : Dsecure
2023-09-02 12:49:04,177 [ERROR] ConditionMgr:796 - Attr not supported : Dsecure
2023-09-02 12:49:04,178 [ERROR] ConditionMgr:796 - Attr not supported : Dsecure
2023-09-02 12:49:04,178 [ERROR] ConditionMgr:796 - Attr not supported : Dsecure
2023-09-02 12:49:04,178 [ERROR] ConditionMgr:796 - Attr not supported : Dsecure
2023-09-02 12:49:04,179 [ERROR] ConditionMgr:796 - Attr not supported : Dsecure
2023-09-02 12:49:04,179 [ERROR] ConditionMgr:796 - Attr not supported : Dsecure
2023-09-02 12:49:04,179 [ERROR] ConditionMgr:796 - Attr not supported : Dsecure
2023-09-02 12:49:04,179 [ERROR] ConditionMgr:796 - Attr not supported : Dsecure
2023-09-02 12:49:04,179 [ERROR] ConditionMgr:796 - Attr not supported : Dsecure
2023-09-02 12:49:04,179 [ERROR] ConditionMgr:796 - Attr not supported : Dsecure
2023-09-02 12:49:04,180 [ERROR] ConditionMgr:796 - Attr not supported : Dsecure
2023-09-02 12:49:04,181 [ERROR] ConditionMgr:796 - Attr not supported : Dsecure
2023-09-02 12:49:04,181 [ERROR] ConditionMgr:796 - Attr not supported : Dsecure
2023-09-02 12:49:04,181 [ERROR] ConditionMgr:796 - Attr not supported : Dsecure
2023-09-02 12:49:04,182 [ERROR] ConditionMgr:796 - Attr not supported : Dsecure
2023-09-02 12:49:04,182 [ERROR] ConditionMgr:796 - Attr not supported : Dsecure
2023-09-02 12:49:04,183 [ERROR] ConditionMgr:796 - Attr not supported : Dsecure
2023-09-02 12:49:04,183 [ERROR] ConditionMgr:796 - Attr not supported : Dsecure
2023-09-02 12:49:04,184 [ERROR] ConditionMgr:796 - Attr not supported : Dsecure
2023-09-02 12:49:04,184 [ERROR] ConditionMgr:796 - Attr not supported : Dsecure
2023-09-02 12:49:04,184 [ERROR] ConditionMgr:796 - Attr not supported : Dsecure
2023-09-02 12:49:04,184 [ERROR] ConditionMgr:796 - Attr not supported : Dsecure
2023-09-02 12:49:04,185 [ERROR] ConditionMgr:796 - Attr not supported : Dsecure
2023-09-02 12:49:04,185 [ERROR] ConditionMgr:796 - Attr not supported : Dsecure
2023-09-02 12:49:04,186 [ERROR] ConditionMgr:796 - Attr not supported : Dsecure
2023-09-02 12:49:04,186 [ERROR] ConditionMgr:796 - Attr not supported : Dsecure
2023-09-02 12:49:04,186 [ERROR] ConditionMgr:796 - Attr not supported : Dsecure
2023-09-02 12:49:04,186 [ERROR] ConditionMgr:796 - Attr not supported : Dsecure
2023-09-02 12:49:04,186 [ERROR] ConditionMgr:796 - Attr not supported : Dsecure
2023-09-02 12:49:04,187 [ERROR] ConditionMgr:796 - Attr not supported : Dsecure
2023-09-02 12:49:04,187 [ERROR] ConditionMgr:796 - Attr not supported : Dsecure
2023-09-02 12:49:04,187 [ERROR] ConditionMgr:796 - Attr not supported : Dsecure
2023-09-02 12:49:04,188 [ERROR] ConditionMgr:796 - Attr not supported : Dsecure
2023-09-02 12:49:04,189 [ERROR] ConditionMgr:796 - Attr not supported : Dsecure
2023-09-02 12:49:04,189 [ERROR] ConditionMgr:796 - Attr not supported : Dsecure
2023-09-02 12:49:04,190 [ERROR] ConditionMgr:796 - Attr not supported : Dsecure
2023-09-02 12:49:04,190 [ERROR] ConditionMgr:796 - Attr not supported : Dsecure
2023-09-02 12:49:04,191 [ERROR] ConditionMgr:796 - Attr not supported : Dsecure
2023-09-02 12:49:04,191 [ERROR] ConditionMgr:796 - Attr not supported : Dsecure
2023-09-02 12:49:04,192 [ERROR] ConditionMgr:796 - Attr not supported : Dsecure
2023-09-02 12:49:04,192 [ERROR] ConditionMgr:796 - Attr not supported : Dsecure
2023-09-02 12:49:04,192 [ERROR] ConditionMgr:796 - Attr not supported : Dsecure
2023-09-02 12:49:04,192 [ERROR] ConditionMgr:796 - Attr not supported : Dsecure
2023-09-02 12:49:04,192 [ERROR] ConditionMgr:796 - Attr not supported : Dsecure
2023-09-02 12:49:04,192 [ERROR] ConditionMgr:796 - Attr not supported : Dsecure
2023-09-02 12:49:04,192 [ERROR] ConditionMgr:796 - Attr not supported : Dsecure
2023-09-02 12:49:04,193 [ERROR] ConditionMgr:796 - Attr not supported : Dsecure
2023-09-02 12:49:04,193 [ERROR] ConditionMgr:796 - Attr not supported : Dsecure
2023-09-02 12:49:04,193 [ERROR] ConditionMgr:796 - Attr not supported : Dsecure
2023-09-02 12:49:04,193 [ERROR] ConditionMgr:796 - Attr not supported : Dsecure
2023-09-02 12:49:04,193 [ERROR] ConditionMgr:796 - Attr not supported : Dsecure
2023-09-02 12:49:04,193 [ERROR] ConditionMgr:796 - Attr not supported : Dsecure
2023-09-02 12:49:04,193 [ERROR] ConditionMgr:796 - Attr not supported : Dsecure
2023-09-02 12:49:04,194 [ERROR] ConditionMgr:796 - Attr not supported : Dsecure
2023-09-02 12:49:04,194 [ERROR] ConditionMgr:796 - Attr not supported : Dsecure
2023-09-02 12:49:04,194 [ERROR] ConditionMgr:796 - Attr not supported : Dsecure
2023-09-02 12:49:04,194 [ERROR] ConditionMgr:796 - Attr not supported : Dsecure
2023-09-02 12:49:04,194 [ERROR] ConditionMgr:796 - Attr not supported : Dsecure
2023-09-02 12:49:04,194 [ERROR] ConditionMgr:796 - Attr not supported : Dsecure
2023-09-02 12:49:04,195 [ERROR] ConditionMgr:796 - Attr not supported : Dsecure
2023-09-02 12:49:04,195 [ERROR] ConditionMgr:796 - Attr not supported : Dsecure
2023-09-02 12:49:04,195 [ERROR] ConditionMgr:796 - Attr not supported : Dsecure
2023-09-02 12:49:04,195 [ERROR] ConditionMgr:796 - Attr not supported : Dsecure
2023-09-02 12:49:04,195 [ERROR] ConditionMgr:796 - Attr not supported : Dsecure
2023-09-02 12:49:04,196 [ERROR] ConditionMgr:796 - Attr not supported : Dsecure
2023-09-02 12:49:04,196 [ERROR] ConditionMgr:796 - Attr not supported : Dsecure
2023-09-02 12:49:04,196 [ERROR] ConditionMgr:796 - Attr not supported : Dsecure
2023-09-02 12:49:04,196 [ERROR] ConditionMgr:796 - Attr not supported : Dsecure
2023-09-02 12:49:04,196 [ERROR] ConditionMgr:796 - Attr not supported : Dsecure
2023-09-02 12:49:04,196 [ERROR] ConditionMgr:796 - Attr not supported : Dsecure
2023-09-02 12:49:04,196 [ERROR] ConditionMgr:796 - Attr not supported : Dsecure
2023-09-02 12:49:04,197 [ERROR] ConditionMgr:796 - Attr not supported : Dsecure
2023-09-02 12:49:04,197 [ERROR] ConditionMgr:796 - Attr not supported : Dsecure
2023-09-02 12:49:04,197 [ERROR] ConditionMgr:796 - Attr not supported : Dsecure
2023-09-02 12:49:04,197 [ERROR] ConditionMgr:796 - Attr not supported : Dsecure
2023-09-02 12:49:04,197 [ERROR] ConditionMgr:796 - Attr not supported : Dsecure
2023-09-02 12:49:04,197 [ERROR] ConditionMgr:796 - Attr not supported : Dsecure
2023-09-02 12:49:04,197 [ERROR] ConditionMgr:796 - Attr not supported : Dsecure
2023-09-02 12:49:04,198 [ERROR] ConditionMgr:796 - Attr not supported : Dsecure
2023-09-02 12:49:04,198 [ERROR] ConditionMgr:796 - Attr not supported : Dsecure
2023-09-02 12:49:04,198 [ERROR] ConditionMgr:796 - Attr not supported : Dsecure
2023-09-02 12:49:04,198 [ERROR] ConditionMgr:796 - Attr not supported : Dsecure
2023-09-02 12:49:04,198 [ERROR] ConditionMgr:796 - Attr not supported : Dsecure
2023-09-02 12:49:04,199 [ERROR] ConditionMgr:796 - Attr not supported : Dsecure
2023-09-02 12:49:04,199 [ERROR] ConditionMgr:796 - Attr not supported : Dsecure
2023-09-02 12:49:04,199 [ERROR] ConditionMgr:796 - Attr not supported : Dsecure
2023-09-02 12:49:04,199 [ERROR] ConditionMgr:796 - Attr not supported : Dsecure
2023-09-02 12:49:04,199 [ERROR] ConditionMgr:796 - Attr not supported : Dsecure
2023-09-02 12:49:04,199 [ERROR] ConditionMgr:796 - Attr not supported : Dsecure
2023-09-02 12:49:04,199 [ERROR] ConditionMgr:796 - Attr not supported : Dsecure
2023-09-02 12:49:04,199 [ERROR] ConditionMgr:796 - Attr not supported : Dsecure
2023-09-02 12:49:04,199 [ERROR] ConditionMgr:796 - Attr not supported : Dsecure
2023-09-02 12:49:04,200 [ERROR] ConditionMgr:796 - Attr not supported : Dsecure
2023-09-02 12:49:04,200 [ERROR] ConditionMgr:796 - Attr not supported : Dsecure
2023-09-02 12:49:04,200 [ERROR] ConditionMgr:796 - Attr not supported : Dsecure
2023-09-02 12:49:04,200 [ERROR] ConditionMgr:796 - Attr not supported : Dsecure
2023-09-02 12:49:04,200 [ERROR] ConditionMgr:796 - Attr not supported : Dsecure
2023-09-02 12:49:04,200 [ERROR] ConditionMgr:796 - Attr not supported : Dsecure
2023-09-02 12:49:04,200 [ERROR] ConditionMgr:796 - Attr not supported : Dsecure
2023-09-02 12:49:04,200 [ERROR] ConditionMgr:796 - Attr not supported : Dsecure
2023-09-02 12:49:04,200 [ERROR] ConditionMgr:796 - Attr not supported : Dsecure
2023-09-02 12:49:04,200 [ERROR] ConditionMgr:796 - Attr not supported : Dsecure
2023-09-02 12:49:04,200 [ERROR] ConditionMgr:796 - Attr not supported : Dsecure
2023-09-02 12:49:04,200 [ERROR] ConditionMgr:796 - Attr not supported : Dsecure
2023-09-02 12:49:04,200 [ERROR] ConditionMgr:796 - Attr not supported : Dsecure
2023-09-02 12:49:04,201 [ERROR] ConditionMgr:796 - Attr not supported : Dsecure
2023-09-02 12:49:04,201 [ERROR] ConditionMgr:796 - Attr not supported : Dsecure
2023-09-02 12:49:04,201 [ERROR] ConditionMgr:796 - Attr not supported : Dsecure
2023-09-02 12:49:04,201 [ERROR] ConditionMgr:796 - Attr not supported : Dsecure
2023-09-02 12:49:04,201 [ERROR] ConditionMgr:796 - Attr not supported : Dsecure
2023-09-02 12:49:04,201 [ERROR] ConditionMgr:796 - Attr not supported : Dsecure
2023-09-02 12:49:04,201 [ERROR] ConditionMgr:796 - Attr not supported : Dsecure
2023-09-02 12:49:04,201 [ERROR] ConditionMgr:796 - Attr not supported : Dsecure
2023-09-02 12:49:04,201 [ERROR] ConditionMgr:796 - Attr not supported : Dsecure
2023-09-02 12:49:04,201 [ERROR] ConditionMgr:796 - Attr not supported : Dsecure
2023-09-02 12:49:04,201 [ERROR] ConditionMgr:796 - Attr not supported : Dsecure
2023-09-02 12:49:04,201 [ERROR] ConditionMgr:796 - Attr not supported : Dsecure
2023-09-02 12:49:04,201 [ERROR] ConditionMgr:796 - Attr not supported : Dsecure
2023-09-02 12:49:04,202 [ERROR] ConditionMgr:796 - Attr not supported : Dsecure
2023-09-02 12:49:04,202 [ERROR] ConditionMgr:796 - Attr not supported : Dsecure
2023-09-02 12:49:04,202 [ERROR] ConditionMgr:796 - Attr not supported : Dsecure
2023-09-02 12:49:04,202 [ERROR] ConditionMgr:796 - Attr not supported : Dsecure
2023-09-02 12:49:04,202 [ERROR] ConditionMgr:796 - Attr not supported : Dsecure
2023-09-02 12:49:04,203 [ERROR] ConditionMgr:796 - Attr not supported : Dsecure
2023-09-02 12:49:04,203 [ERROR] ConditionMgr:796 - Attr not supported : Dsecure
2023-09-02 12:49:04,203 [ERROR] ConditionMgr:796 - Attr not supported : Dsecure
2023-09-02 12:49:04,203 [ERROR] ConditionMgr:796 - Attr not supported : Dsecure
2023-09-02 12:49:04,203 [ERROR] ConditionMgr:796 - Attr not supported : Dsecure
2023-09-02 12:49:04,203 [ERROR] ConditionMgr:796 - Attr not supported : Dsecure
2023-09-02 12:49:04,203 [ERROR] ConditionMgr:796 - Attr not supported : Dsecure
2023-09-02 12:49:04,203 [ERROR] ConditionMgr:796 - Attr not supported : Dsecure
2023-09-02 12:49:04,204 [ERROR] ConditionMgr:796 - Attr not supported : Dsecure
2023-09-02 12:49:04,204 [ERROR] ConditionMgr:796 - Attr not supported : Dsecure
2023-09-02 12:49:04,204 [ERROR] ConditionMgr:796 - Attr not supported : Dsecure
2023-09-02 12:49:04,204 [ERROR] ConditionMgr:796 - Attr not supported : Dsecure
2023-09-02 12:49:04,204 [ERROR] ConditionMgr:796 - Attr not supported : Dsecure
2023-09-02 12:49:04,204 [ERROR] ConditionMgr:796 - Attr not supported : Dsecure
2023-09-02 12:49:04,204 [ERROR] ConditionMgr:796 - Attr not supported : Dsecure
2023-09-02 12:49:04,204 [ERROR] ConditionMgr:796 - Attr not supported : Dsecure
2023-09-02 12:49:04,204 [ERROR] ConditionMgr:796 - Attr not supported : Dsecure
2023-09-02 12:49:04,205 [ERROR] ConditionMgr:796 - Attr not supported : Dsecure
2023-09-02 12:49:04,205 [ERROR] ConditionMgr:796 - Attr not supported : Dsecure
2023-09-02 12:49:04,205 [ERROR] ConditionMgr:796 - Attr not supported : Dsecure
2023-09-02 12:49:04,205 [ERROR] ConditionMgr:796 - Attr not supported : Dsecure
2023-09-02 12:49:04,205 [ERROR] ConditionMgr:796 - Attr not supported : Dsecure
2023-09-02 12:49:04,205 [ERROR] ConditionMgr:796 - Attr not supported : Dsecure
2023-09-02 12:49:04,205 [ERROR] ConditionMgr:796 - Attr not supported : Dsecure
2023-09-02 12:49:04,205 [ERROR] ConditionMgr:796 - Attr not supported : Dsecure
2023-09-02 12:49:04,205 [ERROR] ConditionMgr:796 - Attr not supported : Dsecure
2023-09-02 12:49:04,206 [ERROR] ConditionMgr:796 - Attr not supported : Dsecure
2023-09-02 12:49:04,206 [ERROR] ConditionMgr:796 - Attr not supported : Dsecure
2023-09-02 12:49:04,206 [ERROR] ConditionMgr:796 - Attr not supported : Dsecure
2023-09-02 12:49:04,206 [ERROR] ConditionMgr:796 - Attr not supported : Dsecure
2023-09-02 12:49:04,206 [ERROR] ConditionMgr:796 - Attr not supported : Dsecure
2023-09-02 12:49:04,206 [ERROR] ConditionMgr:796 - Attr not supported : Dsecure
2023-09-02 12:49:04,206 [ERROR] ConditionMgr:796 - Attr not supported : Dsecure
2023-09-02 12:49:04,206 [ERROR] ConditionMgr:796 - Attr not supported : Dsecure
2023-09-02 12:49:04,206 [ERROR] ConditionMgr:796 - Attr not supported : Dsecure
2023-09-02 12:49:04,207 [ERROR] ConditionMgr:796 - Attr not supported : Dsecure
2023-09-02 12:49:04,207 [ERROR] ConditionMgr:796 - Attr not supported : Dsecure
2023-09-02 12:49:04,207 [ERROR] ConditionMgr:796 - Attr not supported : Dsecure
2023-09-02 12:49:04,207 [ERROR] ConditionMgr:796 - Attr not supported : Dsecure
2023-09-02 12:49:04,207 [ERROR] ConditionMgr:796 - Attr not supported : Dsecure
2023-09-02 12:49:04,207 [ERROR] ConditionMgr:796 - Attr not supported : Dsecure
2023-09-02 12:49:04,207 [ERROR] ConditionMgr:796 - Attr not supported : Dsecure
2023-09-02 12:49:04,207 [ERROR] ConditionMgr:796 - Attr not supported : Dsecure
2023-09-02 12:49:04,207 [ERROR] ConditionMgr:796 - Attr not supported : Dsecure
2023-09-02 12:49:04,208 [ERROR] ConditionMgr:796 - Attr not supported : Dsecure
2023-09-02 12:49:04,208 [ERROR] ConditionMgr:796 - Attr not supported : Dsecure
2023-09-02 12:49:04,208 [ERROR] ConditionMgr:796 - Attr not supported : Dsecure
2023-09-02 12:49:04,208 [ERROR] ConditionMgr:796 - Attr not supported : Dsecure
2023-09-02 12:49:04,208 [ERROR] ConditionMgr:796 - Attr not supported : Dsecure
2023-09-02 12:49:04,208 [ERROR] ConditionMgr:796 - Attr not supported : Dsecure
2023-09-02 12:49:04,208 [ERROR] ConditionMgr:796 - Attr not supported : Dsecure
2023-09-02 12:49:04,209 [ERROR] ConditionMgr:796 - Attr not supported : Dsecure
2023-09-02 12:49:04,209 [ERROR] ConditionMgr:796 - Attr not supported : Dsecure
2023-09-02 12:49:04,209 [ERROR] ConditionMgr:796 - Attr not supported : Dsecure
2023-09-02 12:49:04,209 [ERROR] ConditionMgr:796 - Attr not supported : Dsecure
2023-09-02 12:49:04,209 [ERROR] ConditionMgr:796 - Attr not supported : Dsecure
2023-09-02 12:49:04,209 [ERROR] ConditionMgr:796 - Attr not supported : Dsecure
2023-09-02 12:49:04,209 [ERROR] ConditionMgr:796 - Attr not supported : Dsecure
2023-09-02 12:49:04,209 [ERROR] ConditionMgr:796 - Attr not supported : Dsecure
2023-09-02 12:49:04,209 [ERROR] ConditionMgr:796 - Attr not supported : Dsecure
2023-09-02 12:49:04,209 [ERROR] ConditionMgr:796 - Attr not supported : Dsecure
2023-09-02 12:49:04,210 [ERROR] ConditionMgr:796 - Attr not supported : Dsecure
2023-09-02 12:49:04,210 [ERROR] ConditionMgr:796 - Attr not supported : Dsecure
2023-09-02 12:49:04,210 [ERROR] ConditionMgr:796 - Attr not supported : Dsecure
2023-09-02 12:49:04,210 [ERROR] ConditionMgr:796 - Attr not supported : Dsecure
2023-09-02 12:49:04,210 [ERROR] ConditionMgr:796 - Attr not supported : Dsecure
2023-09-02 12:49:04,210 [ERROR] ConditionMgr:796 - Attr not supported : Dsecure
2023-09-02 12:49:04,210 [ERROR] ConditionMgr:796 - Attr not supported : Dsecure
2023-09-02 12:49:04,210 [ERROR] ConditionMgr:796 - Attr not supported : Dsecure
2023-09-02 12:49:04,210 [ERROR] ConditionMgr:796 - Attr not supported : Dsecure
2023-09-02 12:49:04,210 [ERROR] ConditionMgr:796 - Attr not supported : Dsecure
2023-09-02 12:49:04,211 [ERROR] ConditionMgr:796 - Attr not supported : Dsecure
2023-09-02 12:49:04,211 [ERROR] ConditionMgr:796 - Attr not supported : Dsecure
2023-09-02 12:49:04,211 [ERROR] ConditionMgr:796 - Attr not supported : Dsecure
2023-09-02 12:49:04,211 [ERROR] ConditionMgr:796 - Attr not supported : Dsecure
2023-09-02 12:49:04,211 [ERROR] ConditionMgr:796 - Attr not supported : Dsecure
2023-09-02 12:49:04,211 [ERROR] ConditionMgr:796 - Attr not supported : Dsecure
2023-09-02 12:49:04,211 [ERROR] ConditionMgr:796 - Attr not supported : Dsecure
2023-09-02 12:49:04,211 [ERROR] ConditionMgr:796 - Attr not supported : Dsecure
2023-09-02 12:49:04,211 [ERROR] ConditionMgr:796 - Attr not supported : Dsecure
2023-09-02 12:49:04,211 [ERROR] ConditionMgr:796 - Attr not supported : Dsecure
2023-09-02 12:49:04,211 [ERROR] ConditionMgr:796 - Attr not supported : Dsecure
2023-09-02 12:49:04,211 [ERROR] ConditionMgr:796 - Attr not supported : Dsecure
2023-09-02 12:49:04,212 [ERROR] ConditionMgr:796 - Attr not supported : Dsecure
2023-09-02 12:49:04,212 [ERROR] ConditionMgr:796 - Attr not supported : Dsecure
2023-09-02 12:49:04,212 [ERROR] ConditionMgr:796 - Attr not supported : Dsecure
2023-09-02 12:49:04,212 [ERROR] ConditionMgr:796 - Attr not supported : Dsecure
2023-09-02 12:49:04,212 [ERROR] ConditionMgr:796 - Attr not supported : Dsecure
2023-09-02 12:49:04,212 [ERROR] ConditionMgr:796 - Attr not supported : Dsecure
2023-09-02 12:49:04,212 [ERROR] ConditionMgr:796 - Attr not supported : Dsecure
2023-09-02 12:49:04,212 [ERROR] ConditionMgr:796 - Attr not supported : Dsecure
2023-09-02 12:49:04,212 [ERROR] ConditionMgr:796 - Attr not supported : Dsecure
2023-09-02 12:49:04,212 [ERROR] ConditionMgr:796 - Attr not supported : Dsecure
2023-09-02 12:49:04,212 [ERROR] ConditionMgr:796 - Attr not supported : Dsecure
2023-09-02 12:49:04,212 [ERROR] ConditionMgr:796 - Attr not supported : Dsecure
2023-09-02 12:49:04,212 [ERROR] ConditionMgr:796 - Attr not supported : Dsecure
2023-09-02 12:49:04,212 [ERROR] ConditionMgr:796 - Attr not supported : Dsecure
2023-09-02 12:49:04,212 [ERROR] ConditionMgr:796 - Attr not supported : Dsecure
2023-09-02 12:49:04,213 [ERROR] ConditionMgr:796 - Attr not supported : Dsecure
2023-09-02 12:49:04,213 [ERROR] ConditionMgr:796 - Attr not supported : Dsecure
2023-09-02 12:49:04,213 [ERROR] ConditionMgr:796 - Attr not supported : Dsecure
2023-09-02 12:49:04,213 [ERROR] ConditionMgr:796 - Attr not supported : Dsecure
2023-09-02 12:49:04,213 [ERROR] ConditionMgr:796 - Attr not supported : Dsecure
2023-09-02 12:49:04,213 [ERROR] ConditionMgr:796 - Attr not supported : Dsecure
2023-09-02 12:49:04,213 [ERROR] ConditionMgr:796 - Attr not supported : Dsecure
2023-09-02 12:49:04,213 [ERROR] ConditionMgr:796 - Attr not supported : Dsecure
2023-09-02 12:49:04,213 [ERROR] ConditionMgr:796 - Attr not supported : Dsecure
2023-09-02 12:49:04,213 [ERROR] ConditionMgr:796 - Attr not supported : Dsecure
2023-09-02 12:49:04,213 [ERROR] ConditionMgr:796 - Attr not supported : Dsecure
2023-09-02 12:49:04,213 [ERROR] ConditionMgr:796 - Attr not supported : Dsecure
2023-09-02 12:49:04,213 [ERROR] ConditionMgr:796 - Attr not supported : Dsecure
2023-09-02 12:49:04,214 [ERROR] ConditionMgr:796 - Attr not supported : Dsecure
2023-09-02 12:49:04,214 [ERROR] ConditionMgr:796 - Attr not supported : Dsecure
2023-09-02 12:49:04,214 [ERROR] ConditionMgr:796 - Attr not supported : Dsecure
2023-09-02 12:49:04,214 [ERROR] ConditionMgr:796 - Attr not supported : Dsecure
2023-09-02 12:49:04,214 [ERROR] ConditionMgr:796 - Attr not supported : Dsecure
2023-09-02 12:49:04,214 [ERROR] ConditionMgr:796 - Attr not supported : Dsecure
2023-09-02 12:49:04,214 [ERROR] ConditionMgr:796 - Attr not supported : Dsecure
2023-09-02 12:49:04,214 [ERROR] ConditionMgr:796 - Attr not supported : Dsecure
2023-09-02 12:49:04,214 [ERROR] ConditionMgr:796 - Attr not supported : Dsecure
2023-09-02 12:49:04,214 [ERROR] ConditionMgr:796 - Attr not supported : Dsecure
2023-09-02 12:49:04,214 [ERROR] ConditionMgr:796 - Attr not supported : Dsecure
2023-09-02 12:49:04,214 [ERROR] ConditionMgr:796 - Attr not supported : Dsecure
2023-09-02 12:49:04,214 [ERROR] ConditionMgr:796 - Attr not supported : Dsecure
2023-09-02 12:49:04,214 [ERROR] ConditionMgr:796 - Attr not supported : Dsecure
2023-09-02 12:49:04,214 [ERROR] ConditionMgr:796 - Attr not supported : Dsecure
2023-09-02 12:49:04,215 [ERROR] ConditionMgr:796 - Attr not supported : Dsecure
2023-09-02 12:49:04,215 [ERROR] ConditionMgr:796 - Attr not supported : Dsecure
2023-09-02 12:49:04,215 [ERROR] ConditionMgr:796 - Attr not supported : Dsecure
2023-09-02 12:49:04,215 [ERROR] ConditionMgr:796 - Attr not supported : Dsecure
2023-09-02 12:49:04,215 [ERROR] ConditionMgr:796 - Attr not supported : Dsecure
2023-09-02 12:49:04,215 [ERROR] ConditionMgr:796 - Attr not supported : Dsecure
2023-09-02 12:49:04,215 [ERROR] ConditionMgr:796 - Attr not supported : Dsecure
2023-09-02 12:49:04,215 [ERROR] ConditionMgr:796 - Attr not supported : Dsecure
2023-09-02 12:49:04,215 [ERROR] ConditionMgr:796 - Attr not supported : Dsecure
2023-09-02 12:49:04,215 [ERROR] ConditionMgr:796 - Attr not supported : Dsecure
2023-09-02 12:49:04,215 [ERROR] ConditionMgr:796 - Attr not supported : Dsecure
2023-09-02 12:49:04,216 [ERROR] ConditionMgr:796 - Attr not supported : Dsecure
2023-09-02 12:49:04,216 [ERROR] ConditionMgr:796 - Attr not supported : Dsecure
2023-09-02 12:49:04,216 [ERROR] ConditionMgr:796 - Attr not supported : Dsecure
2023-09-02 12:49:04,216 [ERROR] ConditionMgr:796 - Attr not supported : Dsecure
2023-09-02 12:49:04,216 [ERROR] ConditionMgr:796 - Attr not supported : Dsecure
2023-09-02 12:49:04,216 [ERROR] ConditionMgr:796 - Attr not supported : Dsecure
2023-09-02 12:49:04,216 [ERROR] ConditionMgr:796 - Attr not supported : Dsecure
2023-09-02 12:49:04,216 [ERROR] ConditionMgr:796 - Attr not supported : Dsecure
2023-09-02 12:49:04,216 [ERROR] ConditionMgr:796 - Attr not supported : Dsecure
2023-09-02 12:49:04,217 [ERROR] ConditionMgr:796 - Attr not supported : Dsecure
2023-09-02 12:49:04,217 [ERROR] ConditionMgr:796 - Attr not supported : Dsecure
2023-09-02 12:49:04,217 [ERROR] ConditionMgr:796 - Attr not supported : Dsecure
2023-09-02 12:49:04,217 [ERROR] ConditionMgr:796 - Attr not supported : Dsecure
2023-09-02 12:49:04,217 [ERROR] ConditionMgr:796 - Attr not supported : Dsecure
2023-09-02 12:49:04,217 [ERROR] ConditionMgr:796 - Attr not supported : Dsecure
2023-09-02 12:49:04,217 [ERROR] ConditionMgr:796 - Attr not supported : Dsecure
2023-09-02 12:49:04,217 [ERROR] ConditionMgr:796 - Attr not supported : Dsecure
2023-09-02 12:49:04,217 [ERROR] ConditionMgr:796 - Attr not supported : Dsecure
2023-09-02 12:49:04,217 [ERROR] ConditionMgr:796 - Attr not supported : Dsecure
2023-09-02 12:49:04,217 [ERROR] ConditionMgr:796 - Attr not supported : Dsecure
2023-09-02 12:49:04,218 [ERROR] ConditionMgr:796 - Attr not supported : Dsecure
2023-09-02 12:49:04,218 [ERROR] ConditionMgr:796 - Attr not supported : Dsecure
2023-09-02 12:49:04,218 [ERROR] ConditionMgr:796 - Attr not supported : Dsecure
2023-09-02 12:49:04,218 [ERROR] ConditionMgr:796 - Attr not supported : Dsecure
2023-09-02 12:49:04,218 [ERROR] ConditionMgr:796 - Attr not supported : Dsecure
2023-09-02 12:49:04,218 [ERROR] ConditionMgr:796 - Attr not supported : Dsecure
2023-09-02 12:49:04,219 [ERROR] ConditionMgr:796 - Attr not supported : Dsecure
2023-09-02 12:49:04,219 [ERROR] ConditionMgr:796 - Attr not supported : Dsecure
2023-09-02 12:49:04,219 [ERROR] ConditionMgr:796 - Attr not supported : Dsecure
2023-09-02 12:49:04,219 [ERROR] ConditionMgr:796 - Attr not supported : Dsecure
2023-09-02 12:49:04,219 [ERROR] ConditionMgr:796 - Attr not supported : Dsecure
2023-09-02 12:49:04,219 [ERROR] ConditionMgr:796 - Attr not supported : Dsecure
2023-09-02 12:49:04,219 [ERROR] ConditionMgr:796 - Attr not supported : Dsecure
2023-09-02 12:49:04,219 [ERROR] ConditionMgr:796 - Attr not supported : Dsecure
2023-09-02 12:49:04,219 [ERROR] ConditionMgr:796 - Attr not supported : Dsecure
2023-09-02 12:49:04,219 [ERROR] ConditionMgr:796 - Attr not supported : Dsecure
2023-09-02 12:49:04,219 [ERROR] ConditionMgr:796 - Attr not supported : Dsecure
2023-09-02 12:49:04,222 [INFO] ThirdPartyDb:299 - Save Third Party DataBase File (C:/Users/20102/.stm32cubemx/plugins/thirdparty/db/thirdparties_db.xml) [forced]
2023-09-02 12:49:04,298 [ERROR] ConditionMgr:436 - getConditionDescription Invalid condition id : UX DEVICE CLASS RTOS Condition cause : null
2023-09-02 12:49:04,298 [ERROR] ConditionMgr:436 - getConditionDescription Invalid condition id : UX DEVICE CLASS RTOS Condition cause : null
2023-09-02 12:49:04,331 [INFO] ServerAccessManage:348 - Download File mcusDocs.json._tmp_
2023-09-02 12:49:04,333 [ERROR] ConditionMgr:1027 - genDependencies : Invalid condition id : UX DEVICE CLASS RTOS Condition cause : null
2023-09-02 12:49:04,333 [ERROR] ConditionMgr:1027 - genDependencies : Invalid condition id : UX DEVICE CLASS RTOS Condition cause : null
2023-09-02 12:49:04,335 [ERROR] ConditionMgr:1027 - genDependencies : Invalid condition id : UX DEVICE CLASS RTOS Condition cause : null
2023-09-02 12:49:04,336 [ERROR] ConditionMgr:1027 - genDependencies : Invalid condition id : UX DEVICE CLASS RTOS Condition cause : null
2023-09-02 12:49:04,336 [ERROR] ConditionMgr:1027 - genDependencies : Invalid condition id : UX DEVICE CLASS RTOS Condition cause : null
2023-09-02 12:49:04,341 [INFO] ThirdPartyDb:299 - Save Third Party DataBase File (C:/Users/20102/.stm32cubemx/plugins/thirdparty/db/thirdparties_db.xml) [forced]
2023-09-02 12:49:04,389 [INFO] PopulateThirdPartyThread:50 - Ending populate Thread
2023-09-02 12:49:04,390 [INFO] ThirdPartyDb:299 - Save Third Party DataBase File (C:/Users/20102/.stm32cubemx/plugins/thirdparty/db/thirdparties_db.xml) [forced]
2023-09-02 12:49:04,439 [INFO] LoadUrlFilesThread:135 - End of LoadUrlFiles Thread
2023-09-02 12:49:04,492 [INFO] Engine:289 - softwarePackList size : 82
2023-09-02 12:49:04,510 [INFO] Engine:301 - compute dependency for SwPack FP-ATR-ASTRA1 have been done, and update is requested
2023-09-02 12:49:04,524 [INFO] ServerAccessManage:348 - Download File mcusFeaturesAndDescription.json._tmp_
2023-09-02 12:49:04,554 [INFO] Engine:301 - compute dependency for SwPack X-CUBE-AI have been done, and update is requested
2023-09-02 12:49:04,596 [INFO] Engine:301 - compute dependency for SwPack X-CUBE-ALS have been done, and update is requested
2023-09-02 12:49:04,620 [INFO] Engine:301 - compute dependency for SwPack X-CUBE-BLE1 have been done, and update is requested
2023-09-02 12:49:04,641 [INFO] Engine:301 - compute dependency for SwPack X-CUBE-BLE2 have been done, and update is requested
2023-09-02 12:49:04,670 [INFO] Engine:301 - compute dependency for SwPack X-CUBE-BLEMGR have been done, and update is requested
2023-09-02 12:49:04,687 [ERROR] DependencyParser:1297 - StateRcvOpen_Cte Bad Token : )
2023-09-02 12:49:04,688 [ERROR] DependencyParser:1297 - StateRcvOpen_Cte Bad Token : )
2023-09-02 12:49:04,688 [ERROR] DependencyParser:1297 - StateRcvOpen_Cte Bad Token : )
2023-09-02 12:49:04,688 [ERROR] DependencyParser:1297 - StateRcvOpen_Cte Bad Token : )
2023-09-02 12:49:04,688 [ERROR] DependencyParser:1297 - StateRcvOpen_Cte Bad Token : )
2023-09-02 12:49:04,688 [ERROR] DependencyParser:1297 - StateRcvOpen_Cte Bad Token : )
2023-09-02 12:49:04,688 [ERROR] DependencyParser:1297 - StateRcvOpen_Cte Bad Token : )
2023-09-02 12:49:04,688 [ERROR] DependencyParser:1297 - StateRcvOpen_Cte Bad Token : )
2023-09-02 12:49:04,688 [ERROR] DependencyParser:1297 - StateRcvOpen_Cte Bad Token : )
2023-09-02 12:49:04,688 [ERROR] DependencyParser:1297 - StateRcvOpen_Cte Bad Token : )
2023-09-02 12:49:04,688 [ERROR] DependencyParser:1297 - StateRcvOpen_Cte Bad Token : )
2023-09-02 12:49:04,688 [ERROR] DependencyParser:1297 - StateRcvOpen_Cte Bad Token : )
2023-09-02 12:49:04,688 [ERROR] DependencyParser:1297 - StateRcvOpen_Cte Bad Token : )
2023-09-02 12:49:04,689 [ERROR] DependencyParser:1297 - StateRcvOpen_Cte Bad Token : )
2023-09-02 12:49:04,689 [ERROR] DependencyParser:1297 - StateRcvOpen_Cte Bad Token : )
2023-09-02 12:49:04,689 [ERROR] DependencyParser:1297 - StateRcvOpen_Cte Bad Token : )
2023-09-02 12:49:04,689 [ERROR] DependencyParser:1297 - StateRcvOpen_Cte Bad Token : )
2023-09-02 12:49:04,689 [INFO] Engine:305 - compute dependency for SwPack X-CUBE-DISPLAY have been done, no update is requested
2023-09-02 12:49:04,694 [INFO] Engine:301 - compute dependency for SwPack X-CUBE-EEPRMA1 have been done, and update is requested
2023-09-02 12:49:04,717 [INFO] Engine:301 - compute dependency for SwPack X-CUBE-GNSS1 have been done, and update is requested
2023-09-02 12:49:04,736 [INFO] Engine:301 - compute dependency for SwPack X-CUBE-ISPU have been done, and update is requested
2023-09-02 12:49:05,197 [WARN] MainUpdater:1087 - Updater busy. Cannot search thirdparties
2023-09-02 12:49:06,029 [INFO] Engine:301 - compute dependency for SwPack X-CUBE-MEMS1 have been done, and update is requested
2023-09-02 12:49:06,096 [INFO] Engine:301 - compute dependency for SwPack X-CUBE-NFC4 have been done, and update is requested
2023-09-02 12:49:06,144 [INFO] Engine:301 - compute dependency for SwPack X-CUBE-NFC7 have been done, and update is requested
2023-09-02 12:49:06,191 [INFO] Engine:301 - compute dependency for SwPack X-CUBE-SFXS2LP1 have been done, and update is requested
2023-09-02 12:49:06,313 [INFO] Engine:301 - compute dependency for SwPack X-CUBE-SUBG2 have been done, and update is requested
2023-09-02 12:49:06,369 [INFO] Engine:301 - compute dependency for SwPack X-CUBE-TOF1 have been done, and update is requested
2023-09-02 12:49:06,384 [INFO] Engine:305 - compute dependency for SwPack X-CUBE-TOUCHGFX have been done, no update is requested
2023-09-02 12:49:06,389 [INFO] Engine:301 - compute dependency for SwPack X-CUBE-ALGOBUILD have been done, and update is requested
2023-09-02 12:49:06,412 [INFO] Engine:301 - compute dependency for SwPack X-CUBE-AZRTOS-H7 have been done, and update is requested
2023-09-02 12:49:06,442 [INFO] Engine:301 - compute dependency for SwPack X-CUBE-AZRTOS-F4 have been done, and update is requested
2023-09-02 12:49:06,466 [INFO] Engine:301 - compute dependency for SwPack X-CUBE-AZRTOS-F7 have been done, and update is requested
2023-09-02 12:49:06,491 [INFO] Engine:301 - compute dependency for SwPack X-CUBE-AZRTOS-L4 have been done, and update is requested
2023-09-02 12:49:06,505 [ERROR] DependencyParser:1297 - StateRcvOpen_Cte Bad Token : )
2023-09-02 12:49:06,505 [ERROR] DependencyParser:1297 - StateRcvOpen_Cte Bad Token : )
2023-09-02 12:49:06,505 [ERROR] DependencyParser:1297 - StateRcvOpen_Cte Bad Token : )
2023-09-02 12:49:06,505 [ERROR] DependencyParser:1297 - StateRcvOpen_Cte Bad Token : )
2023-09-02 12:49:06,505 [ERROR] DependencyParser:1297 - StateRcvOpen_Cte Bad Token : )
2023-09-02 12:49:06,505 [ERROR] DependencyParser:1297 - StateRcvOpen_Cte Bad Token : )
2023-09-02 12:49:06,505 [ERROR] DependencyParser:1297 - StateRcvOpen_Cte Bad Token : )
2023-09-02 12:49:06,505 [ERROR] DependencyParser:1297 - StateRcvOpen_Cte Bad Token : )
2023-09-02 12:49:06,505 [ERROR] DependencyParser:1297 - StateRcvOpen_Cte Bad Token : )
2023-09-02 12:49:06,506 [ERROR] DependencyParser:1297 - StateRcvOpen_Cte Bad Token : )
2023-09-02 12:49:06,506 [ERROR] DependencyParser:1297 - StateRcvOpen_Cte Bad Token : )
2023-09-02 12:49:06,506 [ERROR] DependencyParser:1297 - StateRcvOpen_Cte Bad Token : )
2023-09-02 12:49:06,506 [ERROR] DependencyParser:1297 - StateRcvOpen_Cte Bad Token : )
2023-09-02 12:49:06,506 [ERROR] DependencyParser:1297 - StateRcvOpen_Cte Bad Token : )
2023-09-02 12:49:06,506 [ERROR] DependencyParser:1297 - StateRcvOpen_Cte Bad Token : )
2023-09-02 12:49:06,506 [ERROR] DependencyParser:1297 - StateRcvOpen_Cte Bad Token : )
2023-09-02 12:49:06,506 [ERROR] DependencyParser:1297 - StateRcvOpen_Cte Bad Token : )
2023-09-02 12:49:06,506 [ERROR] DependencyParser:1297 - StateRcvOpen_Cte Bad Token : )
2023-09-02 12:49:06,506 [ERROR] DependencyParser:1297 - StateRcvOpen_Cte Bad Token : )
2023-09-02 12:49:06,506 [ERROR] DependencyParser:1297 - StateRcvOpen_Cte Bad Token : )
2023-09-02 12:49:06,506 [ERROR] DependencyParser:1297 - StateRcvOpen_Cte Bad Token : )
2023-09-02 12:49:06,506 [ERROR] DependencyParser:1297 - StateRcvOpen_Cte Bad Token : )
2023-09-02 12:49:06,506 [ERROR] DependencyParser:1297 - StateRcvOpen_Cte Bad Token : )
2023-09-02 12:49:06,506 [ERROR] DependencyParser:1297 - StateRcvOpen_Cte Bad Token : )
2023-09-02 12:49:06,506 [ERROR] DependencyParser:1297 - StateRcvOpen_Cte Bad Token : )
2023-09-02 12:49:06,506 [ERROR] DependencyParser:1297 - StateRcvOpen_Cte Bad Token : )
2023-09-02 12:49:06,506 [ERROR] DependencyParser:1297 - StateRcvOpen_Cte Bad Token : )
2023-09-02 12:49:06,506 [ERROR] DependencyParser:1297 - StateRcvOpen_Cte Bad Token : )
2023-09-02 12:49:06,506 [ERROR] DependencyParser:1297 - StateRcvOpen_Cte Bad Token : )
2023-09-02 12:49:06,506 [ERROR] DependencyParser:1297 - StateRcvOpen_Cte Bad Token : )
2023-09-02 12:49:06,506 [ERROR] DependencyParser:1297 - StateRcvOpen_Cte Bad Token : )
2023-09-02 12:49:06,507 [ERROR] DependencyParser:1297 - StateRcvOpen_Cte Bad Token : )
2023-09-02 12:49:06,507 [ERROR] DependencyParser:1297 - StateRcvOpen_Cte Bad Token : )
2023-09-02 12:49:06,507 [ERROR] DependencyParser:1297 - StateRcvOpen_Cte Bad Token : )
2023-09-02 12:49:06,507 [ERROR] DependencyParser:1297 - StateRcvOpen_Cte Bad Token : )
2023-09-02 12:49:06,507 [ERROR] DependencyParser:1297 - StateRcvOpen_Cte Bad Token : )
2023-09-02 12:49:06,507 [ERROR] DependencyParser:1297 - StateRcvOpen_Cte Bad Token : )
2023-09-02 12:49:06,507 [ERROR] DependencyParser:1297 - StateRcvOpen_Cte Bad Token : )
2023-09-02 12:49:06,507 [ERROR] DependencyParser:1297 - StateRcvOpen_Cte Bad Token : )
2023-09-02 12:49:06,507 [ERROR] DependencyParser:1297 - StateRcvOpen_Cte Bad Token : )
2023-09-02 12:49:06,507 [ERROR] DependencyParser:1297 - StateRcvOpen_Cte Bad Token : )
2023-09-02 12:49:06,507 [ERROR] DependencyParser:1297 - StateRcvOpen_Cte Bad Token : )
2023-09-02 12:49:06,507 [ERROR] DependencyParser:1297 - StateRcvOpen_Cte Bad Token : )
2023-09-02 12:49:06,507 [ERROR] DependencyParser:1297 - StateRcvOpen_Cte Bad Token : )
2023-09-02 12:49:06,507 [ERROR] DependencyParser:1297 - StateRcvOpen_Cte Bad Token : )
2023-09-02 12:49:06,507 [ERROR] DependencyParser:1297 - StateRcvOpen_Cte Bad Token : )
2023-09-02 12:49:06,507 [INFO] Engine:305 - compute dependency for SwPack X-CUBE-AZRTOS-L5 have been done, no update is requested
2023-09-02 12:49:06,518 [INFO] Engine:301 - compute dependency for SwPack X-CUBE-AZRTOS-G0 have been done, and update is requested
2023-09-02 12:49:06,547 [INFO] Engine:301 - compute dependency for SwPack X-CUBE-AZRTOS-G4 have been done, and update is requested
2023-09-02 12:49:06,583 [INFO] Engine:301 - compute dependency for SwPack X-CUBE-AZRTOS-WL have been done, and update is requested
2023-09-02 12:49:06,607 [INFO] Engine:301 - compute dependency for SwPack I-CUBE-wolfSSL have been done, and update is requested
2023-09-02 12:49:06,646 [INFO] Engine:305 - compute dependency for SwPack I-CUBE-UNISONRTOS have been done, no update is requested
2023-09-02 12:49:06,953 [INFO] Engine:301 - compute dependency for SwPack I-CUBE-embOS have been done, and update is requested
2023-09-02 12:49:06,969 [INFO] Engine:301 - compute dependency for SwPack I-Cube-SoM-uGOAL have been done, and update is requested
2023-09-02 12:49:06,992 [INFO] Engine:301 - compute dependency for SwPack I-CUBE-CANOPEN have been done, and update is requested
2023-09-02 12:49:07,017 [INFO] Engine:305 - compute dependency for SwPack FreeRTOS have been done, no update is requested
2023-09-02 12:49:07,017 [INFO] Engine:305 - compute dependency for SwPack lwIP have been done, no update is requested
2023-09-02 12:49:07,017 [INFO] Engine:305 - compute dependency for SwPack lwIP have been done, no update is requested
2023-09-02 12:49:07,017 [INFO] Engine:305 - compute dependency for SwPack MBEDTLS have been done, no update is requested
2023-09-02 12:49:07,017 [INFO] Engine:305 - compute dependency for SwPack MBEDTLS have been done, no update is requested
2023-09-02 12:49:07,017 [INFO] Engine:305 - compute dependency for SwPack PDM2PCM have been done, no update is requested
2023-09-02 12:49:07,017 [INFO] Engine:305 - compute dependency for SwPack PDM2PCM have been done, no update is requested
2023-09-02 12:49:07,018 [INFO] Engine:305 - compute dependency for SwPack PDM2PCM have been done, no update is requested
2023-09-02 12:49:07,021 [INFO] Engine:305 - compute dependency for SwPack USB_DEVICE have been done, no update is requested
2023-09-02 12:49:07,021 [INFO] Engine:305 - compute dependency for SwPack USB_DEVICE have been done, no update is requested
2023-09-02 12:49:07,021 [INFO] Engine:305 - compute dependency for SwPack USB_DEVICE have been done, no update is requested
2023-09-02 12:49:07,024 [INFO] Engine:305 - compute dependency for SwPack USB_HOST have been done, no update is requested
2023-09-02 12:49:07,025 [INFO] Engine:305 - compute dependency for SwPack USB_HOST have been done, no update is requested
2023-09-02 12:49:07,035 [INFO] Engine:301 - compute dependency for SwPack FP-ATR-ASTRA1 have been done, and update is requested
2023-09-02 12:49:07,073 [INFO] Engine:301 - compute dependency for SwPack FP-ATR-SIGFOX1 have been done, and update is requested
2023-09-02 12:49:07,112 [INFO] Engine:301 - compute dependency for SwPack X-CUBE-AI have been done, and update is requested
2023-09-02 12:49:07,163 [INFO] Engine:301 - compute dependency for SwPack X-CUBE-BLEMGR have been done, and update is requested
2023-09-02 12:49:07,274 [INFO] Engine:301 - compute dependency for SwPack X-CUBE-TOF1 have been done, and update is requested
2023-09-02 12:49:07,298 [INFO] Engine:301 - compute dependency for SwPack X-CUBE-BLE1 have been done, and update is requested
2023-09-02 12:49:07,324 [INFO] Engine:301 - compute dependency for SwPack X-CUBE-BLEMGR have been done, and update is requested
2023-09-02 12:49:07,341 [INFO] Engine:301 - compute dependency for SwPack X-CUBE-ISPU have been done, and update is requested
2023-09-02 12:49:08,197 [WARN] MainUpdater:1087 - Updater busy. Cannot search thirdparties
2023-09-02 12:49:09,009 [INFO] Engine:301 - compute dependency for SwPack X-CUBE-MEMS1 have been done, and update is requested
2023-09-02 12:49:09,032 [INFO] Engine:301 - compute dependency for SwPack X-CUBE-NFC4 have been done, and update is requested
2023-09-02 12:49:09,046 [ERROR] DependencyParser:1297 - StateRcvOpen_Cte Bad Token : )
2023-09-02 12:49:09,046 [ERROR] DependencyParser:1297 - StateRcvOpen_Cte Bad Token : )
2023-09-02 12:49:09,046 [ERROR] DependencyParser:1297 - StateRcvOpen_Cte Bad Token : )
2023-09-02 12:49:09,046 [ERROR] DependencyParser:1297 - StateRcvOpen_Cte Bad Token : )
2023-09-02 12:49:09,046 [ERROR] DependencyParser:1297 - StateRcvOpen_Cte Bad Token : )
2023-09-02 12:49:09,046 [ERROR] DependencyParser:1297 - StateRcvOpen_Cte Bad Token : )
2023-09-02 12:49:09,046 [ERROR] DependencyParser:1297 - StateRcvOpen_Cte Bad Token : )
2023-09-02 12:49:09,046 [ERROR] DependencyParser:1297 - StateRcvOpen_Cte Bad Token : )
2023-09-02 12:49:09,046 [ERROR] DependencyParser:1297 - StateRcvOpen_Cte Bad Token : )
2023-09-02 12:49:09,046 [ERROR] DependencyParser:1297 - StateRcvOpen_Cte Bad Token : )
2023-09-02 12:49:09,047 [ERROR] DependencyParser:1297 - StateRcvOpen_Cte Bad Token : )
2023-09-02 12:49:09,047 [ERROR] DependencyParser:1297 - StateRcvOpen_Cte Bad Token : )
2023-09-02 12:49:09,047 [ERROR] DependencyParser:1297 - StateRcvOpen_Cte Bad Token : )
2023-09-02 12:49:09,047 [ERROR] DependencyParser:1297 - StateRcvOpen_Cte Bad Token : )
2023-09-02 12:49:09,047 [ERROR] DependencyParser:1297 - StateRcvOpen_Cte Bad Token : )
2023-09-02 12:49:09,047 [ERROR] DependencyParser:1297 - StateRcvOpen_Cte Bad Token : )
2023-09-02 12:49:09,047 [ERROR] DependencyParser:1297 - StateRcvOpen_Cte Bad Token : )
2023-09-02 12:49:09,047 [ERROR] DependencyParser:1297 - StateRcvOpen_Cte Bad Token : )
2023-09-02 12:49:09,047 [ERROR] DependencyParser:1297 - StateRcvOpen_Cte Bad Token : )
2023-09-02 12:49:09,047 [ERROR] DependencyParser:1297 - StateRcvOpen_Cte Bad Token : )
2023-09-02 12:49:09,047 [ERROR] DependencyParser:1297 - StateRcvOpen_Cte Bad Token : )
2023-09-02 12:49:09,047 [ERROR] DependencyParser:1297 - StateRcvOpen_Cte Bad Token : )
2023-09-02 12:49:09,047 [ERROR] DependencyParser:1297 - StateRcvOpen_Cte Bad Token : )
2023-09-02 12:49:09,047 [ERROR] DependencyParser:1297 - StateRcvOpen_Cte Bad Token : )
2023-09-02 12:49:09,047 [ERROR] DependencyParser:1297 - StateRcvOpen_Cte Bad Token : )
2023-09-02 12:49:09,047 [ERROR] DependencyParser:1297 - StateRcvOpen_Cte Bad Token : )
2023-09-02 12:49:09,047 [ERROR] DependencyParser:1297 - StateRcvOpen_Cte Bad Token : )
2023-09-02 12:49:09,047 [ERROR] DependencyParser:1297 - StateRcvOpen_Cte Bad Token : )
2023-09-02 12:49:09,047 [ERROR] DependencyParser:1297 - StateRcvOpen_Cte Bad Token : )
2023-09-02 12:49:09,047 [ERROR] DependencyParser:1297 - StateRcvOpen_Cte Bad Token : )
2023-09-02 12:49:09,048 [ERROR] DependencyParser:1297 - StateRcvOpen_Cte Bad Token : )
2023-09-02 12:49:09,048 [ERROR] DependencyParser:1297 - StateRcvOpen_Cte Bad Token : )
2023-09-02 12:49:09,048 [ERROR] DependencyParser:1297 - StateRcvOpen_Cte Bad Token : )
2023-09-02 12:49:09,048 [ERROR] DependencyParser:1297 - StateRcvOpen_Cte Bad Token : )
2023-09-02 12:49:09,048 [ERROR] DependencyParser:1297 - StateRcvOpen_Cte Bad Token : )
2023-09-02 12:49:09,048 [ERROR] DependencyParser:1297 - StateRcvOpen_Cte Bad Token : )
2023-09-02 12:49:09,048 [ERROR] DependencyParser:1297 - StateRcvOpen_Cte Bad Token : )
2023-09-02 12:49:09,048 [ERROR] DependencyParser:1297 - StateRcvOpen_Cte Bad Token : )
2023-09-02 12:49:09,048 [ERROR] DependencyParser:1297 - StateRcvOpen_Cte Bad Token : )
2023-09-02 12:49:09,048 [ERROR] DependencyParser:1297 - StateRcvOpen_Cte Bad Token : )
2023-09-02 12:49:09,048 [ERROR] DependencyParser:1297 - StateRcvOpen_Cte Bad Token : )
2023-09-02 12:49:09,048 [ERROR] DependencyParser:1297 - StateRcvOpen_Cte Bad Token : )
2023-09-02 12:49:09,048 [ERROR] DependencyParser:1297 - StateRcvOpen_Cte Bad Token : )
2023-09-02 12:49:09,048 [ERROR] DependencyParser:1297 - StateRcvOpen_Cte Bad Token : )
2023-09-02 12:49:09,048 [ERROR] DependencyParser:1297 - StateRcvOpen_Cte Bad Token : )
2023-09-02 12:49:09,049 [ERROR] DependencyParser:1297 - StateRcvOpen_Cte Bad Token : )
2023-09-02 12:49:09,049 [INFO] Engine:305 - compute dependency for SwPack X-CUBE-AZRTOS-L5 have been done, no update is requested
2023-09-02 12:49:09,059 [INFO] Engine:301 - compute dependency for SwPack X-CUBE-AZRTOS-WB have been done, and update is requested
2023-09-02 12:49:09,070 [INFO] LoadUrlFilesThread:135 - End of LoadUrlFiles Thread
2023-09-02 12:49:09,105 [INFO] Engine:301 - compute dependency for SwPack X-CUBE-AZRTOS-H7 have been done, and update is requested
2023-09-02 12:49:09,129 [INFO] Engine:301 - compute dependency for SwPack X-CUBE-EEPRMA1 have been done, and update is requested
2023-09-02 12:49:09,143 [INFO] Engine:305 - compute dependency for SwPack X-CUBE-TOUCHGFX have been done, no update is requested
2023-09-02 12:49:09,149 [INFO] Engine:301 - compute dependency for SwPack X-CUBE-NFC4 have been done, and update is requested
2023-09-02 12:49:09,158 [INFO] ServerAccessManage:348 - Download File boardsDocs.json._tmp_
2023-09-02 12:49:09,165 [INFO] Engine:305 - compute dependency for SwPack X-CUBE-TOUCHGFX have been done, no update is requested
2023-09-02 12:49:09,189 [INFO] LoadUrlFilesThread:135 - End of LoadUrlFiles Thread
2023-09-02 12:49:09,296 [INFO] ServerAccessManage:348 - Download File boards.json._tmp_
2023-09-02 12:49:09,489 [INFO] LoadUrlFilesThread:135 - End of LoadUrlFiles Thread
2023-09-02 12:49:09,865 [INFO] ServerAccessManage:348 - Download File cube-finder-db.zip
2023-09-02 12:49:10,782 [INFO] Engine:301 - compute dependency for SwPack X-CUBE-MEMS1 have been done, and update is requested
2023-09-02 12:49:10,799 [INFO] Engine:301 - compute dependency for SwPack X-CUBE-AI have been done, and update is requested
2023-09-02 12:49:10,848 [INFO] Engine:301 - compute dependency for SwPack X-CUBE-BLEMGR have been done, and update is requested
2023-09-02 12:49:11,204 [WARN] MainUpdater:1087 - Updater busy. Cannot search thirdparties
2023-09-02 12:49:11,235 [INFO] Engine:301 - compute dependency for SwPack I-CUBE-embOS have been done, and update is requested
2023-09-02 12:49:11,253 [INFO] Engine:301 - compute dependency for SwPack I-CUBE-Cesium have been done, and update is requested
2023-09-02 12:49:11,358 [INFO] Engine:301 - compute dependency for SwPack X-CUBE-TOF1 have been done, and update is requested
2023-09-02 12:49:11,373 [INFO] Engine:305 - compute dependency for SwPack X-CUBE-TOUCHGFX have been done, no update is requested
2023-09-02 12:49:11,375 [INFO] Engine:301 - compute dependency for SwPack FP-ATR-ASTRA1 have been done, and update is requested
2023-09-02 12:49:13,033 [INFO] Engine:301 - compute dependency for SwPack X-CUBE-MEMS1 have been done, and update is requested
2023-09-02 12:49:13,060 [INFO] Engine:301 - compute dependency for SwPack X-CUBE-AZRTOS-H7 have been done, and update is requested
2023-09-02 12:49:13,082 [INFO] Engine:301 - compute dependency for SwPack X-CUBE-AZRTOS-G4 have been done, and update is requested
2023-09-02 12:49:13,097 [INFO] Engine:301 - compute dependency for SwPack X-CUBE-AI have been done, and update is requested
2023-09-02 12:49:13,110 [INFO] Engine:305 - compute dependency for SwPack X-CUBE-TOUCHGFX have been done, no update is requested
2023-09-02 12:49:13,116 [INFO] Engine:301 - compute dependency for SwPack X-CUBE-NFC7 have been done, and update is requested
2023-09-02 12:49:13,156 [INFO] Engine:301 - compute dependency for SwPack X-CUBE-AZRTOS-L4 have been done, and update is requested
2023-09-02 12:49:13,174 [INFO] Engine:301 - compute dependency for SwPack X-CUBE-AZRTOS-WL have been done, and update is requested
2023-09-02 12:49:13,188 [INFO] Engine:305 - compute dependency for SwPack X-CUBE-TOUCHGFX have been done, no update is requested
2023-09-02 12:49:13,190 [INFO] Engine:301 - compute dependency for SwPack X-CUBE-AI have been done, and update is requested
2023-09-02 12:49:13,205 [INFO] Engine:301 - compute dependency for SwPack X-CUBE-BLE1 have been done, and update is requested
2023-09-02 12:49:13,223 [ERROR] DependencyParser:1297 - StateRcvOpen_Cte Bad Token : )
2023-09-02 12:49:13,223 [ERROR] DependencyParser:1297 - StateRcvOpen_Cte Bad Token : )
2023-09-02 12:49:13,223 [ERROR] DependencyParser:1297 - StateRcvOpen_Cte Bad Token : )
2023-09-02 12:49:13,223 [ERROR] DependencyParser:1297 - StateRcvOpen_Cte Bad Token : )
2023-09-02 12:49:13,224 [ERROR] DependencyParser:1297 - StateRcvOpen_Cte Bad Token : )
2023-09-02 12:49:13,224 [ERROR] DependencyParser:1297 - StateRcvOpen_Cte Bad Token : )
2023-09-02 12:49:13,224 [ERROR] DependencyParser:1297 - StateRcvOpen_Cte Bad Token : )
2023-09-02 12:49:13,224 [ERROR] DependencyParser:1297 - StateRcvOpen_Cte Bad Token : )
2023-09-02 12:49:13,224 [ERROR] DependencyParser:1297 - StateRcvOpen_Cte Bad Token : )
2023-09-02 12:49:13,224 [ERROR] DependencyParser:1297 - StateRcvOpen_Cte Bad Token : )
2023-09-02 12:49:13,224 [ERROR] DependencyParser:1297 - StateRcvOpen_Cte Bad Token : )
2023-09-02 12:49:13,224 [ERROR] DependencyParser:1297 - StateRcvOpen_Cte Bad Token : )
2023-09-02 12:49:13,224 [ERROR] DependencyParser:1297 - StateRcvOpen_Cte Bad Token : )
2023-09-02 12:49:13,224 [ERROR] DependencyParser:1297 - StateRcvOpen_Cte Bad Token : )
2023-09-02 12:49:13,224 [ERROR] DependencyParser:1297 - StateRcvOpen_Cte Bad Token : )
2023-09-02 12:49:13,224 [ERROR] DependencyParser:1297 - StateRcvOpen_Cte Bad Token : )
2023-09-02 12:49:13,224 [ERROR] DependencyParser:1297 - StateRcvOpen_Cte Bad Token : )
2023-09-02 12:49:13,224 [ERROR] DependencyParser:1297 - StateRcvOpen_Cte Bad Token : )
2023-09-02 12:49:13,224 [ERROR] DependencyParser:1297 - StateRcvOpen_Cte Bad Token : )
2023-09-02 12:49:13,225 [ERROR] DependencyParser:1297 - StateRcvOpen_Cte Bad Token : )
2023-09-02 12:49:13,225 [ERROR] DependencyParser:1297 - StateRcvOpen_Cte Bad Token : )
2023-09-02 12:49:13,225 [ERROR] DependencyParser:1297 - StateRcvOpen_Cte Bad Token : )
2023-09-02 12:49:13,225 [ERROR] DependencyParser:1297 - StateRcvOpen_Cte Bad Token : )
2023-09-02 12:49:13,225 [ERROR] DependencyParser:1297 - StateRcvOpen_Cte Bad Token : )
2023-09-02 12:49:13,225 [ERROR] DependencyParser:1297 - StateRcvOpen_Cte Bad Token : )
2023-09-02 12:49:13,225 [ERROR] DependencyParser:1297 - StateRcvOpen_Cte Bad Token : )
2023-09-02 12:49:13,225 [ERROR] DependencyParser:1297 - StateRcvOpen_Cte Bad Token : )
2023-09-02 12:49:13,225 [ERROR] DependencyParser:1297 - StateRcvOpen_Cte Bad Token : )
2023-09-02 12:49:13,225 [ERROR] DependencyParser:1297 - StateRcvOpen_Cte Bad Token : )
2023-09-02 12:49:13,225 [ERROR] DependencyParser:1297 - StateRcvOpen_Cte Bad Token : )
2023-09-02 12:49:13,225 [ERROR] DependencyParser:1297 - StateRcvOpen_Cte Bad Token : )
2023-09-02 12:49:13,225 [ERROR] DependencyParser:1297 - StateRcvOpen_Cte Bad Token : )
2023-09-02 12:49:13,225 [ERROR] DependencyParser:1297 - StateRcvOpen_Cte Bad Token : )
2023-09-02 12:49:13,226 [ERROR] DependencyParser:1297 - StateRcvOpen_Cte Bad Token : )
2023-09-02 12:49:13,226 [ERROR] DependencyParser:1297 - StateRcvOpen_Cte Bad Token : )
2023-09-02 12:49:13,226 [ERROR] DependencyParser:1297 - StateRcvOpen_Cte Bad Token : )
2023-09-02 12:49:13,226 [ERROR] DependencyParser:1297 - StateRcvOpen_Cte Bad Token : )
2023-09-02 12:49:13,226 [ERROR] DependencyParser:1297 - StateRcvOpen_Cte Bad Token : )
2023-09-02 12:49:13,226 [ERROR] DependencyParser:1297 - StateRcvOpen_Cte Bad Token : )
2023-09-02 12:49:13,226 [ERROR] DependencyParser:1297 - StateRcvOpen_Cte Bad Token : )
2023-09-02 12:49:13,226 [ERROR] DependencyParser:1297 - StateRcvOpen_Cte Bad Token : )
2023-09-02 12:49:13,226 [ERROR] DependencyParser:1297 - StateRcvOpen_Cte Bad Token : )
2023-09-02 12:49:13,226 [ERROR] DependencyParser:1297 - StateRcvOpen_Cte Bad Token : )
2023-09-02 12:49:13,226 [ERROR] DependencyParser:1297 - StateRcvOpen_Cte Bad Token : )
2023-09-02 12:49:13,226 [ERROR] DependencyParser:1297 - StateRcvOpen_Cte Bad Token : )
2023-09-02 12:49:13,226 [ERROR] DependencyParser:1297 - StateRcvOpen_Cte Bad Token : )
2023-09-02 12:49:13,226 [INFO] Engine:305 - compute dependency for SwPack X-CUBE-AZRTOS-L5 have been done, no update is requested
2023-09-02 12:49:13,236 [INFO] Engine:301 - compute dependency for SwPack X-CUBE-AZRTOS-WB have been done, and update is requested
2023-09-02 12:49:13,289 [INFO] ThirdPartyDb:299 - Save Third Party DataBase File (C:/Users/20102/.stm32cubemx/plugins/thirdparty/db/thirdparties_db.xml) [forced]
2023-09-02 12:49:13,332 [INFO] LoadServerUpdatesThread:309 - End of LoadServerUpdate Thread
2023-09-02 12:49:14,210 [WARN] MainUpdater:1087 - Updater busy. Cannot search thirdparties
2023-09-02 12:49:17,224 [WARN] MainUpdater:1087 - Updater busy. Cannot search thirdparties
2023-09-02 12:49:19,082 [INFO] FileExtend:225 - Unzip File : cube-finder-db.zip
2023-09-02 12:49:19,084 [INFO] FileExtend:240 - Standard Zip Deflate
2023-09-02 12:49:20,014 [INFO] LoadUrlFilesThread:135 - End of LoadUrlFiles Thread
2023-09-02 12:49:21,208 [INFO] ThirdPartyDb:299 - Save Third Party DataBase File (C:/Users/20102/.stm32cubemx/plugins/thirdparty/db/thirdparties_db.xml) [forced]
2023-09-02 12:49:21,248 [WARN] MainUpdater:1111 - Updater busy. Cannot search getThirdPartyDeniedPacksFromList
2023-09-02 12:49:21,461 [INFO] ServerAccessManage:348 - Download File crdb.zip
2023-09-02 12:49:21,925 [INFO] FileExtend:225 - Unzip File : crdb.zip
2023-09-02 12:49:21,926 [INFO] FileExtend:240 - Standard Zip Deflate
2023-09-02 12:49:21,977 [INFO] LoadUrlFilesThread:135 - End of LoadUrlFiles Thread
2023-09-02 12:49:22,266 [INFO] ServerAccessManage:348 - Download File tutoVideoDB.zip
2023-09-02 12:49:22,322 [INFO] FileExtend:225 - Unzip File : tutoVideoDB.zip
2023-09-02 12:49:22,325 [INFO] FileExtend:240 - Standard Zip Deflate
2023-09-02 12:49:22,352 [INFO] LoadUrlFilesThread:135 - End of LoadUrlFiles Thread
2023-09-02 12:49:22,376 [INFO] DbMcusDocs:145 - JSON generation date=Tue Nov 16 18:17:54 EET 2021 (1637079474)
2023-09-02 12:49:22,377 [INFO] DbMcusXml:100 - Load MCU database from C:\ST\STM32CubeIDE_1.4.0\STM32CubeIDE\plugins\com.st.stm32cube.common.mx_6.0.0.202007160824\\db\/mcu/families.xml
2023-09-02 12:49:23,136 [INFO] DbMcusJson:92 - JSON generation date=Tue Nov 16 18:17:54 EET 2021 (1637079474)
2023-09-02 12:49:23,867 [INFO] DbMcus:175 - Found 1761 MCUs (1722 are supported by CubeMX, 1911 are visible in CubeMX)
2023-09-02 12:49:23,867 [INFO] ApiDb:201 - Load user favorites file C:\Users\20102/.stm32cubemx/favorites.mcus.txt: 0 item(s)
2023-09-02 12:49:23,868 [INFO] ApiDb:205 - User favorites MCUs=[]
2023-09-02 12:49:23,868 [INFO] DbMcus:187 - Set 0 / 0 favorites MCUs
2023-09-02 12:49:24,224 [INFO] DbMcusDocs:81 - Found 682 MCUs documents
2023-09-02 12:49:24,227 [INFO] ApiDb:226 - Save user favorites file C:\Users\20102/.stm32cubemx/favorites.mcus.txt: 0 item(s)
2023-09-02 12:49:24,227 [INFO] ApiDb:230 - User favorites MCUs=[]
2023-09-02 12:49:24,227 [INFO] DbMcusXml:100 - Load MCU database from C:\ST\STM32CubeIDE_1.4.0\STM32CubeIDE\plugins\com.st.stm32cube.common.mx_6.0.0.202007160824\\db\/mcu/families.xml
2023-09-02 12:49:24,256 [INFO] ThirdPartyDb:299 - Save Third Party DataBase File (C:/Users/20102/.stm32cubemx/plugins/thirdparty/db/thirdparties_db.xml) [forced]
2023-09-02 12:49:24,294 [INFO] IntegrityCheckThread:76 - exiting critical section [integrity check]
2023-09-02 12:49:24,294 [INFO] IntegrityCheckThread:79 - End integrity checks thread
2023-09-02 12:49:24,744 [INFO] DbMcusJson:92 - JSON generation date=Tue Nov 16 18:17:54 EET 2021 (1637079474)
2023-09-02 12:49:25,258 [INFO] DbMcus:175 - Found 1761 MCUs (1722 are supported by CubeMX, 1911 are visible in CubeMX)
2023-09-02 12:49:25,259 [INFO] ApiDb:201 - Load user favorites file C:\Users\20102/.stm32cubemx/favorites.mcus.txt: 0 item(s)
2023-09-02 12:49:25,259 [INFO] ApiDb:205 - User favorites MCUs=[]
2023-09-02 12:49:25,259 [INFO] DbMcus:187 - Set 0 / 0 favorites MCUs
2023-09-02 12:49:25,268 [INFO] DbBoardsDocs:145 - JSON generation date=Tue Nov 16 18:17:54 EET 2021 (1637079474)
2023-09-02 12:49:25,300 [INFO] DbBoardsPdsc:94 - Found 23 items
2023-09-02 12:49:25,310 [INFO] DbBoardsPdsc:94 - Found 9 items
2023-09-02 12:49:25,323 [INFO] DbBoardsPdsc:94 - Found 29 items
2023-09-02 12:49:25,332 [INFO] DbBoardsPdsc:94 - Found 1 items
2023-09-02 12:49:25,347 [INFO] DbBoardsPdsc:94 - Found 44 items
2023-09-02 12:49:25,362 [INFO] DbBoardsPdsc:94 - Found 40 items
2023-09-02 12:49:25,372 [INFO] DbBoardsPdsc:94 - Found 2 items
2023-09-02 12:49:25,383 [INFO] DbBoardsPdsc:94 - Found 4 items
2023-09-02 12:49:25,389 [WARN] DbBoardsPdsc:258 - Board STM32H7B3I-DK: unknown feature type=Audio, name=, username=Audio stereo codec with Headphone Amp (CS42L51-CNZ), n=1
2023-09-02 12:49:25,389 [WARN] DbBoardsPdsc:258 - Board STM32H735G-DK: unknown feature type=Audio, name=, username=Audio stereo codec with Headphone Amp (WM8994ECS/R), n=1
2023-09-02 12:49:25,391 [WARN] DbBoardsPdsc:258 - Board STM32H7B3I-EVAL: unknown feature type=Audio, name=, username=Multi-Channel Audio Codec (CS42L51-CNZ), n=1
2023-09-02 12:49:25,391 [WARN] DbBoardsPdsc:258 - Board STM32H7B3I-EVAL: unknown feature type=Meter, name=, username=Power-metering and Temperature-monitoring with sigma-delta modulators, n=1
2023-09-02 12:49:25,391 [WARN] DbBoardsPdsc:258 - Board STM32H7B3I-EVAL: unknown feature type=Motor, name=, username=Motor Control, n=1
2023-09-02 12:49:25,419 [INFO] DbBoardsJson:85 - JSON generation date=Tue Nov 16 18:17:54 EET 2021 (1637079474)
2023-09-02 12:49:25,426 [INFO] DbBoards:117 - Found 166 boards (149 are supported by CubeMX)
2023-09-02 12:49:25,428 [INFO] DbBoardsDocs:145 - JSON generation date=Tue Nov 16 18:17:54 EET 2021 (1637079474)
2023-09-02 12:49:25,432 [INFO] DbBoardsDocs:81 - Found 209 boards documents
2023-09-02 12:49:25,434 [WARN] DbBoards:127 - board B-L475E-IOT01A2 has no document id list !
2023-09-02 12:49:25,435 [WARN] DbBoards:127 - board NUCLEO-H743ZI has no document id list !
2023-09-02 12:49:25,437 [WARN] DbBoards:127 - board P-NUCLEO-WB55-Nucleo has no document id list !
2023-09-02 12:49:25,437 [WARN] DbBoards:127 - board P-NUCLEO-WB55-USBDongle has no document id list !
2023-09-02 12:49:25,437 [WARN] DbBoards:127 - board STEVAL-BFA001V1B has no document id list !
2023-09-02 12:49:25,437 [WARN] DbBoards:127 - board STEVAL-BFA001V2B has no document id list !
2023-09-02 12:49:25,437 [WARN] DbBoards:127 - board STEVAL-IDP005V1 has no document id list !
2023-09-02 12:49:25,437 [WARN] DbBoards:127 - board STEVAL-IDP005V2 has no document id list !
2023-09-02 12:49:25,437 [WARN] DbBoards:127 - board STEVAL-MKSBOX1V1 has no document id list !
2023-09-02 12:49:25,437 [WARN] DbBoards:127 - board STEVAL-STWINKT1 has no document id list !
2023-09-02 12:49:25,437 [WARN] DbBoards:127 - board STEVAL-STWINKT1B has no document id list !
2023-09-02 12:49:25,437 [WARN] DbBoards:127 - board STM32439I-EVAL2 has no document id list !
2023-09-02 12:49:25,438 [WARN] DbBoards:127 - board STM32F401C-DISCO has no document id list !
2023-09-02 12:49:25,438 [WARN] DbBoards:127 - board STM32F769I-DISC1 has no document id list !
2023-09-02 12:49:25,439 [WARN] DbBoards:127 - board STM32G474E-EVAL1 has no document id list !
2023-09-02 12:49:25,439 [WARN] DbBoards:127 - board STM32H743I-EVAL2 has no document id list !
2023-09-02 12:49:25,439 [WARN] DbBoards:127 - board STM32H747I-DISC1 has no document id list !
2023-09-02 12:49:25,439 [WARN] DbBoards:127 - board STM32H753I-EVAL2 has no document id list !
2023-09-02 12:49:25,440 [WARN] DbBoards:127 - board STM32L-DISCOVERY has no document id list !
2023-09-02 12:49:25,534 [ERROR] DbBoards:189 - Image file not found for board B-L462E-CELL1: C:\ST\STM32CubeIDE_1.4.0\STM32CubeIDE\plugins\com.st.stm32cube.common.mx_6.0.0.202007160824\\db\/plugins/mcufinder/images/boards/B-L462E-CELL1_small.jpg
2023-09-02 12:49:25,577 [ERROR] DbBoards:189 - Image file not found for board B-U585I-IOT02A: C:\ST\STM32CubeIDE_1.4.0\STM32CubeIDE\plugins\com.st.stm32cube.common.mx_6.0.0.202007160824\\db\/plugins/mcufinder/images/boards/B-U585I-IOT02A_small.jpg
2023-09-02 12:49:25,703 [ERROR] DbBoards:189 - Image file not found for board NUCLEO-F413ZH: C:\ST\STM32CubeIDE_1.4.0\STM32CubeIDE\plugins\com.st.stm32cube.common.mx_6.0.0.202007160824\\db\/plugins/mcufinder/images/boards/nucleo-f413zh_small.jpg
2023-09-02 12:49:25,856 [ERROR] DbBoards:189 - Image file not found for board NUCLEO-L552ZE-Q: C:\ST\STM32CubeIDE_1.4.0\STM32CubeIDE\plugins\com.st.stm32cube.common.mx_6.0.0.202007160824\\db\/plugins/mcufinder/images/boards/nucleo_l552ze_q_small.jpg
2023-09-02 12:49:25,857 [ERROR] DbBoards:189 - Image file not found for board NUCLEO-U575ZI-Q: C:\ST\STM32CubeIDE_1.4.0\STM32CubeIDE\plugins\com.st.stm32cube.common.mx_6.0.0.202007160824\\db\/plugins/mcufinder/images/boards/nucleo-u575zi-q_small.jpg
2023-09-02 12:49:25,857 [ERROR] DbBoards:189 - Image file not found for board NUCLEO-WB15CC: C:\ST\STM32CubeIDE_1.4.0\STM32CubeIDE\plugins\com.st.stm32cube.common.mx_6.0.0.202007160824\\db\/plugins/mcufinder/images/boards/nucleo-wb15cc_small.jpg
2023-09-02 12:49:25,857 [ERROR] DbBoards:189 - Image file not found for board NUCLEO-WB55RG: C:\ST\STM32CubeIDE_1.4.0\STM32CubeIDE\plugins\com.st.stm32cube.common.mx_6.0.0.202007160824\\db\/plugins/mcufinder/images/boards/nucleo-wb55rg_small.jpg
2023-09-02 12:49:25,857 [ERROR] DbBoards:189 - Image file not found for board NUCLEO-WL55JC: C:\ST\STM32CubeIDE_1.4.0\STM32CubeIDE\plugins\com.st.stm32cube.common.mx_6.0.0.202007160824\\db\/plugins/mcufinder/images/boards/nucleo-wl55jc-small.jpg
2023-09-02 12:49:26,063 [ERROR] DbBoards:189 - Image file not found for board STEVAL-STWINKT1B: C:\ST\STM32CubeIDE_1.4.0\STM32CubeIDE\plugins\com.st.stm32cube.common.mx_6.0.0.202007160824\\db\/plugins/mcufinder/images/boards/steval-stwinkt1b_small.jpg
2023-09-02 12:49:26,465 [ERROR] DbBoards:189 - Image file not found for board STM32G0C1E-EV: C:\ST\STM32CubeIDE_1.4.0\STM32CubeIDE\plugins\com.st.stm32cube.common.mx_6.0.0.202007160824\\db\/plugins/mcufinder/images/boards/stm32g0c1e-eval_small.jpg
2023-09-02 12:49:26,561 [ERROR] DbBoards:189 - Image file not found for board STM32H7B3I-EVAL: C:\ST\STM32CubeIDE_1.4.0\STM32CubeIDE\plugins\com.st.stm32cube.common.mx_6.0.0.202007160824\\db\/plugins/mcufinder/images/boards/stm32h7b3ieval_small.jpg
2023-09-02 12:49:26,767 [ERROR] DbBoards:189 - Image file not found for board STM32U575I-EV: C:\ST\STM32CubeIDE_1.4.0\STM32CubeIDE\plugins\com.st.stm32cube.common.mx_6.0.0.202007160824\\db\/plugins/mcufinder/images/boards/stm32u575i-ev_small.jpg
2023-09-02 12:49:26,809 [ERROR] DbBoards:189 - Image file not found for board STM32WB5MM-DK: C:\ST\STM32CubeIDE_1.4.0\STM32CubeIDE\plugins\com.st.stm32cube.common.mx_6.0.0.202007160824\\db\/plugins/mcufinder/images/boards/STM32WB5MM-DK_small.jpg
2023-09-02 12:49:26,810 [INFO] ApiDb:201 - Load user favorites file C:\Users\20102/.stm32cubemx/favorites.boards.txt: 0 item(s)
2023-09-02 12:49:26,810 [INFO] ApiDb:205 - User favorites Boards=[]
2023-09-02 12:49:26,810 [INFO] DbBoards:206 - Set 0 / 0 favorites Boards
2023-09-02 12:49:26,812 [INFO] DbBoardsDocs:81 - Found 418 boards documents
2023-09-02 12:49:26,813 [INFO] ApiDb:226 - Save user favorites file C:\Users\20102/.stm32cubemx/favorites.boards.txt: 0 item(s)
2023-09-02 12:49:26,813 [INFO] ApiDb:230 - User favorites Boards=[]
2023-09-02 12:49:26,816 [INFO] DbBoardsPdsc:94 - Found 23 items
2023-09-02 12:49:26,817 [INFO] DbBoardsPdsc:94 - Found 9 items
2023-09-02 12:49:26,819 [INFO] DbBoardsPdsc:94 - Found 29 items
2023-09-02 12:49:26,820 [INFO] DbBoardsPdsc:94 - Found 1 items
2023-09-02 12:49:26,824 [INFO] DbBoardsPdsc:94 - Found 44 items
2023-09-02 12:49:26,827 [INFO] DbBoardsPdsc:94 - Found 40 items
2023-09-02 12:49:26,829 [INFO] DbBoardsPdsc:94 - Found 2 items
2023-09-02 12:49:26,830 [INFO] DbBoardsPdsc:94 - Found 4 items
2023-09-02 12:49:26,833 [WARN] DbBoardsPdsc:258 - Board STM32H7B3I-DK: unknown feature type=Audio, name=, username=Audio stereo codec with Headphone Amp (CS42L51-CNZ), n=1
2023-09-02 12:49:26,833 [WARN] DbBoardsPdsc:258 - Board STM32H735G-DK: unknown feature type=Audio, name=, username=Audio stereo codec with Headphone Amp (WM8994ECS/R), n=1
2023-09-02 12:49:26,835 [WARN] DbBoardsPdsc:258 - Board STM32H7B3I-EVAL: unknown feature type=Audio, name=, username=Multi-Channel Audio Codec (CS42L51-CNZ), n=1
2023-09-02 12:49:26,836 [WARN] DbBoardsPdsc:258 - Board STM32H7B3I-EVAL: unknown feature type=Meter, name=, username=Power-metering and Temperature-monitoring with sigma-delta modulators, n=1
2023-09-02 12:49:26,836 [WARN] DbBoardsPdsc:258 - Board STM32H7B3I-EVAL: unknown feature type=Motor, name=, username=Motor Control, n=1
2023-09-02 12:49:26,849 [INFO] DbBoardsJson:85 - JSON generation date=Tue Nov 16 18:17:54 EET 2021 (1637079474)
2023-09-02 12:49:26,854 [INFO] DbBoards:117 - Found 166 boards (149 are supported by CubeMX)
2023-09-02 12:49:26,855 [WARN] DbBoards:127 - board B-L475E-IOT01A2 has no document id list !
2023-09-02 12:49:26,855 [WARN] DbBoards:127 - board NUCLEO-H743ZI has no document id list !
2023-09-02 12:49:26,855 [WARN] DbBoards:127 - board P-NUCLEO-WB55-Nucleo has no document id list !
2023-09-02 12:49:26,855 [WARN] DbBoards:127 - board P-NUCLEO-WB55-USBDongle has no document id list !
2023-09-02 12:49:26,855 [WARN] DbBoards:127 - board STEVAL-BFA001V1B has no document id list !
2023-09-02 12:49:26,856 [WARN] DbBoards:127 - board STEVAL-BFA001V2B has no document id list !
2023-09-02 12:49:26,856 [WARN] DbBoards:127 - board STEVAL-IDP005V1 has no document id list !
2023-09-02 12:49:26,856 [WARN] DbBoards:127 - board STEVAL-IDP005V2 has no document id list !
2023-09-02 12:49:26,856 [WARN] DbBoards:127 - board STEVAL-MKSBOX1V1 has no document id list !
2023-09-02 12:49:26,856 [WARN] DbBoards:127 - board STEVAL-STWINKT1 has no document id list !
2023-09-02 12:49:26,856 [WARN] DbBoards:127 - board STEVAL-STWINKT1B has no document id list !
2023-09-02 12:49:26,856 [WARN] DbBoards:127 - board STM32439I-EVAL2 has no document id list !
2023-09-02 12:49:26,856 [WARN] DbBoards:127 - board STM32F401C-DISCO has no document id list !
2023-09-02 12:49:26,856 [WARN] DbBoards:127 - board STM32F769I-DISC1 has no document id list !
2023-09-02 12:49:26,856 [WARN] DbBoards:127 - board STM32G474E-EVAL1 has no document id list !
2023-09-02 12:49:26,857 [WARN] DbBoards:127 - board STM32H743I-EVAL2 has no document id list !
2023-09-02 12:49:26,857 [WARN] DbBoards:127 - board STM32H747I-DISC1 has no document id list !
2023-09-02 12:49:26,857 [WARN] DbBoards:127 - board STM32H753I-EVAL2 has no document id list !
2023-09-02 12:49:26,857 [WARN] DbBoards:127 - board STM32L-DISCOVERY has no document id list !
2023-09-02 12:49:26,893 [ERROR] DbBoards:189 - Image file not found for board B-L462E-CELL1: C:\ST\STM32CubeIDE_1.4.0\STM32CubeIDE\plugins\com.st.stm32cube.common.mx_6.0.0.202007160824\\db\/plugins/mcufinder/images/boards/B-L462E-CELL1_small.jpg
2023-09-02 12:49:26,923 [ERROR] DbBoards:189 - Image file not found for board B-U585I-IOT02A: C:\ST\STM32CubeIDE_1.4.0\STM32CubeIDE\plugins\com.st.stm32cube.common.mx_6.0.0.202007160824\\db\/plugins/mcufinder/images/boards/B-U585I-IOT02A_small.jpg
2023-09-02 12:49:26,985 [ERROR] DbBoards:189 - Image file not found for board NUCLEO-F413ZH: C:\ST\STM32CubeIDE_1.4.0\STM32CubeIDE\plugins\com.st.stm32cube.common.mx_6.0.0.202007160824\\db\/plugins/mcufinder/images/boards/nucleo-f413zh_small.jpg
2023-09-02 12:49:27,182 [ERROR] DbBoards:189 - Image file not found for board NUCLEO-L552ZE-Q: C:\ST\STM32CubeIDE_1.4.0\STM32CubeIDE\plugins\com.st.stm32cube.common.mx_6.0.0.202007160824\\db\/plugins/mcufinder/images/boards/nucleo_l552ze_q_small.jpg
2023-09-02 12:49:27,182 [ERROR] DbBoards:189 - Image file not found for board NUCLEO-U575ZI-Q: C:\ST\STM32CubeIDE_1.4.0\STM32CubeIDE\plugins\com.st.stm32cube.common.mx_6.0.0.202007160824\\db\/plugins/mcufinder/images/boards/nucleo-u575zi-q_small.jpg
2023-09-02 12:49:27,182 [ERROR] DbBoards:189 - Image file not found for board NUCLEO-WB15CC: C:\ST\STM32CubeIDE_1.4.0\STM32CubeIDE\plugins\com.st.stm32cube.common.mx_6.0.0.202007160824\\db\/plugins/mcufinder/images/boards/nucleo-wb15cc_small.jpg
2023-09-02 12:49:27,182 [ERROR] DbBoards:189 - Image file not found for board NUCLEO-WB55RG: C:\ST\STM32CubeIDE_1.4.0\STM32CubeIDE\plugins\com.st.stm32cube.common.mx_6.0.0.202007160824\\db\/plugins/mcufinder/images/boards/nucleo-wb55rg_small.jpg
2023-09-02 12:49:27,182 [ERROR] DbBoards:189 - Image file not found for board NUCLEO-WL55JC: C:\ST\STM32CubeIDE_1.4.0\STM32CubeIDE\plugins\com.st.stm32cube.common.mx_6.0.0.202007160824\\db\/plugins/mcufinder/images/boards/nucleo-wl55jc-small.jpg
2023-09-02 12:49:27,273 [ERROR] DbBoards:189 - Image file not found for board STEVAL-STWINKT1B: C:\ST\STM32CubeIDE_1.4.0\STM32CubeIDE\plugins\com.st.stm32cube.common.mx_6.0.0.202007160824\\db\/plugins/mcufinder/images/boards/steval-stwinkt1b_small.jpg
2023-09-02 12:49:27,465 [ERROR] DbBoards:189 - Image file not found for board STM32G0C1E-EV: C:\ST\STM32CubeIDE_1.4.0\STM32CubeIDE\plugins\com.st.stm32cube.common.mx_6.0.0.202007160824\\db\/plugins/mcufinder/images/boards/stm32g0c1e-eval_small.jpg
2023-09-02 12:49:27,525 [ERROR] DbBoards:189 - Image file not found for board STM32H7B3I-EVAL: C:\ST\STM32CubeIDE_1.4.0\STM32CubeIDE\plugins\com.st.stm32cube.common.mx_6.0.0.202007160824\\db\/plugins/mcufinder/images/boards/stm32h7b3ieval_small.jpg
2023-09-02 12:49:27,639 [ERROR] DbBoards:189 - Image file not found for board STM32U575I-EV: C:\ST\STM32CubeIDE_1.4.0\STM32CubeIDE\plugins\com.st.stm32cube.common.mx_6.0.0.202007160824\\db\/plugins/mcufinder/images/boards/stm32u575i-ev_small.jpg
2023-09-02 12:49:27,657 [ERROR] DbBoards:189 - Image file not found for board STM32WB5MM-DK: C:\ST\STM32CubeIDE_1.4.0\STM32CubeIDE\plugins\com.st.stm32cube.common.mx_6.0.0.202007160824\\db\/plugins/mcufinder/images/boards/STM32WB5MM-DK_small.jpg
2023-09-02 12:49:27,657 [INFO] ApiDb:201 - Load user favorites file C:\Users\20102/.stm32cubemx/favorites.boards.txt: 0 item(s)
2023-09-02 12:49:27,657 [INFO] ApiDb:205 - User favorites Boards=[]
2023-09-02 12:49:27,657 [INFO] DbBoards:206 - Set 0 / 0 favorites Boards
2023-09-02 12:49:27,790 [INFO] DbExamplesSqlite:156 - SQLite db open (C:\Users\20102\.stmcufinder\plugins\mcufinder\mcu\cube-finder-db.db)
2023-09-02 12:49:28,635 [INFO] DbExamplesSqlite:447 - Ignored 0 examples not supported by CubeIDE
2023-09-02 12:49:28,636 [INFO] DbExamplesSqlite:448 - Found 7231 examples active
2023-09-02 12:49:28,636 [INFO] DbExamplesSqlite:449 - Found 677 examples obsolete
2023-09-02 12:49:28,636 [INFO] DbExamplesSqlite:450 - Found 0 examples under development
2023-09-02 12:49:28,636 [INFO] DbExamplesSqlite:451 - Found 74 examples not building
2023-09-02 12:49:28,710 [INFO] DbExamplesSqlite:130 - SQLite Data Model version=2.1
2023-09-02 12:49:28,710 [INFO] DbExamplesSqlite:131 - SQLite Configuration version=3.0.37
2023-09-02 12:49:28,710 [INFO] DbExamplesSqlite:132 - SQLite generation date=2023-08-09 (1691586011)
2023-09-02 12:49:28,710 [INFO] DbExamplesSqlite:133 - SQLite FW Pack versions=[FP-ATR-ASTRA1_V2.0.0, FP-SNS-FLIGHT1_V5.0.1, FP-SNS-FLIGHT1_V5.0.2, FP-SNS-MOTENV1_V4.3.1, FP-SNS-MOTENV1_V4.3.2, STM32Cube_FW_C0_V1.1.0, STM32Cube_FW_F4_V1.27.1, STM32Cube_FW_F7_V1.17.0, STM32Cube_FW_G0_V1.6.1, STM32Cube_FW_G4_V1.5.1, STM32Cube_FW_H5_V0.5.1, STM32Cube_FW_H5_V1.1.0, STM32Cube_FW_H7_V1.11.0, STM32Cube_FW_L0_V1.12.2, STM32Cube_FW_L5_V1.5.0, STM32Cube_FW_U5_V1.3.0, STM32Cube_FW_U5_V1.3.0RC4, STM32Cube_FW_WBA_V1.0.0RC1, STM32Cube_FW_WBA_V1.1.0, STM32Cube_FW_WBA_V1.1.0RC1, STM32Cube_FW_WB_V1.15.0RC1, STM32Cube_FW_WB_V1.16.0, STM32Cube_FW_WB_V1.16.0RC2, STM32Cube_FW_WB_V1.17.0, STM32Cube_FW_WL_V1.3.0, X-CUBE-ALGOBUILD_V1.3.0, X-CUBE-ALS_V1.0.1, X-CUBE-AZRTOS-F4_V1.1.0, X-CUBE-AZRTOS-F7_V1.1.0, X-CUBE-AZRTOS-G0_V1.1.0, X-CUBE-AZRTOS-G4_V2.0.0, X-CUBE-AZRTOS-H7_V3.1.0, X-CUBE-AZRTOS-L4_V1.0.0, X-CUBE-AZRTOS-L4_V2.0.0, X-CUBE-AZRTOS-L5_V1.1.0, X-CUBE-AZRTOS-WB_V1.1.0, X-CUBE-AZRTOS-WL_V2.0.0, X-CUBE-BLE1_V7.0.0, X-CUBE-BLE2_V3.3.0, X-CUBE-BLEMGR_V2.0.0, X-CUBE-EEPRMA1_V4.1.0, X-CUBE-FREERTOS_V1.1.0, X-CUBE-GNSS1_V6.0.0, X-CUBE-MEMS1_V9.1.0, X-CUBE-MEMS1_V9.4.0, X-CUBE-MEMS1_V9.6.0, X-CUBE-NFC4_V3.0.0, X-CUBE-NFC7_V1.0.0, X-CUBE-SFXS2LP1_V4.0.0, X-CUBE-SUBG2_V5.0.0, X-CUBE-TOF1_V3.3.1]
2023-09-02 12:49:28,711 [INFO] DbExamples:123 - Found 7305 examples
2023-09-02 12:49:29,122 [ERROR] DbExamples:199 - Found 7305 examples with invalid data (board or MCU)
2023-09-02 12:49:29,122 [INFO] DbExamples:215 - Found 77 boards with related examples
2023-09-02 12:49:29,123 [INFO] DbExamples:228 - Found 0 MCUs with related examples
2023-09-02 12:49:29,153 [INFO] ApiDb:192 - User favorites file not found: C:\Users\20102/.stm32cubemx/favorites.examples.txt
2023-09-02 12:49:29,153 [INFO] DbExamples:249 - Set 0 / 0 favorites Examples
2023-09-02 12:49:29,553 [INFO] McuFinderGlobals:40 - Set McuFinder mode to 2 (CubeIDE integrated)
2023-09-02 12:49:29,790 [INFO] CrossSelectorPresenter:1330 - Cross Selector saved comparison directory: C:\Users\20102\.stmcufinder\plugins\mcufinder\mcu\cs_comparisons_mx
2023-09-02 12:49:29,796 [INFO] MultiScanPanel:193 - Auto-refresh data requested => check proxy status ongoing
2023-09-02 12:49:29,824 [INFO] FinderPluginLoader:87 - Searching for filters in installed packs
2023-09-02 12:49:30,334 [INFO] LoadUrlFilesThread:162 - End of LoadServerUrlFiles without Thread
2023-09-02 12:49:30,356 [INFO] DetailPanel:331 - Set advertising image to C:/Users/20102/STM32Cube/Repository/\stm32cubemx-promo_image.jpg
2023-09-02 12:49:30,723 [INFO] McuFilterPanel:245 - Update 0 favorites MCUs
2023-09-02 12:49:59,499 [INFO] LogOutputStream:76 - [STDOUT_REDIRECT] withoutVersionV1.8.4
2023-09-02 12:49:59,499 [INFO] LogOutputStream:76 - [STDOUT_REDIRECT] withoutVersionV1.8.3
2023-09-02 12:49:59,500 [INFO] LogOutputStream:76 - [STDOUT_REDIRECT] withoutVersionV1.8.2
2023-09-02 12:49:59,501 [INFO] LogOutputStream:76 - [STDOUT_REDIRECT] withoutVersionV1.8.1
2023-09-02 12:49:59,501 [INFO] LogOutputStream:76 - [STDOUT_REDIRECT] withoutVersionV1.8.0
2023-09-02 12:50:06,281 [INFO] ApiDb:226 - Save user favorites file C:\Users\20102/.stm32cubeide/favorites.mcus.txt: 0 item(s)
2023-09-02 12:50:06,282 [INFO] ApiDb:230 - User favorites MCUs=[]
